Log file open, 09/29/22 14:29:29
LogWindows: Failed to load 'aqProf.dll' (GetLastError=126)
LogWindows: File 'aqProf.dll' does not exist
LogWindows: Failed to load 'VtuneApi.dll' (GetLastError=126)
LogWindows: File 'VtuneApi.dll' does not exist
LogWindows: Failed to load 'VtuneApi32e.dll' (GetLastError=126)
LogWindows: File 'VtuneApi32e.dll' does not exist
LogConsoleResponse: Display: Failed to find resolution value strings in scalability ini. Falling back to default.
LogConsoleResponse: Display: Failed to find resolution value strings in scalability ini. Falling back to default.
LogInit: Display: Running engine for game: OutOfSight
LogPlatformFile: Not using cached read wrapper
LogTaskGraph: Started task graph with 5 named threads and 35 total threads with 3 sets of task threads.
LogStats: Stats thread started at 0.260315
LogICUInternationalization: ICU TimeZone Detection - Raw Offset: -4:00, Platform Override: ''
LogInit: Display: Loading text-based GConfig....
LogPluginManager: Mounting plugin MeshPainting
LogPluginManager: Mounting plugin XGEController
LogPluginManager: Mounting plugin Paper2D
LogPluginManager: Mounting plugin AISupport
LogPluginManager: Mounting plugin EnvironmentQueryEditor
LogPluginManager: Mounting plugin LightPropagationVolume
LogPluginManager: Mounting plugin OodleData
LogPluginManager: Mounting plugin OodleNetwork
LogPluginManager: Mounting plugin CLionSourceCodeAccess
LogPluginManager: Mounting plugin AnimationSharing
LogPluginManager: Mounting plugin CodeLiteSourceCodeAccess
LogPluginManager: Mounting plugin GitSourceControl
LogPluginManager: Mounting plugin KDevelopSourceCodeAccess
LogPluginManager: Mounting plugin NullSourceCodeAccess
LogPluginManager: Mounting plugin PixWinPlugin
LogPluginManager: Mounting plugin PerforceSourceControl
LogPluginManager: Mounting plugin PlasticSourceControl
LogPluginManager: Mounting plugin PluginUtils
LogPluginManager: Mounting plugin PropertyAccessNode
LogPluginManager: Mounting plugin RiderSourceCodeAccess
LogPluginManager: Mounting plugin TextureFormatOodle
LogPluginManager: Mounting plugin UObjectPlugin
LogPluginManager: Mounting plugin AssetManagerEditor
LogPluginManager: Mounting plugin VisualStudioCodeSourceCodeAccess
LogPluginManager: Mounting plugin XCodeSourceCodeAccess
LogPluginManager: Mounting plugin SubversionSourceControl
LogPluginManager: Mounting plugin VisualStudioSourceCodeAccess
LogPluginManager: Mounting plugin CurveEditorTools
LogPluginManager: Mounting plugin CryptoKeys
LogPluginManager: Mounting plugin DataValidation
LogPluginManager: Mounting plugin FacialAnimation
LogPluginManager: Mounting plugin MacGraphicsSwitching
LogPluginManager: Mounting plugin GameplayTagsEditor
LogPluginManager: Mounting plugin GeometryMode
LogPluginManager: Mounting plugin MaterialAnalyzer
LogPluginManager: Mounting plugin MobileLauncherProfileWizard
LogPluginManager: Mounting plugin SpeedTreeImporter
LogPluginManager: Mounting plugin PluginBrowser
LogPluginManager: Mounting plugin DatasmithContent
LogPluginManager: Mounting plugin AlembicImporter
LogPluginManager: Mounting plugin VariantManagerContent
LogPluginManager: Mounting plugin AutomationUtils
LogPluginManager: Mounting plugin BackChannel
LogPluginManager: Mounting plugin ChaosCloth
LogPluginManager: Mounting plugin ChaosEditor
LogPluginManager: Mounting plugin ChaosClothEditor
LogPluginManager: Mounting plugin ChaosNiagara
LogPluginManager: Mounting plugin ChaosSolverPlugin
LogPluginManager: Mounting plugin CharacterAI
LogPluginManager: Mounting plugin Niagara
LogPluginManager: Mounting plugin GeometryCache
LogPluginManager: Mounting plugin GeometryCollectionPlugin
LogPluginManager: Mounting plugin GeometryProcessing
LogPluginManager: Mounting plugin MotoSynth
LogPluginManager: Mounting plugin OpenImageDenoise
LogPluginManager: Mounting plugin PlanarCut
LogPluginManager: Mounting plugin ProxyLODPlugin
LogPluginManager: Mounting plugin PlatformCrypto
LogPluginManager: Mounting plugin PythonScriptPlugin
LogPluginManager: Mounting plugin SkeletalReduction
LogPluginManager: Mounting plugin MagicLeap
LogPluginManager: Mounting plugin LuminPlatformFeatures
LogPluginManager: Mounting plugin MagicLeapLightEstimation
LogPluginManager: Mounting plugin MagicLeapMedia
LogPluginManager: Mounting plugin MagicLeapPassableWorld
LogPluginManager: Mounting plugin MLSDK
LogPluginManager: Mounting plugin AndroidMedia
LogPluginManager: Mounting plugin AvfMedia
LogPluginManager: Mounting plugin ImgMedia
LogPluginManager: Mounting plugin MediaCompositing
LogPluginManager: Mounting plugin MediaPlayerEditor
LogPluginManager: Mounting plugin WebMMedia
LogPluginManager: Mounting plugin WmfMedia
LogPluginManager: Mounting plugin UdpMessaging
LogPluginManager: Mounting plugin TcpMessaging
LogPluginManager: Mounting plugin ActorSequence
LogPluginManager: Mounting plugin MatineeToLevelSequence
LogPluginManager: Mounting plugin LevelSequenceEditor
LogPluginManager: Mounting plugin TemplateSequence
LogPluginManager: Mounting plugin OnlineSubsystem
LogPluginManager: Mounting plugin OnlineSubsystemNull
LogPluginManager: Mounting plugin LauncherChunkInstaller
LogPluginManager: Mounting plugin OnlineSubsystemUtils
LogPluginManager: Mounting plugin ActorLayerUtilities
LogPluginManager: Mounting plugin AndroidDeviceProfileSelector
LogPluginManager: Mounting plugin AndroidMoviePlayer
LogPluginManager: Mounting plugin AndroidPermission
LogPluginManager: Mounting plugin AppleImageUtils
LogPluginManager: Mounting plugin AppleMoviePlayer
LogPluginManager: Mounting plugin ArchVisCharacter
LogPluginManager: Mounting plugin AssetTags
LogPluginManager: Mounting plugin AudioCapture
LogPluginManager: Mounting plugin AudioSynesthesia
LogPluginManager: Mounting plugin ChunkDownloader
LogPluginManager: Mounting plugin CableComponent
LogPluginManager: Mounting plugin CustomMeshComponent
LogPluginManager: Mounting plugin EditableMesh
LogPluginManager: Mounting plugin ExampleDeviceProfileSelector
LogPluginManager: Mounting plugin GoogleCloudMessaging
LogPluginManager: Mounting plugin GooglePAD
LogPluginManager: Mounting plugin IOSDeviceProfileSelector
LogPluginManager: Mounting plugin LinuxDeviceProfileSelector
LogPluginManager: Mounting plugin LocationServicesBPLibrary
LogPluginManager: Mounting plugin MobilePatchingUtils
LogPluginManager: Mounting plugin OpenXR
LogPluginManager: Mounting plugin OpenXREyeTracker
LogPluginManager: Mounting plugin OpenXRHandTracking
LogPluginManager: Mounting plugin PostSplashScreen
LogPluginManager: Mounting plugin PhysXVehicles
LogPluginManager: Mounting plugin ProceduralMeshComponent
LogPluginManager: Mounting plugin PropertyAccessEditor
LogPluginManager: Mounting plugin RuntimePhysXCooking
LogPluginManager: Mounting plugin SignificanceManager
LogPluginManager: Mounting plugin SoundFields
LogPluginManager: Mounting plugin Synthesis
LogPluginManager: Mounting plugin WebMMoviePlayer
LogPluginManager: Mounting plugin WindowsMoviePlayer
LogPluginManager: Mounting plugin ScreenshotTools
LogPluginManager: Mounting plugin Takes
LogPluginManager: Mounting plugin GameplayCameras
LogPluginManager: Mounting plugin CameraShakePreviewer
LogPluginManager: Mounting plugin LiveLink
LogPluginManager: Mounting plugin ContentBrowserAssetDataSource
LogPluginManager: Mounting plugin ContentBrowserClassDataSource
LogPluginManager: Mounting plugin ContentBrowserFileDataSource
LogPluginManager: Mounting plugin OnlineSubsystemGooglePlay
LogPluginManager: Mounting plugin OnlineSubsystemIOS
LogPluginManager: Mounting plugin OculusVR
LogPluginManager: Mounting plugin SteamVR
PixWinPlugin: PIX capture plugin failed to initialize! Check that the process is launched from PIX.
LogInit: Using libcurl 7.55.1-DEV
LogInit:  - built for x86_64-pc-win32
LogInit:  - supports SSL with OpenSSL/1.1.1
LogInit:  - supports HTTP deflate (compression) using libz 1.2.8
LogInit:  - other features:
LogInit:      CURL_VERSION_SSL
LogInit:      CURL_VERSION_LIBZ
LogInit:      CURL_VERSION_IPV6
LogInit:      CURL_VERSION_ASYNCHDNS
LogInit:      CURL_VERSION_LARGEFILE
LogInit:      CURL_VERSION_IDN
LogInit:  CurlRequestOptions (configurable via config and command line):
LogInit:  - bVerifyPeer = true  - Libcurl will verify peer certificate
LogInit:  - bUseHttpProxy = false  - Libcurl will NOT use HTTP proxy
LogInit:  - bDontReuseConnections = false  - Libcurl will reuse connections
LogInit:  - MaxHostConnections = 16  - Libcurl will limit the number of connections to a host
LogInit:  - LocalHostAddr = Default
LogInit:  - BufferSize = 65536
LogOnline: OSS: Creating online subsystem instance for: NULL
LogInit: WinSock: version 1.1 (2.2), MaxSocks=32767, MaxUdp=65467
LogOnline: OSS: TryLoadSubsystemAndSetDefault: Loaded subsystem for module [NULL]
LogOculusPluginWrapper: OculusPlugin initialized successfully
LogHMD: Failed initializing OVRPlugin 1.59.0
LogInit: Build: ++UE4+Release-4.27-CL-18319896
LogInit: Engine Version: 4.27.2-18319896+++UE4+Release-4.27
LogInit: Compatible Engine Version: 4.27.0-17155196+++UE4+Release-4.27
LogInit: Net CL: 17155196
LogInit: OS: Windows 10 (Release 2009) (), CPU: AMD Ryzen 5 2600 Six-Core Processor            , GPU: NVIDIA GeForce GTX 1080
LogInit: Compiled (64-bit): Nov 30 2021 07:12:08
LogInit: Compiled with Visual C++: 19.24.28315.00
LogInit: Build Configuration: Development
LogInit: Branch Name: ++UE4+Release-4.27
LogInit: Command Line: 
LogInit: Base Directory: E:/PROGRAMS/Unreal Engine/UE_4.27/Engine/Binaries/Win64/
LogInit: Allocator: TBB
LogInit: Installed Engine Build: 1
LogDevObjectVersion: Number of dev versions registered: 29
LogDevObjectVersion:   Dev-Blueprints (B0D832E4-1F89-4F0D-ACCF-7EB736FD4AA2): 10
LogDevObjectVersion:   Dev-Build (E1C64328-A22C-4D53-A36C-8E866417BD8C): 0
LogDevObjectVersion:   Dev-Core (375EC13C-06E4-48FB-B500-84F0262A717E): 4
LogDevObjectVersion:   Dev-Editor (E4B068ED-F494-42E9-A231-DA0B2E46BB41): 40
LogDevObjectVersion:   Dev-Framework (CFFC743F-43B0-4480-9391-14DF171D2073): 37
LogDevObjectVersion:   Dev-Mobile (B02B49B5-BB20-44E9-A304-32B752E40360): 3
LogDevObjectVersion:   Dev-Networking (A4E4105C-59A1-49B5-A7C5-40C4547EDFEE): 0
LogDevObjectVersion:   Dev-Online (39C831C9-5AE6-47DC-9A44-9C173E1C8E7C): 0
LogDevObjectVersion:   Dev-Physics (78F01B33-EBEA-4F98-B9B4-84EACCB95AA2): 14
LogDevObjectVersion:   Dev-Platform (6631380F-2D4D-43E0-8009-CF276956A95A): 0
LogDevObjectVersion:   Dev-Rendering (12F88B9F-8875-4AFC-A67C-D90C383ABD29): 45
LogDevObjectVersion:   Dev-Sequencer (7B5AE74C-D270-4C10-A958-57980B212A5A): 13
LogDevObjectVersion:   Dev-VR (D7296918-1DD6-4BDD-9DE2-64A83CC13884): 3
LogDevObjectVersion:   Dev-LoadTimes (C2A15278-BFE7-4AFE-6C17-90FF531DF755): 1
LogDevObjectVersion:   Private-Geometry (6EACA3D4-40EC-4CC1-B786-8BED09428FC5): 3
LogDevObjectVersion:   Dev-AnimPhys (29E575DD-E0A3-4627-9D10-D276232CDCEA): 17
LogDevObjectVersion:   Dev-Anim (AF43A65D-7FD3-4947-9873-3E8ED9C1BB05): 15
LogDevObjectVersion:   Dev-ReflectionCapture (6B266CEC-1EC7-4B8F-A30B-E4D90942FC07): 1
LogDevObjectVersion:   Dev-Automation (0DF73D61-A23F-47EA-B727-89E90C41499A): 1
LogDevObjectVersion:   FortniteMain (601D1886-AC64-4F84-AA16-D3DE0DEAC7D6): 47
LogDevObjectVersion:   FortniteRelease (E7086368-6B23-4C58-8439-1B7016265E91): 1
LogDevObjectVersion:   Dev-Enterprise (9DFFBCD6-494F-0158-E221-12823C92A888): 10
LogDevObjectVersion:   Dev-Niagara (F2AED0AC-9AFE-416F-8664-AA7FFA26D6FC): 1
LogDevObjectVersion:   Dev-Destruction (174F1F0B-B4C6-45A5-B13F-2EE8D0FB917D): 10
LogDevObjectVersion:   Dev-Physics-Ext (35F94A83-E258-406C-A318-09F59610247C): 41
LogDevObjectVersion:   Dev-PhysicsMaterial-Chaos (B68FC16E-8B1B-42E2-B453-215C058844FE): 1
LogDevObjectVersion:   Dev-CineCamera (B2E18506-4273-CFC2-A54E-F4BB758BBA07): 1
LogDevObjectVersion:   Dev-VirtualProduction (64F58936-FD1B-42BA-BA96-7289D5D0FA4E): 1
LogDevObjectVersion:   Dev-MediaFramework (6F0ED827-A609-4895-9C91-998D90180EA4): 2
LogInit: Presizing for max 25165824 objects, including 0 objects not considered by GC, pre-allocating 0 bytes for permanent pool.
LogConfig: Applying CVar settings from Section [/Script/Engine.StreamingSettings] File [E:/UnrealProjects(git)/OutOfSight/OutOfSight/Saved/Config/Windows/Engine.ini]
LogConfig: Setting CVar [[s.MinBulkDataSizeForAsyncLoading:131072]]
LogConfig: Setting CVar [[s.AsyncLoadingThreadEnabled:0]]
LogConfig: Setting CVar [[s.EventDrivenLoaderEnabled:1]]
LogConfig: Setting CVar [[s.WarnIfTimeLimitExceeded:0]]
LogConfig: Setting CVar [[s.TimeLimitExceededMultiplier:1.5]]
LogConfig: Setting CVar [[s.TimeLimitExceededMinTime:0.005]]
LogConfig: Setting CVar [[s.UseBackgroundLevelStreaming:1]]
LogConfig: Setting CVar [[s.PriorityAsyncLoadingExtraTime:15.0]]
LogConfig: Setting CVar [[s.LevelStreamingActorsUpdateTimeLimit:5.0]]
LogConfig: Setting CVar [[s.PriorityLevelStreamingActorsUpdateExtraTime:5.0]]
LogConfig: Setting CVar [[s.LevelStreamingComponentsRegistrationGranularity:10]]
LogConfig: Setting CVar [[s.UnregisterComponentsTimeLimit:1.0]]
LogConfig: Setting CVar [[s.LevelStreamingComponentsUnregistrationGranularity:5]]
LogConfig: Setting CVar [[s.FlushStreamingOnExit:1]]
LogInit: Object subsystem initialized
LogConfig: Setting CVar [[con.DebugEarlyDefault:1]]
LogConfig: Setting CVar [[r.setres:1280x720]]
[2022.09.29-17.29.30:316][  0]LogConfig: Setting CVar [[r.VSync:0]]
[2022.09.29-17.29.30:316][  0]LogConfig: Setting CVar [[r.RHICmdBypass:0]]
[2022.09.29-17.29.30:316][  0]LogConfig: Applying CVar settings from Section [/Script/Engine.RendererSettings] File [E:/UnrealProjects(git)/OutOfSight/OutOfSight/Saved/Config/Windows/Engine.ini]
[2022.09.29-17.29.30:316][  0]LogConfig: Setting CVar [[r.GPUCrashDebugging:0]]
[2022.09.29-17.29.30:316][  0]LogConfig: Applying CVar settings from Section [/Script/Engine.RendererOverrideSettings] File [E:/UnrealProjects(git)/OutOfSight/OutOfSight/Saved/Config/Windows/Engine.ini]
[2022.09.29-17.29.30:316][  0]LogConfig: Applying CVar settings from Section [/Script/Engine.StreamingSettings] File [E:/UnrealProjects(git)/OutOfSight/OutOfSight/Saved/Config/Windows/Engine.ini]
[2022.09.29-17.29.30:316][  0]LogConfig: Setting CVar [[s.MinBulkDataSizeForAsyncLoading:131072]]
[2022.09.29-17.29.30:316][  0]LogConfig: Setting CVar [[s.AsyncLoadingThreadEnabled:0]]
[2022.09.29-17.29.30:316][  0]LogConfig: Setting CVar [[s.EventDrivenLoaderEnabled:1]]
[2022.09.29-17.29.30:316][  0]LogConfig: Setting CVar [[s.WarnIfTimeLimitExceeded:0]]
[2022.09.29-17.29.30:316][  0]LogConfig: Setting CVar [[s.TimeLimitExceededMultiplier:1.5]]
[2022.09.29-17.29.30:316][  0]LogConfig: Setting CVar [[s.TimeLimitExceededMinTime:0.005]]
[2022.09.29-17.29.30:316][  0]LogConfig: Setting CVar [[s.UseBackgroundLevelStreaming:1]]
[2022.09.29-17.29.30:316][  0]LogConfig: Setting CVar [[s.PriorityAsyncLoadingExtraTime:15.0]]
[2022.09.29-17.29.30:316][  0]LogConfig: Setting CVar [[s.LevelStreamingActorsUpdateTimeLimit:5.0]]
[2022.09.29-17.29.30:316][  0]LogConfig: Setting CVar [[s.PriorityLevelStreamingActorsUpdateExtraTime:5.0]]
[2022.09.29-17.29.30:316][  0]LogConfig: Setting CVar [[s.LevelStreamingComponentsRegistrationGranularity:10]]
[2022.09.29-17.29.30:316][  0]LogConfig: Setting CVar [[s.UnregisterComponentsTimeLimit:1.0]]
[2022.09.29-17.29.30:316][  0]LogConfig: Setting CVar [[s.LevelStreamingComponentsUnregistrationGranularity:5]]
[2022.09.29-17.29.30:316][  0]LogConfig: Setting CVar [[s.FlushStreamingOnExit:1]]
[2022.09.29-17.29.30:316][  0]LogConfig: Applying CVar settings from Section [/Script/Engine.GarbageCollectionSettings] File [E:/UnrealProjects(git)/OutOfSight/OutOfSight/Saved/Config/Windows/Engine.ini]
[2022.09.29-17.29.30:316][  0]LogConfig: Setting CVar [[gc.MaxObjectsNotConsideredByGC:1]]
[2022.09.29-17.29.30:316][  0]LogConfig: Setting CVar [[gc.SizeOfPermanentObjectPool:0]]
[2022.09.29-17.29.30:316][  0]LogConfig: Setting CVar [[gc.FlushStreamingOnGC:0]]
[2022.09.29-17.29.30:316][  0]LogConfig: Setting CVar [[gc.NumRetriesBeforeForcingGC:10]]
[2022.09.29-17.29.30:316][  0]LogConfig: Setting CVar [[gc.AllowParallelGC:1]]
[2022.09.29-17.29.30:316][  0]LogConfig: Setting CVar [[gc.TimeBetweenPurgingPendingKillObjects:61.1]]
[2022.09.29-17.29.30:316][  0]LogConfig: Setting CVar [[gc.MaxObjectsInEditor:25165824]]
[2022.09.29-17.29.30:317][  0]LogConfig: Setting CVar [[gc.IncrementalBeginDestroyEnabled:1]]
[2022.09.29-17.29.30:317][  0]LogConfig: Setting CVar [[gc.CreateGCClusters:1]]
[2022.09.29-17.29.30:317][  0]LogConfig: Setting CVar [[gc.MinGCClusterSize:5]]
[2022.09.29-17.29.30:317][  0]LogConfig: Setting CVar [[gc.ActorClusteringEnabled:0]]
[2022.09.29-17.29.30:317][  0]LogConfig: Setting CVar [[gc.BlueprintClusteringEnabled:0]]
[2022.09.29-17.29.30:317][  0]LogConfig: Setting CVar [[gc.UseDisregardForGCOnDedicatedServers:0]]
[2022.09.29-17.29.30:317][  0]LogConfig: Setting CVar [[gc.MultithreadedDestructionEnabled:1]]
[2022.09.29-17.29.30:317][  0]LogConfig: Applying CVar settings from Section [/Script/Engine.NetworkSettings] File [E:/UnrealProjects(git)/OutOfSight/OutOfSight/Saved/Config/Windows/Engine.ini]
[2022.09.29-17.29.30:317][  0]LogConfig: Applying CVar settings from Section [/Script/UnrealEd.CookerSettings] File [E:/UnrealProjects(git)/OutOfSight/OutOfSight/Saved/Config/Windows/Engine.ini]
[2022.09.29-17.29.30:353][  0]LogConfig: Applying CVar settings from Section [ViewDistanceQuality@3] File [E:/UnrealProjects(git)/OutOfSight/OutOfSight/Saved/Config/Windows/Scalability.ini]
[2022.09.29-17.29.30:353][  0]LogConfig: Setting CVar [[r.SkeletalMeshLODBias:0]]
[2022.09.29-17.29.30:353][  0]LogConfig: Setting CVar [[r.ViewDistanceScale:1.0]]
[2022.09.29-17.29.30:353][  0]LogConfig: Applying CVar settings from Section [AntiAliasingQuality@3] File [E:/UnrealProjects(git)/OutOfSight/OutOfSight/Saved/Config/Windows/Scalability.ini]
[2022.09.29-17.29.30:353][  0]LogConfig: Setting CVar [[r.PostProcessAAQuality:4]]
[2022.09.29-17.29.30:353][  0]LogConfig: Applying CVar settings from Section [ShadowQuality@3] File [E:/UnrealProjects(git)/OutOfSight/OutOfSight/Saved/Config/Windows/Scalability.ini]
[2022.09.29-17.29.30:353][  0]LogConfig: Setting CVar [[r.LightFunctionQuality:1]]
[2022.09.29-17.29.30:353][  0]LogConfig: Setting CVar [[r.ShadowQuality:5]]
[2022.09.29-17.29.30:353][  0]LogConfig: Setting CVar [[r.Shadow.CSM.MaxCascades:10]]
[2022.09.29-17.29.30:354][  0]LogConfig: Setting CVar [[r.Shadow.MaxResolution:2048]]
[2022.09.29-17.29.30:354][  0]LogConfig: Setting CVar [[r.Shadow.MaxCSMResolution:2048]]
[2022.09.29-17.29.30:354][  0]LogConfig: Setting CVar [[r.Shadow.RadiusThreshold:0.01]]
[2022.09.29-17.29.30:354][  0]LogConfig: Setting CVar [[r.Shadow.DistanceScale:1.0]]
[2022.09.29-17.29.30:354][  0]LogConfig: Setting CVar [[r.Shadow.CSM.TransitionScale:1.0]]
[2022.09.29-17.29.30:354][  0]LogConfig: Setting CVar [[r.Shadow.PreShadowResolutionFactor:1.0]]
[2022.09.29-17.29.30:354][  0]LogConfig: Setting CVar [[r.DistanceFieldShadowing:1]]
[2022.09.29-17.29.30:354][  0]LogConfig: Setting CVar [[r.DistanceFieldAO:1]]
[2022.09.29-17.29.30:354][  0]LogConfig: Setting CVar [[r.AOQuality:2]]
[2022.09.29-17.29.30:354][  0]LogConfig: Setting CVar [[r.VolumetricFog:1]]
[2022.09.29-17.29.30:354][  0]LogConfig: Setting CVar [[r.VolumetricFog.GridPixelSize:8]]
[2022.09.29-17.29.30:354][  0]LogConfig: Setting CVar [[r.VolumetricFog.GridSizeZ:128]]
[2022.09.29-17.29.30:354][  0]LogConfig: Setting CVar [[r.VolumetricFog.HistoryMissSupersampleCount:4]]
[2022.09.29-17.29.30:354][  0]LogConfig: Setting CVar [[r.LightMaxDrawDistanceScale:1]]
[2022.09.29-17.29.30:354][  0]LogConfig: Setting CVar [[r.CapsuleShadows:1]]
[2022.09.29-17.29.30:354][  0]LogConfig: Applying CVar settings from Section [PostProcessQuality@3] File [E:/UnrealProjects(git)/OutOfSight/OutOfSight/Saved/Config/Windows/Scalability.ini]
[2022.09.29-17.29.30:354][  0]LogConfig: Setting CVar [[r.MotionBlurQuality:4]]
[2022.09.29-17.29.30:354][  0]LogConfig: Setting CVar [[r.AmbientOcclusionMipLevelFactor:0.4]]
[2022.09.29-17.29.30:354][  0]LogConfig: Setting CVar [[r.AmbientOcclusionMaxQuality:100]]
[2022.09.29-17.29.30:354][  0]LogConfig: Setting CVar [[r.AmbientOcclusionLevels:-1]]
[2022.09.29-17.29.30:354][  0]LogConfig: Setting CVar [[r.AmbientOcclusionRadiusScale:1.0]]
[2022.09.29-17.29.30:354][  0]LogConfig: Setting CVar [[r.DepthOfFieldQuality:2]]
[2022.09.29-17.29.30:354][  0]LogConfig: Setting CVar [[r.RenderTargetPoolMin:400]]
[2022.09.29-17.29.30:354][  0]LogConfig: Setting CVar [[r.LensFlareQuality:2]]
[2022.09.29-17.29.30:354][  0]LogConfig: Setting CVar [[r.SceneColorFringeQuality:1]]
[2022.09.29-17.29.30:354][  0]LogConfig: Setting CVar [[r.EyeAdaptationQuality:2]]
[2022.09.29-17.29.30:354][  0]LogConfig: Setting CVar [[r.BloomQuality:5]]
[2022.09.29-17.29.30:354][  0]LogConfig: Setting CVar [[r.FastBlurThreshold:100]]
[2022.09.29-17.29.30:354][  0]LogConfig: Setting CVar [[r.Upscale.Quality:3]]
[2022.09.29-17.29.30:354][  0]LogConfig: Setting CVar [[r.Tonemapper.GrainQuantization:1]]
[2022.09.29-17.29.30:354][  0]LogConfig: Setting CVar [[r.LightShaftQuality:1]]
[2022.09.29-17.29.30:354][  0]LogConfig: Setting CVar [[r.Filter.SizeScale:1]]
[2022.09.29-17.29.30:354][  0]LogConfig: Setting CVar [[r.Tonemapper.Quality:5]]
[2022.09.29-17.29.30:354][  0]LogConfig: Setting CVar [[r.DOF.Gather.AccumulatorQuality:1        ; higher gathering accumulator quality]]
[2022.09.29-17.29.30:354][  0]LogConfig: Setting CVar [[r.DOF.Gather.PostfilterMethod:1          ; Median3x3 postfilering method]]
[2022.09.29-17.29.30:354][  0]LogConfig: Setting CVar [[r.DOF.Gather.EnableBokehSettings:0       ; no bokeh simulation when gathering]]
[2022.09.29-17.29.30:354][  0]LogConfig: Setting CVar [[r.DOF.Gather.RingCount:4                 ; medium number of samples when gathering]]
[2022.09.29-17.29.30:354][  0]LogConfig: Setting CVar [[r.DOF.Scatter.ForegroundCompositing:1    ; additive foreground scattering]]
[2022.09.29-17.29.30:354][  0]LogConfig: Setting CVar [[r.DOF.Scatter.BackgroundCompositing:2    ; additive background scattering]]
[2022.09.29-17.29.30:354][  0]LogConfig: Setting CVar [[r.DOF.Scatter.EnableBokehSettings:1      ; bokeh simulation when scattering]]
[2022.09.29-17.29.30:354][  0]LogConfig: Setting CVar [[r.DOF.Scatter.MaxSpriteRatio:0.1         ; only a maximum of 10% of scattered bokeh]]
[2022.09.29-17.29.30:354][  0]LogConfig: Setting CVar [[r.DOF.Recombine.Quality:1                ; cheap slight out of focus]]
[2022.09.29-17.29.30:354][  0]LogConfig: Setting CVar [[r.DOF.Recombine.EnableBokehSettings:0    ; no bokeh simulation on slight out of focus]]
[2022.09.29-17.29.30:354][  0]LogConfig: Setting CVar [[r.DOF.TemporalAAQuality:1                ; more stable temporal accumulation]]
[2022.09.29-17.29.30:354][  0]LogConfig: Setting CVar [[r.DOF.Kernel.MaxForegroundRadius:0.025]]
[2022.09.29-17.29.30:354][  0]LogConfig: Setting CVar [[r.DOF.Kernel.MaxBackgroundRadius:0.025]]
[2022.09.29-17.29.30:355][  0]LogConfig: Applying CVar settings from Section [TextureQuality@3] File [E:/UnrealProjects(git)/OutOfSight/OutOfSight/Saved/Config/Windows/Scalability.ini]
[2022.09.29-17.29.30:355][  0]LogConfig: Setting CVar [[r.Streaming.MipBias:0]]
[2022.09.29-17.29.30:355][  0]LogConfig: Setting CVar [[r.Streaming.AmortizeCPUToGPUCopy:0]]
[2022.09.29-17.29.30:355][  0]LogConfig: Setting CVar [[r.Streaming.MaxNumTexturesToStreamPerFrame:0]]
[2022.09.29-17.29.30:355][  0]LogConfig: Setting CVar [[r.Streaming.Boost:1]]
[2022.09.29-17.29.30:355][  0]LogConfig: Setting CVar [[r.MaxAnisotropy:8]]
[2022.09.29-17.29.30:355][  0]LogConfig: Setting CVar [[r.VT.MaxAnisotropy:8]]
[2022.09.29-17.29.30:355][  0]LogConfig: Setting CVar [[r.Streaming.LimitPoolSizeToVRAM:0]]
[2022.09.29-17.29.30:355][  0]LogConfig: Setting CVar [[r.Streaming.PoolSize:1000]]
[2022.09.29-17.29.30:355][  0]LogConfig: Setting CVar [[r.Streaming.MaxEffectiveScreenSize:0]]
[2022.09.29-17.29.30:355][  0]LogConfig: Applying CVar settings from Section [EffectsQuality@3] File [E:/UnrealProjects(git)/OutOfSight/OutOfSight/Saved/Config/Windows/Scalability.ini]
[2022.09.29-17.29.30:355][  0]LogConfig: Setting CVar [[r.TranslucencyLightingVolumeDim:64]]
[2022.09.29-17.29.30:355][  0]LogConfig: Setting CVar [[r.RefractionQuality:2]]
[2022.09.29-17.29.30:355][  0]LogConfig: Setting CVar [[r.SSR.Quality:3]]
[2022.09.29-17.29.30:355][  0]LogConfig: Setting CVar [[r.SSR.HalfResSceneColor:0]]
[2022.09.29-17.29.30:355][  0]LogConfig: Setting CVar [[r.SceneColorFormat:4]]
[2022.09.29-17.29.30:355][  0]LogConfig: Setting CVar [[r.DetailMode:2]]
[2022.09.29-17.29.30:355][  0]LogConfig: Setting CVar [[r.TranslucencyVolumeBlur:1]]
[2022.09.29-17.29.30:355][  0]LogConfig: Setting CVar [[r.MaterialQualityLevel:1 ; High quality]]
[2022.09.29-17.29.30:355][  0]LogConfig: Setting CVar [[r.AnisotropicMaterials:1]]
[2022.09.29-17.29.30:355][  0]LogConfig: Setting CVar [[r.SSS.Scale:1]]
[2022.09.29-17.29.30:355][  0]LogConfig: Setting CVar [[r.SSS.SampleSet:2]]
[2022.09.29-17.29.30:355][  0]LogConfig: Setting CVar [[r.SSS.Quality:1]]
[2022.09.29-17.29.30:355][  0]LogConfig: Setting CVar [[r.SSS.HalfRes:0]]
[2022.09.29-17.29.30:355][  0]LogConfig: Setting CVar [[r.SSGI.Quality:3]]
[2022.09.29-17.29.30:355][  0]LogConfig: Setting CVar [[r.EmitterSpawnRateScale:1.0]]
[2022.09.29-17.29.30:355][  0]LogConfig: Setting CVar [[r.ParticleLightQuality:2]]
[2022.09.29-17.29.30:355][  0]LogConfig: Setting CVar [[r.SkyAtmosphere.AerialPerspectiveLUT.FastApplyOnOpaque:1 ; Always have FastSkyLUT 1 in this case to avoid wrong sky]]
[2022.09.29-17.29.30:355][  0]LogConfig: Setting CVar [[r.SkyAtmosphere.AerialPerspectiveLUT.SampleCountMaxPerSlice:4]]
[2022.09.29-17.29.30:355][  0]LogConfig: Setting CVar [[r.SkyAtmosphere.AerialPerspectiveLUT.DepthResolution:16.0]]
[2022.09.29-17.29.30:355][  0]LogConfig: Setting CVar [[r.SkyAtmosphere.FastSkyLUT:1]]
[2022.09.29-17.29.30:355][  0]LogConfig: Setting CVar [[r.SkyAtmosphere.FastSkyLUT.SampleCountMin:4.0]]
[2022.09.29-17.29.30:355][  0]LogConfig: Setting CVar [[r.SkyAtmosphere.FastSkyLUT.SampleCountMax:128.0]]
[2022.09.29-17.29.30:355][  0]LogConfig: Setting CVar [[r.SkyAtmosphere.SampleCountMin:4.0]]
[2022.09.29-17.29.30:355][  0]LogConfig: Setting CVar [[r.SkyAtmosphere.SampleCountMax:128.0]]
[2022.09.29-17.29.30:355][  0]LogConfig: Setting CVar [[r.SkyAtmosphere.TransmittanceLUT.UseSmallFormat:0]]
[2022.09.29-17.29.30:355][  0]LogConfig: Setting CVar [[r.SkyAtmosphere.TransmittanceLUT.SampleCount:10.0]]
[2022.09.29-17.29.30:355][  0]LogConfig: Setting CVar [[r.SkyAtmosphere.MultiScatteringLUT.SampleCount:15.0]]
[2022.09.29-17.29.30:355][  0]LogConfig: Setting CVar [[r.SkyLight.RealTimeReflectionCapture:1]]
[2022.09.29-17.29.30:355][  0]LogConfig: Applying CVar settings from Section [FoliageQuality@3] File [E:/UnrealProjects(git)/OutOfSight/OutOfSight/Saved/Config/Windows/Scalability.ini]
[2022.09.29-17.29.30:355][  0]LogConfig: Setting CVar [[foliage.DensityScale:1.0]]
[2022.09.29-17.29.30:355][  0]LogConfig: Setting CVar [[grass.DensityScale:1.0]]
[2022.09.29-17.29.30:355][  0]LogConfig: Applying CVar settings from Section [ShadingQuality@3] File [E:/UnrealProjects(git)/OutOfSight/OutOfSight/Saved/Config/Windows/Scalability.ini]
[2022.09.29-17.29.30:355][  0]LogConfig: Setting CVar [[r.HairStrands.SkyLighting.IntegrationType:2]]
[2022.09.29-17.29.30:355][  0]LogConfig: Setting CVar [[r.HairStrands.SkyAO.SampleCount:4]]
[2022.09.29-17.29.30:355][  0]LogConfig: Setting CVar [[r.HairStrands.Visibility.MSAA.SamplePerPixel:4]]
[2022.09.29-17.29.30:356][  0]LogInit: Selected Device Profile: [Windows]
[2022.09.29-17.29.30:356][  0]LogInit: Applying CVar settings loaded from the selected device profile: [Windows]
[2022.09.29-17.29.30:356][  0]LogHAL: Display: Platform has ~ 16 GB [17111375872 / 17179869184 / 16], which maps to Larger [LargestMinGB=32, LargerMinGB=12, DefaultMinGB=8, SmallerMinGB=6, SmallestMinGB=0)
[2022.09.29-17.29.30:356][  0]LogInit: Going up to parent DeviceProfile []
[2022.09.29-17.29.30:356][  0]LogConfig: Applying CVar settings from Section [ViewDistanceQuality@3] File [E:/UnrealProjects(git)/OutOfSight/OutOfSight/Saved/Config/Windows/Scalability.ini]
[2022.09.29-17.29.30:356][  0]LogConfig: Setting CVar [[r.SkeletalMeshLODBias:0]]
[2022.09.29-17.29.30:356][  0]LogConfig: Setting CVar [[r.ViewDistanceScale:1.0]]
[2022.09.29-17.29.30:356][  0]LogConfig: Applying CVar settings from Section [AntiAliasingQuality@3] File [E:/UnrealProjects(git)/OutOfSight/OutOfSight/Saved/Config/Windows/Scalability.ini]
[2022.09.29-17.29.30:356][  0]LogConfig: Setting CVar [[r.PostProcessAAQuality:4]]
[2022.09.29-17.29.30:356][  0]LogConfig: Applying CVar settings from Section [ShadowQuality@3] File [E:/UnrealProjects(git)/OutOfSight/OutOfSight/Saved/Config/Windows/Scalability.ini]
[2022.09.29-17.29.30:356][  0]LogConfig: Setting CVar [[r.LightFunctionQuality:1]]
[2022.09.29-17.29.30:356][  0]LogConfig: Setting CVar [[r.ShadowQuality:5]]
[2022.09.29-17.29.30:356][  0]LogConfig: Setting CVar [[r.Shadow.CSM.MaxCascades:10]]
[2022.09.29-17.29.30:356][  0]LogConfig: Setting CVar [[r.Shadow.MaxResolution:2048]]
[2022.09.29-17.29.30:356][  0]LogConfig: Setting CVar [[r.Shadow.MaxCSMResolution:2048]]
[2022.09.29-17.29.30:356][  0]LogConfig: Setting CVar [[r.Shadow.RadiusThreshold:0.01]]
[2022.09.29-17.29.30:356][  0]LogConfig: Setting CVar [[r.Shadow.DistanceScale:1.0]]
[2022.09.29-17.29.30:356][  0]LogConfig: Setting CVar [[r.Shadow.CSM.TransitionScale:1.0]]
[2022.09.29-17.29.30:356][  0]LogConfig: Setting CVar [[r.Shadow.PreShadowResolutionFactor:1.0]]
[2022.09.29-17.29.30:356][  0]LogConfig: Setting CVar [[r.DistanceFieldShadowing:1]]
[2022.09.29-17.29.30:356][  0]LogConfig: Setting CVar [[r.DistanceFieldAO:1]]
[2022.09.29-17.29.30:356][  0]LogConfig: Setting CVar [[r.AOQuality:2]]
[2022.09.29-17.29.30:356][  0]LogConfig: Setting CVar [[r.VolumetricFog:1]]
[2022.09.29-17.29.30:356][  0]LogConfig: Setting CVar [[r.VolumetricFog.GridPixelSize:8]]
[2022.09.29-17.29.30:356][  0]LogConfig: Setting CVar [[r.VolumetricFog.GridSizeZ:128]]
[2022.09.29-17.29.30:356][  0]LogConfig: Setting CVar [[r.VolumetricFog.HistoryMissSupersampleCount:4]]
[2022.09.29-17.29.30:356][  0]LogConfig: Setting CVar [[r.LightMaxDrawDistanceScale:1]]
[2022.09.29-17.29.30:356][  0]LogConfig: Setting CVar [[r.CapsuleShadows:1]]
[2022.09.29-17.29.30:356][  0]LogConfig: Applying CVar settings from Section [PostProcessQuality@3] File [E:/UnrealProjects(git)/OutOfSight/OutOfSight/Saved/Config/Windows/Scalability.ini]
[2022.09.29-17.29.30:356][  0]LogConfig: Setting CVar [[r.MotionBlurQuality:4]]
[2022.09.29-17.29.30:356][  0]LogConfig: Setting CVar [[r.AmbientOcclusionMipLevelFactor:0.4]]
[2022.09.29-17.29.30:356][  0]LogConfig: Setting CVar [[r.AmbientOcclusionMaxQuality:100]]
[2022.09.29-17.29.30:356][  0]LogConfig: Setting CVar [[r.AmbientOcclusionLevels:-1]]
[2022.09.29-17.29.30:356][  0]LogConfig: Setting CVar [[r.AmbientOcclusionRadiusScale:1.0]]
[2022.09.29-17.29.30:356][  0]LogConfig: Setting CVar [[r.DepthOfFieldQuality:2]]
[2022.09.29-17.29.30:356][  0]LogConfig: Setting CVar [[r.RenderTargetPoolMin:400]]
[2022.09.29-17.29.30:356][  0]LogConfig: Setting CVar [[r.LensFlareQuality:2]]
[2022.09.29-17.29.30:356][  0]LogConfig: Setting CVar [[r.SceneColorFringeQuality:1]]
[2022.09.29-17.29.30:356][  0]LogConfig: Setting CVar [[r.EyeAdaptationQuality:2]]
[2022.09.29-17.29.30:356][  0]LogConfig: Setting CVar [[r.BloomQuality:5]]
[2022.09.29-17.29.30:356][  0]LogConfig: Setting CVar [[r.FastBlurThreshold:100]]
[2022.09.29-17.29.30:356][  0]LogConfig: Setting CVar [[r.Upscale.Quality:3]]
[2022.09.29-17.29.30:356][  0]LogConfig: Setting CVar [[r.Tonemapper.GrainQuantization:1]]
[2022.09.29-17.29.30:356][  0]LogConfig: Setting CVar [[r.LightShaftQuality:1]]
[2022.09.29-17.29.30:356][  0]LogConfig: Setting CVar [[r.Filter.SizeScale:1]]
[2022.09.29-17.29.30:357][  0]LogConfig: Setting CVar [[r.Tonemapper.Quality:5]]
[2022.09.29-17.29.30:357][  0]LogConfig: Setting CVar [[r.DOF.Gather.AccumulatorQuality:1        ; higher gathering accumulator quality]]
[2022.09.29-17.29.30:357][  0]LogConfig: Setting CVar [[r.DOF.Gather.PostfilterMethod:1          ; Median3x3 postfilering method]]
[2022.09.29-17.29.30:357][  0]LogConfig: Setting CVar [[r.DOF.Gather.EnableBokehSettings:0       ; no bokeh simulation when gathering]]
[2022.09.29-17.29.30:357][  0]LogConfig: Setting CVar [[r.DOF.Gather.RingCount:4                 ; medium number of samples when gathering]]
[2022.09.29-17.29.30:357][  0]LogConfig: Setting CVar [[r.DOF.Scatter.ForegroundCompositing:1    ; additive foreground scattering]]
[2022.09.29-17.29.30:357][  0]LogConfig: Setting CVar [[r.DOF.Scatter.BackgroundCompositing:2    ; additive background scattering]]
[2022.09.29-17.29.30:357][  0]LogConfig: Setting CVar [[r.DOF.Scatter.EnableBokehSettings:1      ; bokeh simulation when scattering]]
[2022.09.29-17.29.30:357][  0]LogConfig: Setting CVar [[r.DOF.Scatter.MaxSpriteRatio:0.1         ; only a maximum of 10% of scattered bokeh]]
[2022.09.29-17.29.30:357][  0]LogConfig: Setting CVar [[r.DOF.Recombine.Quality:1                ; cheap slight out of focus]]
[2022.09.29-17.29.30:357][  0]LogConfig: Setting CVar [[r.DOF.Recombine.EnableBokehSettings:0    ; no bokeh simulation on slight out of focus]]
[2022.09.29-17.29.30:357][  0]LogConfig: Setting CVar [[r.DOF.TemporalAAQuality:1                ; more stable temporal accumulation]]
[2022.09.29-17.29.30:357][  0]LogConfig: Setting CVar [[r.DOF.Kernel.MaxForegroundRadius:0.025]]
[2022.09.29-17.29.30:357][  0]LogConfig: Setting CVar [[r.DOF.Kernel.MaxBackgroundRadius:0.025]]
[2022.09.29-17.29.30:357][  0]LogConfig: Applying CVar settings from Section [TextureQuality@3] File [E:/UnrealProjects(git)/OutOfSight/OutOfSight/Saved/Config/Windows/Scalability.ini]
[2022.09.29-17.29.30:357][  0]LogConfig: Setting CVar [[r.Streaming.MipBias:0]]
[2022.09.29-17.29.30:357][  0]LogConfig: Setting CVar [[r.Streaming.AmortizeCPUToGPUCopy:0]]
[2022.09.29-17.29.30:357][  0]LogConfig: Setting CVar [[r.Streaming.MaxNumTexturesToStreamPerFrame:0]]
[2022.09.29-17.29.30:357][  0]LogConfig: Setting CVar [[r.Streaming.Boost:1]]
[2022.09.29-17.29.30:357][  0]LogConfig: Setting CVar [[r.MaxAnisotropy:8]]
[2022.09.29-17.29.30:357][  0]LogConfig: Setting CVar [[r.VT.MaxAnisotropy:8]]
[2022.09.29-17.29.30:357][  0]LogConfig: Setting CVar [[r.Streaming.LimitPoolSizeToVRAM:0]]
[2022.09.29-17.29.30:357][  0]LogConfig: Setting CVar [[r.Streaming.PoolSize:1000]]
[2022.09.29-17.29.30:357][  0]LogConfig: Setting CVar [[r.Streaming.MaxEffectiveScreenSize:0]]
[2022.09.29-17.29.30:357][  0]LogConfig: Applying CVar settings from Section [EffectsQuality@3] File [E:/UnrealProjects(git)/OutOfSight/OutOfSight/Saved/Config/Windows/Scalability.ini]
[2022.09.29-17.29.30:357][  0]LogConfig: Setting CVar [[r.TranslucencyLightingVolumeDim:64]]
[2022.09.29-17.29.30:357][  0]LogConfig: Setting CVar [[r.RefractionQuality:2]]
[2022.09.29-17.29.30:357][  0]LogConfig: Setting CVar [[r.SSR.Quality:3]]
[2022.09.29-17.29.30:357][  0]LogConfig: Setting CVar [[r.SSR.HalfResSceneColor:0]]
[2022.09.29-17.29.30:357][  0]LogConfig: Setting CVar [[r.SceneColorFormat:4]]
[2022.09.29-17.29.30:357][  0]LogConfig: Setting CVar [[r.DetailMode:2]]
[2022.09.29-17.29.30:357][  0]LogConfig: Setting CVar [[r.TranslucencyVolumeBlur:1]]
[2022.09.29-17.29.30:357][  0]LogConfig: Setting CVar [[r.MaterialQualityLevel:1 ; High quality]]
[2022.09.29-17.29.30:357][  0]LogConfig: Setting CVar [[r.AnisotropicMaterials:1]]
[2022.09.29-17.29.30:357][  0]LogConfig: Setting CVar [[r.SSS.Scale:1]]
[2022.09.29-17.29.30:357][  0]LogConfig: Setting CVar [[r.SSS.SampleSet:2]]
[2022.09.29-17.29.30:357][  0]LogConfig: Setting CVar [[r.SSS.Quality:1]]
[2022.09.29-17.29.30:357][  0]LogConfig: Setting CVar [[r.SSS.HalfRes:0]]
[2022.09.29-17.29.30:357][  0]LogConfig: Setting CVar [[r.SSGI.Quality:3]]
[2022.09.29-17.29.30:357][  0]LogConfig: Setting CVar [[r.EmitterSpawnRateScale:1.0]]
[2022.09.29-17.29.30:357][  0]LogConfig: Setting CVar [[r.ParticleLightQuality:2]]
[2022.09.29-17.29.30:357][  0]LogConfig: Setting CVar [[r.SkyAtmosphere.AerialPerspectiveLUT.FastApplyOnOpaque:1 ; Always have FastSkyLUT 1 in this case to avoid wrong sky]]
[2022.09.29-17.29.30:357][  0]LogConfig: Setting CVar [[r.SkyAtmosphere.AerialPerspectiveLUT.SampleCountMaxPerSlice:4]]
[2022.09.29-17.29.30:357][  0]LogConfig: Setting CVar [[r.SkyAtmosphere.AerialPerspectiveLUT.DepthResolution:16.0]]
[2022.09.29-17.29.30:357][  0]LogConfig: Setting CVar [[r.SkyAtmosphere.FastSkyLUT:1]]
[2022.09.29-17.29.30:357][  0]LogConfig: Setting CVar [[r.SkyAtmosphere.FastSkyLUT.SampleCountMin:4.0]]
[2022.09.29-17.29.30:357][  0]LogConfig: Setting CVar [[r.SkyAtmosphere.FastSkyLUT.SampleCountMax:128.0]]
[2022.09.29-17.29.30:357][  0]LogConfig: Setting CVar [[r.SkyAtmosphere.SampleCountMin:4.0]]
[2022.09.29-17.29.30:357][  0]LogConfig: Setting CVar [[r.SkyAtmosphere.SampleCountMax:128.0]]
[2022.09.29-17.29.30:357][  0]LogConfig: Setting CVar [[r.SkyAtmosphere.TransmittanceLUT.UseSmallFormat:0]]
[2022.09.29-17.29.30:357][  0]LogConfig: Setting CVar [[r.SkyAtmosphere.TransmittanceLUT.SampleCount:10.0]]
[2022.09.29-17.29.30:357][  0]LogConfig: Setting CVar [[r.SkyAtmosphere.MultiScatteringLUT.SampleCount:15.0]]
[2022.09.29-17.29.30:357][  0]LogConfig: Setting CVar [[r.SkyLight.RealTimeReflectionCapture:1]]
[2022.09.29-17.29.30:357][  0]LogConfig: Applying CVar settings from Section [FoliageQuality@3] File [E:/UnrealProjects(git)/OutOfSight/OutOfSight/Saved/Config/Windows/Scalability.ini]
[2022.09.29-17.29.30:358][  0]LogConfig: Setting CVar [[foliage.DensityScale:1.0]]
[2022.09.29-17.29.30:358][  0]LogConfig: Setting CVar [[grass.DensityScale:1.0]]
[2022.09.29-17.29.30:358][  0]LogConfig: Applying CVar settings from Section [ShadingQuality@3] File [E:/UnrealProjects(git)/OutOfSight/OutOfSight/Saved/Config/Windows/Scalability.ini]
[2022.09.29-17.29.30:358][  0]LogConfig: Setting CVar [[r.HairStrands.SkyLighting.IntegrationType:2]]
[2022.09.29-17.29.30:358][  0]LogConfig: Setting CVar [[r.HairStrands.SkyAO.SampleCount:4]]
[2022.09.29-17.29.30:358][  0]LogConfig: Setting CVar [[r.HairStrands.Visibility.MSAA.SamplePerPixel:4]]
[2022.09.29-17.29.30:358][  0]LogConfig: Applying CVar settings from Section [Startup] File [../../../Engine/Config/ConsoleVariables.ini]
[2022.09.29-17.29.30:358][  0]LogConfig: Setting CVar [[net.UseAdaptiveNetUpdateFrequency:0]]
[2022.09.29-17.29.30:358][  0]LogConfig: Setting CVar [[p.chaos.AllowCreatePhysxBodies:1]]
[2022.09.29-17.29.30:358][  0]LogConfig: Setting CVar [[fx.SkipVectorVMBackendOptimizations:1]]
[2022.09.29-17.29.30:358][  0]LogConfig: Applying CVar settings from Section [ConsoleVariables] File [E:/UnrealProjects(git)/OutOfSight/OutOfSight/Saved/Config/Windows/Engine.ini]
[2022.09.29-17.29.30:358][  0]LogConfig: Applying CVar settings from Section [ConsoleVariables] File [E:/UnrealProjects(git)/OutOfSight/OutOfSight/Saved/Config/Windows/Editor.ini]
[2022.09.29-17.29.30:358][  0]LogInit: Computer: DESKTOP-939JEED
[2022.09.29-17.29.30:358][  0]LogInit: User: deh10
[2022.09.29-17.29.30:358][  0]LogInit: CPU Page size=4096, Cores=6
[2022.09.29-17.29.30:358][  0]LogInit: High frequency timer resolution =10.000000 MHz
[2022.09.29-17.29.30:358][  0]LogMemory: Memory total: Physical=15.9GB (16GB approx)
[2022.09.29-17.29.30:358][  0]LogMemory: Platform Memory Stats for Windows
[2022.09.29-17.29.30:359][  0]LogMemory: Process Physical Memory: 152.32 MB used, 154.43 MB peak
[2022.09.29-17.29.30:359][  0]LogMemory: Process Virtual Memory: 133.92 MB used, 133.92 MB peak
[2022.09.29-17.29.30:359][  0]LogMemory: Physical Memory: 8528.70 MB used,  7789.98 MB free, 16318.68 MB total
[2022.09.29-17.29.30:359][  0]LogMemory: Virtual Memory: 134212208.00 MB used,  5522.93 MB free, 134217728.00 MB total
[2022.09.29-17.29.30:366][  0]LogWindows: WindowsPlatformFeatures enabled
[2022.09.29-17.29.30:423][  0]LogInit: Physics initialised using underlying interface: PhysX
[2022.09.29-17.29.30:424][  0]LogInit: Using OS detected language (en-US).
[2022.09.29-17.29.30:424][  0]LogInit: Using OS detected locale (en-US).
[2022.09.29-17.29.30:428][  0]LogTextLocalizationManager: No specific localization for 'en-US' exists, so the 'en' localization will be used.
[2022.09.29-17.29.30:655][  0]LogInit: Setting process to per monitor DPI aware
[2022.09.29-17.29.30:671][  0]LogWindowsTextInputMethodSystem: Display: IME system deactivated.
[2022.09.29-17.29.30:697][  0]LogSlate: New Slate User Created.  User Index 0, Is Virtual User: 0
[2022.09.29-17.29.30:697][  0]LogSlate: Slate User Registered.  User Index 0, Is Virtual User: 0
[2022.09.29-17.29.30:949][  0]LogD3D11RHI: Loaded GFSDK_Aftermath_Lib.x64.dll
[2022.09.29-17.29.30:997][  0]LogHMD: Failed to initialize OpenVR with code 126
[2022.09.29-17.29.30:997][  0]LogD3D11RHI: D3D11 min allowed feature level: 11_0
[2022.09.29-17.29.30:997][  0]LogD3D11RHI: D3D11 max allowed feature level: 11_0
[2022.09.29-17.29.30:997][  0]LogD3D11RHI: D3D11 adapters:
[2022.09.29-17.29.31:117][  0]LogD3D11RHI:    0. 'NVIDIA GeForce GTX 1080' (Feature Level 11_0)
[2022.09.29-17.29.31:117][  0]LogD3D11RHI:       8079/0/8159 MB DedicatedVideo/DedicatedSystem/SharedSystem, Outputs:2, VendorId:0x10de
[2022.09.29-17.29.31:120][  0]LogD3D11RHI:    1. 'Microsoft Basic Render Driver' (Feature Level 11_0)
[2022.09.29-17.29.31:121][  0]LogD3D11RHI:       0/0/8159 MB DedicatedVideo/DedicatedSystem/SharedSystem, Outputs:0, VendorId:0x1414
[2022.09.29-17.29.31:121][  0]LogD3D11RHI: Chosen D3D11 Adapter:
[2022.09.29-17.29.31:121][  0]LogD3D11RHI:     Description : NVIDIA GeForce GTX 1080
[2022.09.29-17.29.31:121][  0]LogD3D11RHI:     VendorId    : 10de
[2022.09.29-17.29.31:121][  0]LogD3D11RHI:     DeviceId    : 1b80
[2022.09.29-17.29.31:121][  0]LogD3D11RHI:     SubSysId    : 61813842
[2022.09.29-17.29.31:121][  0]LogD3D11RHI:     Revision    : 00a1
[2022.09.29-17.29.31:121][  0]LogD3D11RHI:     DedicatedVideoMemory : 8471445504 bytes
[2022.09.29-17.29.31:121][  0]LogD3D11RHI:     DedicatedSystemMemory : 0 bytes
[2022.09.29-17.29.31:121][  0]LogD3D11RHI:     SharedSystemMemory : 8555687936 bytes
[2022.09.29-17.29.31:121][  0]LogD3D11RHI:     AdapterLuid : 0 52180
[2022.09.29-17.29.31:131][  0]LogD3D11RHI: Creating new Direct3DDevice
[2022.09.29-17.29.31:131][  0]LogD3D11RHI:     GPU DeviceId: 0x1b80 (for the marketing name, search the web for "GPU Device Id")
[2022.09.29-17.29.31:131][  0]LogWindows: EnumDisplayDevices:
[2022.09.29-17.29.31:131][  0]LogWindows:    0. 'NVIDIA GeForce GTX 1080' (P:1 D:1)
[2022.09.29-17.29.31:132][  0]LogWindows:    1. 'NVIDIA GeForce GTX 1080' (P:0 D:1)
[2022.09.29-17.29.31:132][  0]LogWindows:    2. 'NVIDIA GeForce GTX 1080' (P:0 D:0)
[2022.09.29-17.29.31:133][  0]LogWindows:    3. 'NVIDIA GeForce GTX 1080' (P:0 D:0)
[2022.09.29-17.29.31:133][  0]LogWindows: DebugString: FoundDriverCount:4 
[2022.09.29-17.29.31:133][  0]LogD3D11RHI:     Adapter Name: NVIDIA GeForce GTX 1080
[2022.09.29-17.29.31:133][  0]LogD3D11RHI:   Driver Version: 516.59 (internal:31.0.15.1659, unified:516.59)
[2022.09.29-17.29.31:133][  0]LogD3D11RHI:      Driver Date: 6-23-2022
[2022.09.29-17.29.31:133][  0]LogRHI: Texture pool is 5655 MB (70% of 8079 MB)
[2022.09.29-17.29.31:133][  0]LogD3D11RHI: Creating D3DDevice using adapter:
[2022.09.29-17.29.31:133][  0]LogD3D11RHI:     Description : NVIDIA GeForce GTX 1080
[2022.09.29-17.29.31:133][  0]LogD3D11RHI:     VendorId    : 10de
[2022.09.29-17.29.31:133][  0]LogD3D11RHI:     DeviceId    : 1b80
[2022.09.29-17.29.31:133][  0]LogD3D11RHI:     SubSysId    : 61813842
[2022.09.29-17.29.31:133][  0]LogD3D11RHI:     Revision    : 00a1
[2022.09.29-17.29.31:133][  0]LogD3D11RHI:     DedicatedVideoMemory : 8471445504 bytes
[2022.09.29-17.29.31:133][  0]LogD3D11RHI:     DedicatedSystemMemory : 0 bytes
[2022.09.29-17.29.31:133][  0]LogD3D11RHI:     SharedSystemMemory : 8555687936 bytes
[2022.09.29-17.29.31:133][  0]LogD3D11RHI:     AdapterLuid : 0 52180
[2022.09.29-17.29.31:212][  0]LogD3D11RHI: RHI has support for 64 bit atomics
[2022.09.29-17.29.31:212][  0]LogD3D11RHI: Async texture creation enabled
[2022.09.29-17.29.31:212][  0]LogD3D11RHI: Array index from any shader is supported
[2022.09.29-17.29.31:215][  0]LogD3D11RHI: HDR output is supported on display 1 (NvId: 0x80061082).
[2022.09.29-17.29.31:234][  0]LogD3D11RHI: GPU Timing Frequency: 1000.000000 (Debug: 2 1)
[2022.09.29-17.29.31:258][  0]LogRHI: GeForceNow SDK initialized: 1
[2022.09.29-17.29.31:648][  0]LogTargetPlatformManager: Display: Loaded TargetPlatform 'AllDesktop'
[2022.09.29-17.29.31:673][  0]LogTargetPlatformManager: Display: Loaded TargetPlatform 'Android'
[2022.09.29-17.29.31:673][  0]LogTargetPlatformManager: Display: Loaded TargetPlatform 'Android_ASTC'
[2022.09.29-17.29.31:673][  0]LogTargetPlatformManager: Display: Loaded TargetPlatform 'Android_DXT'
[2022.09.29-17.29.31:673][  0]LogTargetPlatformManager: Display: Loaded TargetPlatform 'Android_ETC2'
[2022.09.29-17.29.31:673][  0]LogTargetPlatformManager: Display: Loaded TargetPlatform 'AndroidClient'
[2022.09.29-17.29.31:673][  0]LogTargetPlatformManager: Display: Loaded TargetPlatform 'Android_ASTCClient'
[2022.09.29-17.29.31:673][  0]LogTargetPlatformManager: Display: Loaded TargetPlatform 'Android_DXTClient'
[2022.09.29-17.29.31:673][  0]LogTargetPlatformManager: Display: Loaded TargetPlatform 'Android_ETC2Client'
[2022.09.29-17.29.31:673][  0]LogTargetPlatformManager: Display: Loaded TargetPlatform 'Android_Multi'
[2022.09.29-17.29.31:673][  0]LogTargetPlatformManager: Display: Loaded TargetPlatform 'Android_MultiClient'
[2022.09.29-17.29.31:696][  0]LogTargetPlatformManager: Display: Loaded TargetPlatform 'IOSClient'
[2022.09.29-17.29.31:696][  0]LogTargetPlatformManager: Display: Loaded TargetPlatform 'IOS'
[2022.09.29-17.29.31:706][  0]LogTargetPlatformManager: Display: Loaded TargetPlatform 'Linux'
[2022.09.29-17.29.31:712][  0]LogTargetPlatformManager: Display: Loaded TargetPlatform 'LinuxNoEditor'
[2022.09.29-17.29.31:718][  0]LogTargetPlatformManager: Display: Loaded TargetPlatform 'LinuxClient'
[2022.09.29-17.29.31:724][  0]LogTargetPlatformManager: Display: Loaded TargetPlatform 'LinuxServer'
[2022.09.29-17.29.31:734][  0]LogTargetPlatformManager: Display: Loaded TargetPlatform 'LinuxAArch64NoEditor'
[2022.09.29-17.29.31:739][  0]LogTargetPlatformManager: Display: Loaded TargetPlatform 'LinuxAArch64Client'
[2022.09.29-17.29.31:745][  0]LogTargetPlatformManager: Display: Loaded TargetPlatform 'LinuxAArch64Server'
[2022.09.29-17.29.31:772][  0]LogTargetPlatformManager: Display: Loaded TargetPlatform 'Lumin'
[2022.09.29-17.29.31:772][  0]LogTargetPlatformManager: Display: Loaded TargetPlatform 'LuminClient'
[2022.09.29-17.29.31:782][  0]LogTargetPlatformManager: Display: Loaded TargetPlatform 'MacNoEditor'
[2022.09.29-17.29.31:788][  0]LogTargetPlatformManager: Display: Loaded TargetPlatform 'Mac'
[2022.09.29-17.29.31:793][  0]LogTargetPlatformManager: Display: Loaded TargetPlatform 'MacClient'
[2022.09.29-17.29.31:799][  0]LogTargetPlatformManager: Display: Loaded TargetPlatform 'MacServer'
[2022.09.29-17.29.31:811][  0]LogTargetPlatformManager: Display: Loaded TargetPlatform 'TVOSClient'
[2022.09.29-17.29.31:811][  0]LogTargetPlatformManager: Display: Loaded TargetPlatform 'TVOS'
[2022.09.29-17.29.31:821][  0]LogTargetPlatformManager: Display: Loaded TargetPlatform 'WindowsNoEditor'
[2022.09.29-17.29.31:828][  0]LogTargetPlatformManager: Display: Loaded TargetPlatform 'Windows'
[2022.09.29-17.29.31:833][  0]LogTargetPlatformManager: Display: Loaded TargetPlatform 'WindowsClient'
[2022.09.29-17.29.31:839][  0]LogTargetPlatformManager: Display: Loaded TargetPlatform 'WindowsServer'
[2022.09.29-17.29.31:839][  0]LogTargetPlatformManager: Display: Building Assets For Windows
[2022.09.29-17.29.31:851][  0]LogAudioDebug: Display: Lib vorbis DLL was dynamically loaded.
[2022.09.29-17.29.31:891][  0]LogTextureFormatOodle: Display: Oodle Texture 2.9.0 init RDO Off
[2022.09.29-17.29.31:931][  0]LogRendererCore: Ray tracing is disabled. Reason: r.RayTracing=0.
[2022.09.29-17.29.31:931][  0]LogShaderCompilers: Guid format shader working directory is -14 characters bigger than the processId version (../../../../../../UnrealProjects(git)/OutOfSight/OutOfSight/Intermediate/Shaders/WorkingDirectory/10628/).
[2022.09.29-17.29.31:931][  0]LogShaderCompilers: Cleaned the shader compiler working directory 'C:/Users/deh10/AppData/Local/Temp/UnrealShaderWorkingDir/A5461A76467865ED05E1979F04B432A9/'.
[2022.09.29-17.29.31:932][  0]LogXGEController: Cannot use XGE Controller as Incredibuild is not installed on this machine.
[2022.09.29-17.29.31:932][  0]LogShaderCompilers: Cannot use XGE Shader Compiler as Incredibuild is not installed on this machine.
[2022.09.29-17.29.31:932][  0]LogShaderCompilers: Display: Using Local Shader Compiler.
[2022.09.29-17.29.32:768][  0]LogDerivedDataCache: Display: Max Cache Size: 512 MB
[2022.09.29-17.29.32:831][  0]LogDerivedDataCache: Loaded boot cache 0.06s 94MB C:/Users/deh10/AppData/Local/UnrealEngine/4.27/DerivedDataCache/Boot.ddc.
[2022.09.29-17.29.32:831][  0]LogDerivedDataCache: Display: Loaded Boot cache: C:/Users/deh10/AppData/Local/UnrealEngine/4.27/DerivedDataCache/Boot.ddc
[2022.09.29-17.29.32:831][  0]LogDerivedDataCache: FDerivedDataBackendGraph:  Pak pak cache file ../../../../../../UnrealProjects(git)/OutOfSight/OutOfSight/DerivedDataCache/DDC.ddp not found, will not use a pak cache.
[2022.09.29-17.29.32:831][  0]LogDerivedDataCache: Unable to find inner node Pak for hierarchical cache Hierarchy.
[2022.09.29-17.29.32:831][  0]LogDerivedDataCache: FDerivedDataBackendGraph:  CompressedPak pak cache file ../../../../../../UnrealProjects(git)/OutOfSight/OutOfSight/DerivedDataCache/Compressed.ddp not found, will not use a pak cache.
[2022.09.29-17.29.32:831][  0]LogDerivedDataCache: Unable to find inner node CompressedPak for hierarchical cache Hierarchy.
[2022.09.29-17.29.32:851][  0]LogDerivedDataCache: Display: Pak cache opened for reading ../../../Engine/DerivedDataCache/Compressed.ddp.
[2022.09.29-17.29.32:851][  0]LogDerivedDataCache: FDerivedDataBackendGraph:  EnterprisePak pak cache file ../../../Enterprise/DerivedDataCache/Compressed.ddp not found, will not use a pak cache.
[2022.09.29-17.29.32:851][  0]LogDerivedDataCache: Unable to find inner node EnterprisePak for hierarchical cache Hierarchy.
[2022.09.29-17.29.32:861][  0]LogDerivedDataCache: Speed tests for C:/Users/deh10/AppData/Local/UnrealEngine/Common/DerivedDataCache took 0.01 seconds
[2022.09.29-17.29.32:861][  0]LogDerivedDataCache: Display: Performance to C:/Users/deh10/AppData/Local/UnrealEngine/Common/DerivedDataCache: Latency=0.05ms. RandomReadSpeed=860.50MBs, RandomWriteSpeed=111.43MBs. Assigned SpeedClass 'Local'
[2022.09.29-17.29.32:862][  0]LogDerivedDataCache: Using Local data cache path C:/Users/deh10/AppData/Local/UnrealEngine/Common/DerivedDataCache: Writable
[2022.09.29-17.29.32:862][  0]LogDerivedDataCache: Shared data cache path not found in *engine.ini, will not use an Shared cache.
[2022.09.29-17.29.32:862][  0]LogDerivedDataCache: Unable to find inner node Shared for hierarchical cache Hierarchy.
[2022.09.29-17.29.32:916][  0]LogSlate: Using FreeType 2.10.0
[2022.09.29-17.29.32:917][  0]LogSlate: SlateFontServices - WITH_FREETYPE: 1, WITH_HARFBUZZ: 1
[2022.09.29-17.29.32:945][  0]LogAssetRegistry: FAssetRegistry took 0.0031 seconds to start up
[2022.09.29-17.29.33:226][  0]LogInit: Selected Device Profile: [Windows]
[2022.09.29-17.29.33:227][  0]LogInit: Active device profile: [00000221A775FF00][00000221A6300540 49] Windows
[2022.09.29-17.29.33:227][  0]LogInit: Profiles: [00000221A775FF00][00000221A6300540 49] Windows, [00000221A777BE00][00000221A63086C0 49] WindowsNoEditor, [00000221A775C300][00000221A6304800 49] WindowsServer, [00000221A777AB00][00000221A630C940 49] WindowsClient, [00000221A775D800][00000221A5FA4A80 49] IOS, [00000221A7779E00][00000221A5FA8BC0 49] iPadAir, [00000221A775E100][00000221A5FB0D40 49] iPadAir2, [00000221A7724100][00000221A56CF000 49] IPadPro, [00000221A7724200][00000221A56CB040 49] iPadAir3, [00000221A775FB00][00000221A56D31C0 49] iPadAir4, [00000221A7727800][00000221A56D7340 49] iPadMini2, [00000221A775C500][00000221A56DB4C0 49] iPadMini3, [00000221A7725100][000002219B2E7640 49] iPadMini4, [00000221A775EE00][000002219B2EB7C0 49] iPadMini5, [00000221A8713900][000002219B2F3A80 49] iPhone6, [00000221A8713A00][000002219B2EFAC0 49] iPodTouch6, [00000221A7725F00][000002219B2FA200 49] iPhone7, [00000221A7725E00][000002219B2F6240 49] iPodTouch7, [00000221A8710700][00000221A536E3C0 49] iPhone5S, [00000221A7727300][00000221A5372540 49] iPhone6Plus, [00000221A8711400][00000221A53766C0 49] iPhone6S, [00000221A7726400][00000221A537A840 49] iPhone6SPlus, [00000221A8711100][00000221A5FAC980 49] iPhone7Plus, [00000221A7724C00][00000221A537EAC0 49] iPhoneSE, [00000221A8712600][00000221A5382C00 49] iPhone8, [00000221A7724600][00000221A5386D40 49] iPhone8Plus, [00000221A8711A00][00000221A538EEC0 49] iPhoneX, [00000221A7726900][00000221A5393040 49] iPhoneXS, [00000221A8713800][00000221A53971C0 49] iPhoneXSMax, [00000221A7724A00][00000221A539B340 49] iPhoneXR, [00000221A8710C00][00000221A539F4C0 49] iPhone11, [00000221A7724900][00000221A53A3640 49] iPhone11Pro, [00000221A8711200][00000221A53A77C0 49] iPhone11ProMax, [00000221A7726500][00000221A53AB940 49] iPhoneSE2, [00000221A8713600][000002219A9E1AC0 49] iPhone12Mini, [00000221A7727200][000002219A9E40C0 49] iPhone12, [00000221A8710A00][000002219A9E8240 49] iPhone12Pro, [00000221A7725900][000002219A9EC3C0 49] iPhone12ProMax, [00000221A8711300][000002219A9F0540 49] iPadPro105, [00000221A7726300][000002219A9F46C0 49] iPadPro129, [00000221A8711700][000002219A9F8840 49] iPadPro97, [00000221A7727900][000002219A9FC9C0 49] iPadPro2_129, [00000221A8712500][000002219AA00B40 49] iPad5, [00000221A7727500][00000221A538AC80 49] iPad6, [00000221A8711800][000002219AA04DC0 49] iPad7, [00000221A7724500][000002219AA08F00 49] iPad8, [00000221A8710400][000002219AA11080 49] iPadPro11, [00000221A7725400][000002219AA15200 49] iPadPro2_11, [00000221A8713C00][000002219AA19380 49] iPadPro3_129, [00000221A7727700][000002219AA1D500 49] iPadPro4_129, [00000221A8710900][000002219AA21680 49] AppleTV, [00000221A7724300][000002219AA25800 49] AppleTV4K, [00000221A8710E00][000002219B173980 49] TVOS, [00000221A7727D00][000002219B177B00 49] Mac, [00000221A8713E00][000002219B17A100 49] MacClient, [00000221A7725D00][000002219B17E280 49] MacNoEditor, [00000221A8712400][000002219B182400 49] MacServer, [00000221A7724B00][000002219B186580 49] Linux, [00000221A8711500][000002219B18A700 49] LinuxAArch64, [00000221A7726C00][000002219B18E880 49] LinuxNoEditor, [00000221A8710F00][000002219B192A00 49] LinuxAArch64NoEditor, [00000221A7725200][000002219B196B80 49] LinuxClient, [00000221A8713400][000002219B19AD00 49] LinuxAArch64Client, [00000221A7727000][000002219AA0CE40 49] LinuxServer, [00000221A8713000][000002219B19EF80 49] LinuxAArch64Server, [00000221A777BA00][000002219B1A30C0 49] Android, [00000221A77CD500][000002219B1AB240 49] Android_Low, [00000221A777A300][000002219B1AF3C0 49] Android_Mid, [00000221A77CC800][000002219B1B3540 49] Android_High, [00000221A777AC00][000002219B1B76C0 49] Android_Default, [00000221A77CD600][000002219B1BB840 49] Android_Adreno4xx, [00000221A777BD00][000002219B1BF9C0 49] Android_Adreno5xx_Low, [00000221A77CCB00][000002219B1C3B40 49] Android_Adreno5xx, [00000221A777AA00][000002219B1C6140 49] Android_Adreno6xx, [00000221A77CF100][000002219B1CA2C0 49] Android_Adreno6xx_Vulkan, [00000221A7778700][000002219B1CE440 49] Android_Mali_T6xx, [00000221A77CD100][000002219B1D25C0 49] Android_Mali_T7xx, [00000221A7778F00][00000221A5FB4740 49] Android_Mali_T8xx, [00000221A77CDD00][00000221A5ED48C0 49] Android_Mali_G71, [00000221A7779A00][00000221A5ED8A40 49] Android_Mali_G72, [00000221A77CF000][00000221A5EE6BC0 49] Android_Mali_G72_Vulkan, [00000221A7779700][00000221A5EEAD40 49] Android_Mali_G76, [00000221A77CEA00][00000221A62D6EC0 49] Android_Mali_G76_Vulkan, [00000221A7778C00][000002219B1A7000 49] Android_Mali_G77, [00000221A77CE800][00000221A5EFB140 49] Android_Mali_G77_Vulkan, [00000221A7778400][000002219B26D280 49] Android_Mali_G78, [00000221A77CEF00][000002219B2713C0 49] Android_Mali_G78_Vulkan, [00000221A7779600][000002219B279540 49] Android_Mali_G710, [00000221A77CEB00][000002219B27D6C0 49] Android_Mali_G710_Vulkan, [00000221A7779200][000002219B281840 49] Android_Vulkan_SM5, [00000221A77CCC00][000002219B2859C0 49] Android_PowerVR_G6xxx, [00000221A8712300][000002219B289B40 49] Android_PowerVR_GT7xxx, [00000221A77CD900][00000221A5BB6140 49] Android_PowerVR_GE8xxx, [00000221A8710B00][00000221A5BBA2C0 49] Android_PowerVR_GM9xxx, [00000221A77CE400][00000221A5BBE440 49] Android_PowerVR_GM9xxx_Vulkan, [00000221A8710500][00000221A5BC25C0 49] Android_TegraK1, [00000221A77CEC00][00000221A5BC6740 49] Android_Unknown_Vulkan, [00000221A8710200][00000221A60C28C0 49] Lumin, [00000221A77CF800][00000221A60C6A40 49] Lumin_Desktop, [00000221A8710600][00000221A5DC8BC0 49] HoloLens, 
[2022.09.29-17.29.33:366][  0]LogMeshReduction: Using QuadricMeshReduction for automatic static mesh reduction
[2022.09.29-17.29.33:366][  0]LogMeshReduction: Using SimplygonMeshReduction for automatic skeletal mesh reduction
[2022.09.29-17.29.33:366][  0]LogMeshReduction: Using ProxyLODMeshReduction for automatic mesh merging
[2022.09.29-17.29.33:366][  0]LogMeshReduction: No distributed automatic mesh merging module available
[2022.09.29-17.29.33:366][  0]LogMeshMerging: No distributed automatic mesh merging module available
[2022.09.29-17.29.33:393][  0]LogNetVersion: OutOfSight 1.0.0, NetCL: 17155196, EngineNetVer: 17, GameNetVer: 0 (Checksum: 2509007073)
[2022.09.29-17.29.33:898][  0]LogTexture: Default maximum texture size for cubemaps generated from long-lat sources has been changed from 512 to unlimited. In order to preserve old behaiour for '/Engine/MapTemplates/Sky/DaylightAmbientCubemap.DaylightAmbientCubemap', its maximum texture size has been explicitly set to 512.
[2022.09.29-17.29.33:983][  0]LogHMD: PokeAHoleMaterial loaded successfully
[2022.09.29-17.29.33:992][  0]LogUObjectArray: 17178 objects as part of root set at end of initial load.
[2022.09.29-17.29.33:992][  0]LogUObjectAllocator: 4302048 out of 0 bytes used by permanent object pool.
[2022.09.29-17.29.33:992][  0]LogUObjectArray: CloseDisregardForGC: 0/0 objects in disregard for GC pool
[2022.09.29-17.29.34:340][  0]LogNiagaraDebuggerClient: Niagara Debugger Client Initialized | Session: F0F1CB3E41E87F69B816F1BE911A8898 | Instance: 82DB13264EE2BA8BFACB448D5D4B72C0 (DESKTOP-939JEED-10628).
[2022.09.29-17.29.34:383][  0]LogPython: Using Python 3.7.7
[2022.09.29-17.29.35:141][  0]LogUdpMessaging: Initializing bridge on interface 0.0.0.0:0 to multicast group 230.0.0.1:6666.
[2022.09.29-17.29.35:149][  0]LogTcpMessaging: Initializing TcpMessaging bridge
[2022.09.29-17.29.35:292][  0]SourceControl: Source control is disabled
[2022.09.29-17.29.35:292][  0]SourceControl: Source control is disabled
[2022.09.29-17.29.35:297][  0]SourceControl: Source control is disabled
[2022.09.29-17.29.35:301][  0]SourceControl: Source control is disabled
[2022.09.29-17.29.35:319][  0]LogUProjectInfo: Found projects:
[2022.09.29-17.29.35:322][  0]SourceControl: Source control is disabled
[2022.09.29-17.29.35:605][  0]LogOpenImageDenoise: OIDN starting up
[2022.09.29-17.29.35:674][  0]LogAndroidPermission: UAndroidPermissionCallbackProxy::GetInstance
[2022.09.29-17.29.35:706][  0]LogAudioCaptureCore: Display: No Audio Capture implementations found. Audio input will be silent.
[2022.09.29-17.29.35:706][  0]LogAudioCaptureCore: Display: No Audio Capture implementations found. Audio input will be silent.
[2022.09.29-17.29.35:924][  0]LogCollectionManager: Loaded 0 collections in 0.001014 seconds
[2022.09.29-17.29.35:954][  0]LogFileCache: Scanning file cache for directory 'E:/UnrealProjects(git)/OutOfSight/OutOfSight/Saved/Collections/' took 0.00s
[2022.09.29-17.29.35:954][  0]LogFileCache: Scanning file cache for directory 'E:/UnrealProjects(git)/OutOfSight/OutOfSight/Content/Developers/deh10/Collections/' took 0.00s
[2022.09.29-17.29.35:954][  0]LogFileCache: Scanning file cache for directory 'E:/UnrealProjects(git)/OutOfSight/OutOfSight/Content/Collections/' took 0.00s
[2022.09.29-17.29.35:954][  0]LogOcInput: OculusInput pre-init called
[2022.09.29-17.29.36:219][  0]LogEngine: Initializing Engine...
[2022.09.29-17.29.36:311][  0]LogHMD: Failed to initialize OpenVR with code 108
[2022.09.29-17.29.36:366][  0]LogHMD: Optional extension XR_VARJO_quad_views is not available
[2022.09.29-17.29.36:367][  0]LogHMD: Warning: Required extension XR_EXT_eye_gaze_interaction is not available
[2022.09.29-17.29.36:367][  0]LogHMD: Could not enable all required OpenXR extensions for OpenXREyeTracker on current system. This plugin will be loaded but ignored, but will be enabled on a target platform that supports the required extension.
[2022.09.29-17.29.36:368][  0]LogHMD: Failed to get an OpenXR system, result is XR_ERROR_FORM_FACTOR_UNAVAILABLE. Please check that your runtime supports VR headsets.
[2022.09.29-17.29.36:368][  0]LogMagicLeap: Warning: VR disabled because ZI is not enabled.  To enable, in the editor, Edit -> Project Settings -> Plugins -> Magic Leap Plugin -> Enable Zero Iteration
[2022.09.29-17.29.36:369][  0]LogStats: UGameplayTagsManager::InitializeManager -  0.000 s
[2022.09.29-17.29.36:553][  0]LogInit: Initializing FReadOnlyCVARCache
[2022.09.29-17.29.36:564][  0]LogAIModule: Creating AISystem for world Untitled
[2022.09.29-17.29.36:572][  0]LogAudio: Display: Initializing Audio Device Manager...
[2022.09.29-17.29.36:576][  0]LogAudio: Display: Loading Default Audio Settings Objects...
[2022.09.29-17.29.36:577][  0]LogAudio: Display: No default SoundConcurrencyObject specified (or failed to load).
[2022.09.29-17.29.36:578][  0]LogAudio: Display: Audio Device Manager Initialized
[2022.09.29-17.29.36:578][  0]LogAudio: Display: Creating Audio Device:                 Id: 1, Scope: Shared, Realtime: True
[2022.09.29-17.29.36:578][  0]LogAudioMixer: Display: Audio Mixer Platform Settings:
[2022.09.29-17.29.36:578][  0]LogAudioMixer: Display: 	Sample Rate:						  48000
[2022.09.29-17.29.36:578][  0]LogAudioMixer: Display: 	Callback Buffer Frame Size Requested: 1024
[2022.09.29-17.29.36:578][  0]LogAudioMixer: Display: 	Callback Buffer Frame Size To Use:	  1024
[2022.09.29-17.29.36:578][  0]LogAudioMixer: Display: 	Number of buffers to queue:			  2
[2022.09.29-17.29.36:578][  0]LogAudioMixer: Display: 	Max Channels (voices):				  32
[2022.09.29-17.29.36:578][  0]LogAudioMixer: Display: 	Number of Async Source Workers:		  0
[2022.09.29-17.29.36:578][  0]LogAudio: Display: AudioDevice MaxSources: 32
[2022.09.29-17.29.36:578][  0]LogAudio: Display: Audio Spatialization Plugin: None (built-in).
[2022.09.29-17.29.36:578][  0]LogAudio: Display: Audio Reverb Plugin: None (built-in).
[2022.09.29-17.29.36:578][  0]LogAudio: Display: Audio Occlusion Plugin: None (built-in).
[2022.09.29-17.29.36:578][  0]LogAudioMixer: Display: Initializing audio mixer.
[2022.09.29-17.29.36:593][  0]LogAudioMixer: Display: 0: FrontLeft
[2022.09.29-17.29.36:593][  0]LogAudioMixer: Display: 1: FrontRight
[2022.09.29-17.29.36:593][  0]LogAudioMixer: Display: 2: FrontCenter
[2022.09.29-17.29.36:593][  0]LogAudioMixer: Display: 3: LowFrequency
[2022.09.29-17.29.36:593][  0]LogAudioMixer: Display: 4: BackLeft
[2022.09.29-17.29.36:593][  0]LogAudioMixer: Display: 5: BackRight
[2022.09.29-17.29.36:593][  0]LogAudioMixer: Display: 6: SideLeft
[2022.09.29-17.29.36:593][  0]LogAudioMixer: Display: 7: SideRight
[2022.09.29-17.29.36:617][  0]LogAudioMixer: Display: Using Audio Device Speakers (Logitech PRO X Wireless Gaming Headset)
[2022.09.29-17.29.36:617][  0]LogAudioMixer: Display: Initializing Sound Submixes...
[2022.09.29-17.29.36:621][  0]LogAudioMixer: Display: Creating Master Submix 'MasterSubmixDefault'
[2022.09.29-17.29.36:621][  0]LogAudioMixer: Display: Creating Master Submix 'MasterReverbSubmixDefault'
[2022.09.29-17.29.36:622][  0]LogAudioMixer: Display: Creating Master Submix 'MasterEQSubmixDefault'
[2022.09.29-17.29.36:622][  0]LogAudioMixer: FMixerPlatformXAudio2::StartAudioStream() called
[2022.09.29-17.29.36:622][  0]LogAudioMixer: Display: Output buffers initialized: Frames=1024, Channels=8, Samples=8192
[2022.09.29-17.29.36:624][  0]LogAudioMixer: Display: Starting AudioMixerPlatformInterface::RunInternal()
[2022.09.29-17.29.36:624][  0]LogAudioMixer: Display: FMixerPlatformXAudio2::SubmitBuffer() called for the first time
[2022.09.29-17.29.36:624][  0]LogInit: FAudioDevice initialized.
[2022.09.29-17.29.36:624][  0]LogAudio: Display: Audio Device (ID: 1) registered with world 'Untitled'.
[2022.09.29-17.29.36:624][  0]LogNetVersion: Set ProjectVersion to 1.0.0.0. Version Checksum will be recalculated on next use.
[2022.09.29-17.29.36:861][  0]LogDerivedDataCache: Saved boot cache 0.24s 94MB C:/Users/deh10/AppData/Local/UnrealEngine/4.27/DerivedDataCache/Boot.ddc.
[2022.09.29-17.29.36:862][  0]LogInit: Texture streaming: Enabled
[2022.09.29-17.29.36:881][  0]LogAnalytics: Display: [UEEditor.Rocket.Release] APIServer = https://datarouter.ol.epicgames.com/. AppVersion = 4.27.2-18319896+++UE4+Release-4.27
[2022.09.29-17.29.36:887][  0]LogEngineSessionManager: EngineSessionManager initialized
[2022.09.29-17.29.36:887][  0]LogEditorSessionSummary: Verbose: Initializing EditorSessionSummaryWriter for editor session tracking
[2022.09.29-17.29.36:890][  0]LogEditorSessionSummary: EditorSessionSummaryWriter initialized
[2022.09.29-17.29.36:930][  0]LogInit: Transaction tracking system initialized
[2022.09.29-17.29.36:959][  0]BlueprintLog: New page: Editor Load
[2022.09.29-17.29.37:038][  0]LocalizationService: Localization service is disabled
[2022.09.29-17.29.37:067][  0]TimingProfiler: Initialize
[2022.09.29-17.29.37:067][  0]TimingProfiler: OnSessionChanged
[2022.09.29-17.29.37:067][  0]LoadingProfiler: Initialize
[2022.09.29-17.29.37:067][  0]LoadingProfiler: OnSessionChanged
[2022.09.29-17.29.37:067][  0]NetworkingProfiler: Initialize
[2022.09.29-17.29.37:067][  0]NetworkingProfiler: OnSessionChanged
[2022.09.29-17.29.37:067][  0]MemoryProfiler: Initialize
[2022.09.29-17.29.37:067][  0]MemoryProfiler: OnSessionChanged
[2022.09.29-17.29.37:242][  0]LogCook: Display: CookSettings for Memory: MemoryMaxUsedVirtual 0MiB, MemoryMaxUsedPhysical 16384MiB, MemoryMinFreeVirtual 0MiB, MemoryMinFreePhysical 1024MiB
[2022.09.29-17.29.37:242][  0]LogCook: Display: Mobile HDR setting 1
[2022.09.29-17.29.37:467][  0]LogFileCache: Scanning file cache for directory 'E:/UnrealProjects(git)/OutOfSight/OutOfSight/Content/' took 0.01s
[2022.09.29-17.29.37:667][  0]LogInit: Display: Engine is initialized. Leaving FEngineLoop::Init()
[2022.09.29-17.29.37:671][  0]SourceControl: Source control is disabled
[2022.09.29-17.29.37:671][  0]LogUnrealEdMisc: Loading editor; pre map load, took 9.547
[2022.09.29-17.29.37:671][  0]Cmd: MAP LOAD FILE="../../../../../../UnrealProjects(git)/OutOfSight/OutOfSight/Content/FirstPersonBP/Maps/FirstPersonExampleMap.umap" TEMPLATE=0 SHOWPROGRESS=1 FEATURELEVEL=3
[2022.09.29-17.29.37:672][  0]LightingResults: New page: Lighting Build
[2022.09.29-17.29.37:673][  0]LogWorld: UWorld::CleanupWorld for Untitled, bSessionEnded=true, bCleanupResources=true
[2022.09.29-17.29.37:673][  0]LogSlate: InvalidateAllWidgets triggered.  All widgets were invalidated
[2022.09.29-17.29.37:674][  0]MapCheck: New page: Map Check
[2022.09.29-17.29.37:674][  0]LightingResults: New page: Lighting Build
[2022.09.29-17.29.37:678][  0]LogAudio: Display: Audio Device unregistered from world 'None'.
[2022.09.29-17.29.37:682][  0]LogUObjectHash: Compacting FUObjectHashTables data took   1.10ms
[2022.09.29-17.29.38:041][  0]LogAudio: Display: Audio Device (ID: 1) registered with world 'FirstPersonExampleMap'.
[2022.09.29-17.29.38:042][  0]LogAIModule: Creating AISystem for world FirstPersonExampleMap
[2022.09.29-17.29.38:049][  0]LogEditorServer: Finished looking for orphan Actors (0.000 secs)
[2022.09.29-17.29.38:061][  0]LogUObjectHash: Compacting FUObjectHashTables data took   1.40ms
[2022.09.29-17.29.38:061][  0]Cmd: MAP CHECKDEP NOCLEARLOG
[2022.09.29-17.29.38:061][  0]MapCheck: Map check complete: 0 Error(s), 0 Warning(s), took 0.14ms to complete.
[2022.09.29-17.29.38:061][  0]LogFileHelpers: Loading map 'FirstPersonExampleMap' took 0.390
[2022.09.29-17.29.38:064][  0]LogUnrealEdMisc: Total Editor Startup Time, took 9.939
[2022.09.29-17.29.38:543][  0]LogSlate: Only BGRA pngs, bmps or icos are supported in by External Image Picker
[2022.09.29-17.29.38:641][  0]LogSlate: Updating window title bar state: overlay mode, drag disabled, window buttons hidden, title bar hidden
[2022.09.29-17.29.38:649][  0]LogSlate: Updating window title bar state: overlay mode, drag disabled, window buttons hidden, title bar hidden
[2022.09.29-17.29.38:658][  0]LogSlate: Updating window title bar state: overlay mode, drag disabled, window buttons hidden, title bar hidden
[2022.09.29-17.29.38:666][  0]LogSlate: Updating window title bar state: overlay mode, drag disabled, window buttons hidden, title bar hidden
[2022.09.29-17.29.38:684][  0]LogNativeClassHierarchy: Verbose: Native class hierarchy populated in 0.0123 seconds. Added 3822 classes and 928 folders.
[2022.09.29-17.29.38:705][  0]LogNativeClassHierarchy: Verbose: Native class hierarchy updated for 'WidgetCarousel' in 0.0003 seconds. Added 0 classes and 0 folders.
[2022.09.29-17.29.38:707][  0]LogPakFile: PakFile PrimaryIndexSize=187
[2022.09.29-17.29.38:707][  0]LogPakFile: PakFile PathHashIndexSize=101
[2022.09.29-17.29.38:707][  0]LogPakFile: PakFile FullDirectoryIndexSize=148
[2022.09.29-17.29.38:707][  0]LogShaderLibrary: Display: ShaderCodeLibraryPakFileMountedCallback: PakFile 'E:/PROGRAMS/Unreal Engine/UE_4.27/FeaturePacks/FP_FirstPerson.upack' (chunk index -1, root 'root:/') mounted
[2022.09.29-17.29.38:707][  0]LogShaderLibrary: Display: ShaderCodeLibraryPakFileMountedCallback: pending pak file info (ChunkID:-1 Root:root:/ File:E:/PROGRAMS/Unreal Engine/UE_4.27/FeaturePacks/FP_FirstPerson.upack)
[2022.09.29-17.29.38:707][  0]LogPakFile: OnPakFileMounted2Time == 0.000070
[2022.09.29-17.29.38:709][  0]LogPakFile: PakFile PrimaryIndexSize=189
[2022.09.29-17.29.38:709][  0]LogPakFile: PakFile PathHashIndexSize=101
[2022.09.29-17.29.38:709][  0]LogPakFile: PakFile FullDirectoryIndexSize=152
[2022.09.29-17.29.38:709][  0]LogShaderLibrary: Display: ShaderCodeLibraryPakFileMountedCallback: PakFile 'E:/PROGRAMS/Unreal Engine/UE_4.27/FeaturePacks/FP_FirstPersonBP.upack' (chunk index -1, root 'root:/') mounted
[2022.09.29-17.29.38:709][  0]LogShaderLibrary: Display: ShaderCodeLibraryPakFileMountedCallback: pending pak file info (ChunkID:-1 Root:root:/ File:E:/PROGRAMS/Unreal Engine/UE_4.27/FeaturePacks/FP_FirstPersonBP.upack)
[2022.09.29-17.29.38:709][  0]LogPakFile: OnPakFileMounted2Time == 0.000049
[2022.09.29-17.29.38:710][  0]LogPakFile: PakFile PrimaryIndexSize=191
[2022.09.29-17.29.38:710][  0]LogPakFile: PakFile PathHashIndexSize=101
[2022.09.29-17.29.38:710][  0]LogPakFile: PakFile FullDirectoryIndexSize=160
[2022.09.29-17.29.38:710][  0]LogShaderLibrary: Display: ShaderCodeLibraryPakFileMountedCallback: PakFile 'E:/PROGRAMS/Unreal Engine/UE_4.27/FeaturePacks/MobileStarterContent.upack' (chunk index -1, root 'root:/') mounted
[2022.09.29-17.29.38:710][  0]LogShaderLibrary: Display: ShaderCodeLibraryPakFileMountedCallback: pending pak file info (ChunkID:-1 Root:root:/ File:E:/PROGRAMS/Unreal Engine/UE_4.27/FeaturePacks/MobileStarterContent.upack)
[2022.09.29-17.29.38:710][  0]LogPakFile: OnPakFileMounted2Time == 0.000041
[2022.09.29-17.29.38:711][  0]LogPakFile: PakFile PrimaryIndexSize=185
[2022.09.29-17.29.38:711][  0]LogPakFile: PakFile PathHashIndexSize=101
[2022.09.29-17.29.38:711][  0]LogPakFile: PakFile FullDirectoryIndexSize=148
[2022.09.29-17.29.38:711][  0]LogShaderLibrary: Display: ShaderCodeLibraryPakFileMountedCallback: PakFile 'E:/PROGRAMS/Unreal Engine/UE_4.27/FeaturePacks/StarterContent.upack' (chunk index -1, root 'root:/') mounted
[2022.09.29-17.29.38:711][  0]LogShaderLibrary: Display: ShaderCodeLibraryPakFileMountedCallback: pending pak file info (ChunkID:-1 Root:root:/ File:E:/PROGRAMS/Unreal Engine/UE_4.27/FeaturePacks/StarterContent.upack)
[2022.09.29-17.29.38:711][  0]LogPakFile: OnPakFileMounted2Time == 0.000070
[2022.09.29-17.29.38:712][  0]LogPakFile: PakFile PrimaryIndexSize=190
[2022.09.29-17.29.38:712][  0]LogPakFile: PakFile PathHashIndexSize=101
[2022.09.29-17.29.38:712][  0]LogPakFile: PakFile FullDirectoryIndexSize=154
[2022.09.29-17.29.38:712][  0]LogShaderLibrary: Display: ShaderCodeLibraryPakFileMountedCallback: PakFile 'E:/PROGRAMS/Unreal Engine/UE_4.27/FeaturePacks/TP_2DSideScroller.upack' (chunk index -1, root 'root:/') mounted
[2022.09.29-17.29.38:712][  0]LogShaderLibrary: Display: ShaderCodeLibraryPakFileMountedCallback: pending pak file info (ChunkID:-1 Root:root:/ File:E:/PROGRAMS/Unreal Engine/UE_4.27/FeaturePacks/TP_2DSideScroller.upack)
[2022.09.29-17.29.38:712][  0]LogPakFile: OnPakFileMounted2Time == 0.000049
[2022.09.29-17.29.38:713][  0]LogPakFile: PakFile PrimaryIndexSize=192
[2022.09.29-17.29.38:713][  0]LogPakFile: PakFile PathHashIndexSize=101
[2022.09.29-17.29.38:713][  0]LogPakFile: PakFile FullDirectoryIndexSize=158
[2022.09.29-17.29.38:713][  0]LogShaderLibrary: Display: ShaderCodeLibraryPakFileMountedCallback: PakFile 'E:/PROGRAMS/Unreal Engine/UE_4.27/FeaturePacks/TP_2DSideScrollerBP.upack' (chunk index -1, root 'root:/') mounted
[2022.09.29-17.29.38:713][  0]LogShaderLibrary: Display: ShaderCodeLibraryPakFileMountedCallback: pending pak file info (ChunkID:-1 Root:root:/ File:E:/PROGRAMS/Unreal Engine/UE_4.27/FeaturePacks/TP_2DSideScrollerBP.upack)
[2022.09.29-17.29.38:713][  0]LogPakFile: OnPakFileMounted2Time == 0.000040
[2022.09.29-17.29.38:714][  0]LogPakFile: PakFile PrimaryIndexSize=182
[2022.09.29-17.29.38:714][  0]LogPakFile: PakFile PathHashIndexSize=101
[2022.09.29-17.29.38:714][  0]LogPakFile: PakFile FullDirectoryIndexSize=138
[2022.09.29-17.29.38:714][  0]LogShaderLibrary: Display: ShaderCodeLibraryPakFileMountedCallback: PakFile 'E:/PROGRAMS/Unreal Engine/UE_4.27/FeaturePacks/TP_Flying.upack' (chunk index -1, root 'root:/') mounted
[2022.09.29-17.29.38:714][  0]LogShaderLibrary: Display: ShaderCodeLibraryPakFileMountedCallback: pending pak file info (ChunkID:-1 Root:root:/ File:E:/PROGRAMS/Unreal Engine/UE_4.27/FeaturePacks/TP_Flying.upack)
[2022.09.29-17.29.38:714][  0]LogPakFile: OnPakFileMounted2Time == 0.000041
[2022.09.29-17.29.38:715][  0]LogPakFile: PakFile PrimaryIndexSize=184
[2022.09.29-17.29.38:715][  0]LogPakFile: PakFile PathHashIndexSize=101
[2022.09.29-17.29.38:715][  0]LogPakFile: PakFile FullDirectoryIndexSize=142
[2022.09.29-17.29.38:715][  0]LogShaderLibrary: Display: ShaderCodeLibraryPakFileMountedCallback: PakFile 'E:/PROGRAMS/Unreal Engine/UE_4.27/FeaturePacks/TP_FlyingBP.upack' (chunk index -1, root 'root:/') mounted
[2022.09.29-17.29.38:716][  0]LogShaderLibrary: Display: ShaderCodeLibraryPakFileMountedCallback: pending pak file info (ChunkID:-1 Root:root:/ File:E:/PROGRAMS/Unreal Engine/UE_4.27/FeaturePacks/TP_FlyingBP.upack)
[2022.09.29-17.29.38:716][  0]LogPakFile: OnPakFileMounted2Time == 0.000044
[2022.09.29-17.29.38:717][  0]LogPakFile: PakFile PrimaryIndexSize=188
[2022.09.29-17.29.38:717][  0]LogPakFile: PakFile PathHashIndexSize=101
[2022.09.29-17.29.38:717][  0]LogPakFile: PakFile FullDirectoryIndexSize=150
[2022.09.29-17.29.38:717][  0]LogShaderLibrary: Display: ShaderCodeLibraryPakFileMountedCallback: PakFile 'E:/PROGRAMS/Unreal Engine/UE_4.27/FeaturePacks/TP_HandheldARBP.upack' (chunk index -1, root 'root:/') mounted
[2022.09.29-17.29.38:717][  0]LogShaderLibrary: Display: ShaderCodeLibraryPakFileMountedCallback: pending pak file info (ChunkID:-1 Root:root:/ File:E:/PROGRAMS/Unreal Engine/UE_4.27/FeaturePacks/TP_HandheldARBP.upack)
[2022.09.29-17.29.38:717][  0]LogPakFile: OnPakFileMounted2Time == 0.000042
[2022.09.29-17.29.38:718][  0]LogPakFile: PakFile PrimaryIndexSize=182
[2022.09.29-17.29.38:718][  0]LogPakFile: PakFile PathHashIndexSize=101
[2022.09.29-17.29.38:718][  0]LogPakFile: PakFile FullDirectoryIndexSize=138
[2022.09.29-17.29.38:718][  0]LogShaderLibrary: Display: ShaderCodeLibraryPakFileMountedCallback: PakFile 'E:/PROGRAMS/Unreal Engine/UE_4.27/FeaturePacks/TP_Puzzle.upack' (chunk index -1, root 'root:/') mounted
[2022.09.29-17.29.38:718][  0]LogShaderLibrary: Display: ShaderCodeLibraryPakFileMountedCallback: pending pak file info (ChunkID:-1 Root:root:/ File:E:/PROGRAMS/Unreal Engine/UE_4.27/FeaturePacks/TP_Puzzle.upack)
[2022.09.29-17.29.38:718][  0]LogPakFile: OnPakFileMounted2Time == 0.000042
[2022.09.29-17.29.38:719][  0]LogPakFile: PakFile PrimaryIndexSize=184
[2022.09.29-17.29.38:719][  0]LogPakFile: PakFile PathHashIndexSize=101
[2022.09.29-17.29.38:719][  0]LogPakFile: PakFile FullDirectoryIndexSize=142
[2022.09.29-17.29.38:719][  0]LogShaderLibrary: Display: ShaderCodeLibraryPakFileMountedCallback: PakFile 'E:/PROGRAMS/Unreal Engine/UE_4.27/FeaturePacks/TP_PuzzleBP.upack' (chunk index -1, root 'root:/') mounted
[2022.09.29-17.29.38:719][  0]LogShaderLibrary: Display: ShaderCodeLibraryPakFileMountedCallback: pending pak file info (ChunkID:-1 Root:root:/ File:E:/PROGRAMS/Unreal Engine/UE_4.27/FeaturePacks/TP_PuzzleBP.upack)
[2022.09.29-17.29.38:719][  0]LogPakFile: OnPakFileMounted2Time == 0.000038
[2022.09.29-17.29.38:720][  0]LogPakFile: PakFile PrimaryIndexSize=183
[2022.09.29-17.29.38:720][  0]LogPakFile: PakFile PathHashIndexSize=101
[2022.09.29-17.29.38:720][  0]LogPakFile: PakFile FullDirectoryIndexSize=140
[2022.09.29-17.29.38:720][  0]LogShaderLibrary: Display: ShaderCodeLibraryPakFileMountedCallback: PakFile 'E:/PROGRAMS/Unreal Engine/UE_4.27/FeaturePacks/TP_Rolling.upack' (chunk index -1, root 'root:/') mounted
[2022.09.29-17.29.38:720][  0]LogShaderLibrary: Display: ShaderCodeLibraryPakFileMountedCallback: pending pak file info (ChunkID:-1 Root:root:/ File:E:/PROGRAMS/Unreal Engine/UE_4.27/FeaturePacks/TP_Rolling.upack)
[2022.09.29-17.29.38:720][  0]LogPakFile: OnPakFileMounted2Time == 0.000041
[2022.09.29-17.29.38:721][  0]LogPakFile: PakFile PrimaryIndexSize=185
[2022.09.29-17.29.38:721][  0]LogPakFile: PakFile PathHashIndexSize=101
[2022.09.29-17.29.38:721][  0]LogPakFile: PakFile FullDirectoryIndexSize=144
[2022.09.29-17.29.38:721][  0]LogShaderLibrary: Display: ShaderCodeLibraryPakFileMountedCallback: PakFile 'E:/PROGRAMS/Unreal Engine/UE_4.27/FeaturePacks/TP_RollingBP.upack' (chunk index -1, root 'root:/') mounted
[2022.09.29-17.29.38:721][  0]LogShaderLibrary: Display: ShaderCodeLibraryPakFileMountedCallback: pending pak file info (ChunkID:-1 Root:root:/ File:E:/PROGRAMS/Unreal Engine/UE_4.27/FeaturePacks/TP_RollingBP.upack)
[2022.09.29-17.29.38:721][  0]LogPakFile: OnPakFileMounted2Time == 0.000042
[2022.09.29-17.29.38:722][  0]LogPakFile: PakFile PrimaryIndexSize=188
[2022.09.29-17.29.38:722][  0]LogPakFile: PakFile PathHashIndexSize=101
[2022.09.29-17.29.38:722][  0]LogPakFile: PakFile FullDirectoryIndexSize=150
[2022.09.29-17.29.38:722][  0]LogShaderLibrary: Display: ShaderCodeLibraryPakFileMountedCallback: PakFile 'E:/PROGRAMS/Unreal Engine/UE_4.27/FeaturePacks/TP_SideScroller.upack' (chunk index -1, root 'root:/') mounted
[2022.09.29-17.29.38:722][  0]LogShaderLibrary: Display: ShaderCodeLibraryPakFileMountedCallback: pending pak file info (ChunkID:-1 Root:root:/ File:E:/PROGRAMS/Unreal Engine/UE_4.27/FeaturePacks/TP_SideScroller.upack)
[2022.09.29-17.29.38:722][  0]LogPakFile: OnPakFileMounted2Time == 0.000047
[2022.09.29-17.29.38:723][  0]LogPakFile: PakFile PrimaryIndexSize=190
[2022.09.29-17.29.38:723][  0]LogPakFile: PakFile PathHashIndexSize=101
[2022.09.29-17.29.38:723][  0]LogPakFile: PakFile FullDirectoryIndexSize=154
[2022.09.29-17.29.38:723][  0]LogShaderLibrary: Display: ShaderCodeLibraryPakFileMountedCallback: PakFile 'E:/PROGRAMS/Unreal Engine/UE_4.27/FeaturePacks/TP_SideScrollerBP.upack' (chunk index -1, root 'root:/') mounted
[2022.09.29-17.29.38:723][  0]LogShaderLibrary: Display: ShaderCodeLibraryPakFileMountedCallback: pending pak file info (ChunkID:-1 Root:root:/ File:E:/PROGRAMS/Unreal Engine/UE_4.27/FeaturePacks/TP_SideScrollerBP.upack)
[2022.09.29-17.29.38:723][  0]LogPakFile: OnPakFileMounted2Time == 0.000043
[2022.09.29-17.29.38:724][  0]LogPakFile: PakFile PrimaryIndexSize=187
[2022.09.29-17.29.38:724][  0]LogPakFile: PakFile PathHashIndexSize=101
[2022.09.29-17.29.38:724][  0]LogPakFile: PakFile FullDirectoryIndexSize=148
[2022.09.29-17.29.38:724][  0]LogShaderLibrary: Display: ShaderCodeLibraryPakFileMountedCallback: PakFile 'E:/PROGRAMS/Unreal Engine/UE_4.27/FeaturePacks/TP_ThirdPerson.upack' (chunk index -1, root 'root:/') mounted
[2022.09.29-17.29.38:724][  0]LogShaderLibrary: Display: ShaderCodeLibraryPakFileMountedCallback: pending pak file info (ChunkID:-1 Root:root:/ File:E:/PROGRAMS/Unreal Engine/UE_4.27/FeaturePacks/TP_ThirdPerson.upack)
[2022.09.29-17.29.38:724][  0]LogPakFile: OnPakFileMounted2Time == 0.000039
[2022.09.29-17.29.38:725][  0]LogPakFile: PakFile PrimaryIndexSize=189
[2022.09.29-17.29.38:725][  0]LogPakFile: PakFile PathHashIndexSize=101
[2022.09.29-17.29.38:725][  0]LogPakFile: PakFile FullDirectoryIndexSize=152
[2022.09.29-17.29.38:725][  0]LogShaderLibrary: Display: ShaderCodeLibraryPakFileMountedCallback: PakFile 'E:/PROGRAMS/Unreal Engine/UE_4.27/FeaturePacks/TP_ThirdPersonBP.upack' (chunk index -1, root 'root:/') mounted
[2022.09.29-17.29.38:725][  0]LogShaderLibrary: Display: ShaderCodeLibraryPakFileMountedCallback: pending pak file info (ChunkID:-1 Root:root:/ File:E:/PROGRAMS/Unreal Engine/UE_4.27/FeaturePacks/TP_ThirdPersonBP.upack)
[2022.09.29-17.29.38:725][  0]LogPakFile: OnPakFileMounted2Time == 0.000036
[2022.09.29-17.29.38:727][  0]LogPakFile: PakFile PrimaryIndexSize=183
[2022.09.29-17.29.38:727][  0]LogPakFile: PakFile PathHashIndexSize=101
[2022.09.29-17.29.38:727][  0]LogPakFile: PakFile FullDirectoryIndexSize=140
[2022.09.29-17.29.38:727][  0]LogShaderLibrary: Display: ShaderCodeLibraryPakFileMountedCallback: PakFile 'E:/PROGRAMS/Unreal Engine/UE_4.27/FeaturePacks/TP_TopDown.upack' (chunk index -1, root 'root:/') mounted
[2022.09.29-17.29.38:727][  0]LogShaderLibrary: Display: ShaderCodeLibraryPakFileMountedCallback: pending pak file info (ChunkID:-1 Root:root:/ File:E:/PROGRAMS/Unreal Engine/UE_4.27/FeaturePacks/TP_TopDown.upack)
[2022.09.29-17.29.38:727][  0]LogPakFile: OnPakFileMounted2Time == 0.000048
[2022.09.29-17.29.38:728][  0]LogPakFile: PakFile PrimaryIndexSize=185
[2022.09.29-17.29.38:728][  0]LogPakFile: PakFile PathHashIndexSize=101
[2022.09.29-17.29.38:728][  0]LogPakFile: PakFile FullDirectoryIndexSize=144
[2022.09.29-17.29.38:728][  0]LogShaderLibrary: Display: ShaderCodeLibraryPakFileMountedCallback: PakFile 'E:/PROGRAMS/Unreal Engine/UE_4.27/FeaturePacks/TP_TopDownBP.upack' (chunk index -1, root 'root:/') mounted
[2022.09.29-17.29.38:728][  0]LogShaderLibrary: Display: ShaderCodeLibraryPakFileMountedCallback: pending pak file info (ChunkID:-1 Root:root:/ File:E:/PROGRAMS/Unreal Engine/UE_4.27/FeaturePacks/TP_TopDownBP.upack)
[2022.09.29-17.29.38:728][  0]LogPakFile: OnPakFileMounted2Time == 0.000064
[2022.09.29-17.29.38:729][  0]LogPakFile: PakFile PrimaryIndexSize=185
[2022.09.29-17.29.38:729][  0]LogPakFile: PakFile PathHashIndexSize=101
[2022.09.29-17.29.38:729][  0]LogPakFile: PakFile FullDirectoryIndexSize=144
[2022.09.29-17.29.38:729][  0]LogShaderLibrary: Display: ShaderCodeLibraryPakFileMountedCallback: PakFile 'E:/PROGRAMS/Unreal Engine/UE_4.27/FeaturePacks/TP_TwinStick.upack' (chunk index -1, root 'root:/') mounted
[2022.09.29-17.29.38:729][  0]LogShaderLibrary: Display: ShaderCodeLibraryPakFileMountedCallback: pending pak file info (ChunkID:-1 Root:root:/ File:E:/PROGRAMS/Unreal Engine/UE_4.27/FeaturePacks/TP_TwinStick.upack)
[2022.09.29-17.29.38:729][  0]LogPakFile: OnPakFileMounted2Time == 0.000065
[2022.09.29-17.29.38:731][  0]LogPakFile: PakFile PrimaryIndexSize=187
[2022.09.29-17.29.38:731][  0]LogPakFile: PakFile PathHashIndexSize=101
[2022.09.29-17.29.38:731][  0]LogPakFile: PakFile FullDirectoryIndexSize=148
[2022.09.29-17.29.38:731][  0]LogShaderLibrary: Display: ShaderCodeLibraryPakFileMountedCallback: PakFile 'E:/PROGRAMS/Unreal Engine/UE_4.27/FeaturePacks/TP_TwinStickBP.upack' (chunk index -1, root 'root:/') mounted
[2022.09.29-17.29.38:731][  0]LogShaderLibrary: Display: ShaderCodeLibraryPakFileMountedCallback: pending pak file info (ChunkID:-1 Root:root:/ File:E:/PROGRAMS/Unreal Engine/UE_4.27/FeaturePacks/TP_TwinStickBP.upack)
[2022.09.29-17.29.38:731][  0]LogPakFile: OnPakFileMounted2Time == 0.000041
[2022.09.29-17.29.38:732][  0]LogPakFile: PakFile PrimaryIndexSize=183
[2022.09.29-17.29.38:732][  0]LogPakFile: PakFile PathHashIndexSize=101
[2022.09.29-17.29.38:732][  0]LogPakFile: PakFile FullDirectoryIndexSize=140
[2022.09.29-17.29.38:732][  0]LogShaderLibrary: Display: ShaderCodeLibraryPakFileMountedCallback: PakFile 'E:/PROGRAMS/Unreal Engine/UE_4.27/FeaturePacks/TP_Vehicle.upack' (chunk index -1, root 'root:/') mounted
[2022.09.29-17.29.38:732][  0]LogShaderLibrary: Display: ShaderCodeLibraryPakFileMountedCallback: pending pak file info (ChunkID:-1 Root:root:/ File:E:/PROGRAMS/Unreal Engine/UE_4.27/FeaturePacks/TP_Vehicle.upack)
[2022.09.29-17.29.38:732][  0]LogPakFile: OnPakFileMounted2Time == 0.000047
[2022.09.29-17.29.38:733][  0]LogPakFile: PakFile PrimaryIndexSize=186
[2022.09.29-17.29.38:733][  0]LogPakFile: PakFile PathHashIndexSize=101
[2022.09.29-17.29.38:733][  0]LogPakFile: PakFile FullDirectoryIndexSize=146
[2022.09.29-17.29.38:733][  0]LogShaderLibrary: Display: ShaderCodeLibraryPakFileMountedCallback: PakFile 'E:/PROGRAMS/Unreal Engine/UE_4.27/FeaturePacks/TP_VehicleAdv.upack' (chunk index -1, root 'root:/') mounted
[2022.09.29-17.29.38:733][  0]LogShaderLibrary: Display: ShaderCodeLibraryPakFileMountedCallback: pending pak file info (ChunkID:-1 Root:root:/ File:E:/PROGRAMS/Unreal Engine/UE_4.27/FeaturePacks/TP_VehicleAdv.upack)
[2022.09.29-17.29.38:733][  0]LogPakFile: OnPakFileMounted2Time == 0.000064
[2022.09.29-17.29.38:734][  0]LogPakFile: PakFile PrimaryIndexSize=188
[2022.09.29-17.29.38:734][  0]LogPakFile: PakFile PathHashIndexSize=101
[2022.09.29-17.29.38:734][  0]LogPakFile: PakFile FullDirectoryIndexSize=150
[2022.09.29-17.29.38:734][  0]LogShaderLibrary: Display: ShaderCodeLibraryPakFileMountedCallback: PakFile 'E:/PROGRAMS/Unreal Engine/UE_4.27/FeaturePacks/TP_VehicleAdvBP.upack' (chunk index -1, root 'root:/') mounted
[2022.09.29-17.29.38:734][  0]LogShaderLibrary: Display: ShaderCodeLibraryPakFileMountedCallback: pending pak file info (ChunkID:-1 Root:root:/ File:E:/PROGRAMS/Unreal Engine/UE_4.27/FeaturePacks/TP_VehicleAdvBP.upack)
[2022.09.29-17.29.38:734][  0]LogPakFile: OnPakFileMounted2Time == 0.000044
[2022.09.29-17.29.38:735][  0]LogPakFile: PakFile PrimaryIndexSize=185
[2022.09.29-17.29.38:735][  0]LogPakFile: PakFile PathHashIndexSize=101
[2022.09.29-17.29.38:735][  0]LogPakFile: PakFile FullDirectoryIndexSize=144
[2022.09.29-17.29.38:735][  0]LogShaderLibrary: Display: ShaderCodeLibraryPakFileMountedCallback: PakFile 'E:/PROGRAMS/Unreal Engine/UE_4.27/FeaturePacks/TP_VehicleBP.upack' (chunk index -1, root 'root:/') mounted
[2022.09.29-17.29.38:735][  0]LogShaderLibrary: Display: ShaderCodeLibraryPakFileMountedCallback: pending pak file info (ChunkID:-1 Root:root:/ File:E:/PROGRAMS/Unreal Engine/UE_4.27/FeaturePacks/TP_VehicleBP.upack)
[2022.09.29-17.29.38:735][  0]LogPakFile: OnPakFileMounted2Time == 0.000036
[2022.09.29-17.29.38:736][  0]LogPakFile: PakFile PrimaryIndexSize=192
[2022.09.29-17.29.38:736][  0]LogPakFile: PakFile PathHashIndexSize=101
[2022.09.29-17.29.38:736][  0]LogPakFile: PakFile FullDirectoryIndexSize=158
[2022.09.29-17.29.38:736][  0]LogShaderLibrary: Display: ShaderCodeLibraryPakFileMountedCallback: PakFile 'E:/PROGRAMS/Unreal Engine/UE_4.27/FeaturePacks/TP_VirtualRealityBP.upack' (chunk index -1, root 'root:/') mounted
[2022.09.29-17.29.38:736][  0]LogShaderLibrary: Display: ShaderCodeLibraryPakFileMountedCallback: pending pak file info (ChunkID:-1 Root:root:/ File:E:/PROGRAMS/Unreal Engine/UE_4.27/FeaturePacks/TP_VirtualRealityBP.upack)
[2022.09.29-17.29.38:736][  0]LogPakFile: OnPakFileMounted2Time == 0.000038
[2022.09.29-17.29.38:826][  0]LogNativeClassHierarchy: Verbose: Native class hierarchy updated for 'AddContentDialog' in 0.0003 seconds. Added 0 classes and 0 folders.
[2022.09.29-17.29.38:827][  0]LogNativeClassHierarchy: Verbose: Native class hierarchy updated for 'SceneOutliner' in 0.0002 seconds. Added 2 classes and 0 folders.
[2022.09.29-17.29.38:850][  0]LogSlate: Took 0.000234 seconds to synchronously load lazily loaded font '../../../Engine/Content/Slate/Fonts/Roboto-Regular.ttf' (155K)
[2022.09.29-17.29.38:852][  0]LogSlate: Took 0.000219 seconds to synchronously load lazily loaded font '../../../Engine/Content/Editor/Slate/Fonts/FontAwesome.ttf' (139K)
[2022.09.29-17.29.38:853][  0]LogSlate: Took 0.000173 seconds to synchronously load lazily loaded font '../../../Engine/Content/Slate/Fonts/Roboto-Bold.ttf' (160K)
[2022.09.29-17.29.38:966][  0]LogRenderer: Reallocating scene render targets to support 1020x572 Format 10 NumSamples 1 (Frame:1).
[2022.09.29-17.29.39:627][  0]LogSlate: Took 0.000283 seconds to synchronously load lazily loaded font '../../../Engine/Content/Slate/Fonts/Roboto-Light.ttf' (167K)
[2022.09.29-17.29.39:683][  0]LogNativeClassHierarchy: Verbose: Native class hierarchy updated for 'HierarchicalLODOutliner' in 0.0003 seconds. Added 0 classes and 0 folders.
[2022.09.29-17.29.39:683][  0]LogLoad: (Engine Initialization) Total time: 11.56 seconds
[2022.09.29-17.29.39:683][  0]LogLoad: (Engine Initialization) Total Blueprint compile time: 0.00 seconds
[2022.09.29-17.29.39:774][  0]LogContentStreaming: Texture pool size now 1000 MB
[2022.09.29-17.29.39:808][  1]LogAssetRegistry: Asset discovery search completed in 6.8635 seconds
[2022.09.29-17.29.39:817][  1]LogCollectionManager: Fixed up redirectors for 0 collections in 0.000001 seconds (updated 0 objects)
[2022.09.29-17.29.40:887][ 83]LogSlate: Took 0.000283 seconds to synchronously load lazily loaded font '../../../Engine/Content/Slate/Fonts/Roboto-Italic.ttf' (157K)
