Log file open, 09/27/22 12:45:21
LogWindows: Failed to load 'aqProf.dll' (GetLastError=126)
LogWindows: File 'aqProf.dll' does not exist
LogWindows: Failed to load 'VtuneApi.dll' (GetLastError=126)
LogWindows: File 'VtuneApi.dll' does not exist
LogWindows: Failed to load 'VtuneApi32e.dll' (GetLastError=126)
LogWindows: File 'VtuneApi32e.dll' does not exist
LogConsoleResponse: Display: Failed to find resolution value strings in scalability ini. Falling back to default.
LogConsoleResponse: Display: Failed to find resolution value strings in scalability ini. Falling back to default.
LogInit: Display: Running engine for game: OutOfSight
LogPlatformFile: Not using cached read wrapper
LogTaskGraph: Started task graph with 5 named threads and 35 total threads with 3 sets of task threads.
LogStats: Stats thread started at 0.266702
LogICUInternationalization: ICU TimeZone Detection - Raw Offset: -4:00, Platform Override: ''
LogInit: Display: Loading text-based GConfig....
LogPluginManager: Mounting plugin MeshPainting
LogPluginManager: Mounting plugin XGEController
LogPluginManager: Mounting plugin Paper2D
LogPluginManager: Mounting plugin LightPropagationVolume
LogPluginManager: Mounting plugin LiveLink
LogPluginManager: Mounting plugin AISupport
LogPluginManager: Mounting plugin EnvironmentQueryEditor
LogPluginManager: Mounting plugin CameraShakePreviewer
LogPluginManager: Mounting plugin GameplayCameras
LogPluginManager: Mounting plugin OodleNetwork
LogPluginManager: Mounting plugin OodleData
LogPluginManager: Mounting plugin AnimationSharing
LogPluginManager: Mounting plugin CLionSourceCodeAccess
LogPluginManager: Mounting plugin CodeLiteSourceCodeAccess
LogPluginManager: Mounting plugin GitSourceControl
LogPluginManager: Mounting plugin KDevelopSourceCodeAccess
LogPluginManager: Mounting plugin NullSourceCodeAccess
LogPluginManager: Mounting plugin PixWinPlugin
LogPluginManager: Mounting plugin PerforceSourceControl
LogPluginManager: Mounting plugin PlasticSourceControl
LogPluginManager: Mounting plugin PluginUtils
LogPluginManager: Mounting plugin PropertyAccessNode
LogPluginManager: Mounting plugin RiderSourceCodeAccess
LogPluginManager: Mounting plugin SubversionSourceControl
LogPluginManager: Mounting plugin AssetManagerEditor
LogPluginManager: Mounting plugin TextureFormatOodle
LogPluginManager: Mounting plugin UObjectPlugin
LogPluginManager: Mounting plugin XCodeSourceCodeAccess
LogPluginManager: Mounting plugin VisualStudioCodeSourceCodeAccess
LogPluginManager: Mounting plugin VisualStudioSourceCodeAccess
LogPluginManager: Mounting plugin CryptoKeys
LogPluginManager: Mounting plugin CurveEditorTools
LogPluginManager: Mounting plugin DataValidation
LogPluginManager: Mounting plugin FacialAnimation
LogPluginManager: Mounting plugin GameplayTagsEditor
LogPluginManager: Mounting plugin GeometryMode
LogPluginManager: Mounting plugin MaterialAnalyzer
LogPluginManager: Mounting plugin MacGraphicsSwitching
LogPluginManager: Mounting plugin MobileLauncherProfileWizard
LogPluginManager: Mounting plugin PluginBrowser
LogPluginManager: Mounting plugin SpeedTreeImporter
LogPluginManager: Mounting plugin DatasmithContent
LogPluginManager: Mounting plugin AlembicImporter
LogPluginManager: Mounting plugin VariantManagerContent
LogPluginManager: Mounting plugin Niagara
LogPluginManager: Mounting plugin AutomationUtils
LogPluginManager: Mounting plugin BackChannel
LogPluginManager: Mounting plugin ChaosCloth
LogPluginManager: Mounting plugin ChaosEditor
LogPluginManager: Mounting plugin ChaosClothEditor
LogPluginManager: Mounting plugin ChaosNiagara
LogPluginManager: Mounting plugin ChaosSolverPlugin
LogPluginManager: Mounting plugin CharacterAI
LogPluginManager: Mounting plugin GeometryCache
LogPluginManager: Mounting plugin GeometryCollectionPlugin
LogPluginManager: Mounting plugin GeometryProcessing
LogPluginManager: Mounting plugin MotoSynth
LogPluginManager: Mounting plugin OpenImageDenoise
LogPluginManager: Mounting plugin PlanarCut
LogPluginManager: Mounting plugin PlatformCrypto
LogPluginManager: Mounting plugin PythonScriptPlugin
LogPluginManager: Mounting plugin ProxyLODPlugin
LogPluginManager: Mounting plugin SkeletalReduction
LogPluginManager: Mounting plugin AndroidMedia
LogPluginManager: Mounting plugin LuminPlatformFeatures
LogPluginManager: Mounting plugin MagicLeap
LogPluginManager: Mounting plugin AvfMedia
LogPluginManager: Mounting plugin ImgMedia
LogPluginManager: Mounting plugin MediaCompositing
LogPluginManager: Mounting plugin MediaPlayerEditor
LogPluginManager: Mounting plugin WmfMedia
LogPluginManager: Mounting plugin WebMMedia
LogPluginManager: Mounting plugin MagicLeapLightEstimation
LogPluginManager: Mounting plugin MagicLeapMedia
LogPluginManager: Mounting plugin MagicLeapPassableWorld
LogPluginManager: Mounting plugin ActorSequence
LogPluginManager: Mounting plugin MLSDK
LogPluginManager: Mounting plugin LevelSequenceEditor
LogPluginManager: Mounting plugin MatineeToLevelSequence
LogPluginManager: Mounting plugin TemplateSequence
LogPluginManager: Mounting plugin TcpMessaging
LogPluginManager: Mounting plugin UdpMessaging
LogPluginManager: Mounting plugin OnlineSubsystem
LogPluginManager: Mounting plugin OnlineSubsystemNull
LogPluginManager: Mounting plugin LauncherChunkInstaller
LogPluginManager: Mounting plugin OnlineSubsystemUtils
LogPluginManager: Mounting plugin ActorLayerUtilities
LogPluginManager: Mounting plugin AndroidDeviceProfileSelector
LogPluginManager: Mounting plugin AndroidMoviePlayer
LogPluginManager: Mounting plugin AndroidPermission
LogPluginManager: Mounting plugin AppleImageUtils
LogPluginManager: Mounting plugin AppleMoviePlayer
LogPluginManager: Mounting plugin ArchVisCharacter
LogPluginManager: Mounting plugin AssetTags
LogPluginManager: Mounting plugin AudioCapture
LogPluginManager: Mounting plugin AudioSynesthesia
LogPluginManager: Mounting plugin CableComponent
LogPluginManager: Mounting plugin ChunkDownloader
LogPluginManager: Mounting plugin CustomMeshComponent
LogPluginManager: Mounting plugin EditableMesh
LogPluginManager: Mounting plugin ExampleDeviceProfileSelector
LogPluginManager: Mounting plugin GoogleCloudMessaging
LogPluginManager: Mounting plugin GooglePAD
LogPluginManager: Mounting plugin IOSDeviceProfileSelector
LogPluginManager: Mounting plugin LinuxDeviceProfileSelector
LogPluginManager: Mounting plugin LocationServicesBPLibrary
LogPluginManager: Mounting plugin MobilePatchingUtils
LogPluginManager: Mounting plugin OpenXR
LogPluginManager: Mounting plugin OpenXREyeTracker
LogPluginManager: Mounting plugin OpenXRHandTracking
LogPluginManager: Mounting plugin PhysXVehicles
LogPluginManager: Mounting plugin PostSplashScreen
LogPluginManager: Mounting plugin ProceduralMeshComponent
LogPluginManager: Mounting plugin PropertyAccessEditor
LogPluginManager: Mounting plugin RuntimePhysXCooking
LogPluginManager: Mounting plugin SignificanceManager
LogPluginManager: Mounting plugin SoundFields
LogPluginManager: Mounting plugin Synthesis
LogPluginManager: Mounting plugin WebMMoviePlayer
LogPluginManager: Mounting plugin WindowsMoviePlayer
LogPluginManager: Mounting plugin ScreenshotTools
LogPluginManager: Mounting plugin Takes
LogPluginManager: Mounting plugin ContentBrowserAssetDataSource
LogPluginManager: Mounting plugin ContentBrowserClassDataSource
LogPluginManager: Mounting plugin ContentBrowserFileDataSource
LogPluginManager: Mounting plugin OnlineSubsystemGooglePlay
LogPluginManager: Mounting plugin OnlineSubsystemIOS
LogPluginManager: Mounting plugin OculusVR
LogPluginManager: Mounting plugin SteamVR
PixWinPlugin: PIX capture plugin failed to initialize! Check that the process is launched from PIX.
LogInit: Using libcurl 7.55.1-DEV
LogInit:  - built for x86_64-pc-win32
LogInit:  - supports SSL with OpenSSL/1.1.1
LogInit:  - supports HTTP deflate (compression) using libz 1.2.8
LogInit:  - other features:
LogInit:      CURL_VERSION_SSL
LogInit:      CURL_VERSION_LIBZ
LogInit:      CURL_VERSION_IPV6
LogInit:      CURL_VERSION_ASYNCHDNS
LogInit:      CURL_VERSION_LARGEFILE
LogInit:      CURL_VERSION_IDN
LogInit:  CurlRequestOptions (configurable via config and command line):
LogInit:  - bVerifyPeer = true  - Libcurl will verify peer certificate
LogInit:  - bUseHttpProxy = false  - Libcurl will NOT use HTTP proxy
LogInit:  - bDontReuseConnections = false  - Libcurl will reuse connections
LogInit:  - MaxHostConnections = 16  - Libcurl will limit the number of connections to a host
LogInit:  - LocalHostAddr = Default
LogInit:  - BufferSize = 65536
LogOnline: OSS: Creating online subsystem instance for: NULL
LogInit: WinSock: version 1.1 (2.2), MaxSocks=32767, MaxUdp=65467
LogOnline: OSS: TryLoadSubsystemAndSetDefault: Loaded subsystem for module [NULL]
LogOculusPluginWrapper: OculusPlugin initialized successfully
LogHMD: Failed initializing OVRPlugin 1.59.0
LogInit: Build: ++UE4+Release-4.27-CL-18319896
LogInit: Engine Version: 4.27.2-18319896+++UE4+Release-4.27
LogInit: Compatible Engine Version: 4.27.0-17155196+++UE4+Release-4.27
LogInit: Net CL: 17155196
LogInit: OS: Windows 10 (Release 2009) (), CPU: AMD Ryzen 5 2600 Six-Core Processor            , GPU: NVIDIA GeForce GTX 1080
LogInit: Compiled (64-bit): Nov 30 2021 07:12:08
LogInit: Compiled with Visual C++: 19.24.28315.00
LogInit: Build Configuration: Development
LogInit: Branch Name: ++UE4+Release-4.27
LogInit: Command Line: 
LogInit: Base Directory: E:/PROGRAMS/Unreal Engine/UE_4.27/Engine/Binaries/Win64/
LogInit: Allocator: TBB
LogInit: Installed Engine Build: 1
LogDevObjectVersion: Number of dev versions registered: 29
LogDevObjectVersion:   Dev-Blueprints (B0D832E4-1F89-4F0D-ACCF-7EB736FD4AA2): 10
LogDevObjectVersion:   Dev-Build (E1C64328-A22C-4D53-A36C-8E866417BD8C): 0
LogDevObjectVersion:   Dev-Core (375EC13C-06E4-48FB-B500-84F0262A717E): 4
LogDevObjectVersion:   Dev-Editor (E4B068ED-F494-42E9-A231-DA0B2E46BB41): 40
LogDevObjectVersion:   Dev-Framework (CFFC743F-43B0-4480-9391-14DF171D2073): 37
LogDevObjectVersion:   Dev-Mobile (B02B49B5-BB20-44E9-A304-32B752E40360): 3
LogDevObjectVersion:   Dev-Networking (A4E4105C-59A1-49B5-A7C5-40C4547EDFEE): 0
LogDevObjectVersion:   Dev-Online (39C831C9-5AE6-47DC-9A44-9C173E1C8E7C): 0
LogDevObjectVersion:   Dev-Physics (78F01B33-EBEA-4F98-B9B4-84EACCB95AA2): 14
LogDevObjectVersion:   Dev-Platform (6631380F-2D4D-43E0-8009-CF276956A95A): 0
LogDevObjectVersion:   Dev-Rendering (12F88B9F-8875-4AFC-A67C-D90C383ABD29): 45
LogDevObjectVersion:   Dev-Sequencer (7B5AE74C-D270-4C10-A958-57980B212A5A): 13
LogDevObjectVersion:   Dev-VR (D7296918-1DD6-4BDD-9DE2-64A83CC13884): 3
LogDevObjectVersion:   Dev-LoadTimes (C2A15278-BFE7-4AFE-6C17-90FF531DF755): 1
LogDevObjectVersion:   Private-Geometry (6EACA3D4-40EC-4CC1-B786-8BED09428FC5): 3
LogDevObjectVersion:   Dev-AnimPhys (29E575DD-E0A3-4627-9D10-D276232CDCEA): 17
LogDevObjectVersion:   Dev-Anim (AF43A65D-7FD3-4947-9873-3E8ED9C1BB05): 15
LogDevObjectVersion:   Dev-ReflectionCapture (6B266CEC-1EC7-4B8F-A30B-E4D90942FC07): 1
LogDevObjectVersion:   Dev-Automation (0DF73D61-A23F-47EA-B727-89E90C41499A): 1
LogDevObjectVersion:   FortniteMain (601D1886-AC64-4F84-AA16-D3DE0DEAC7D6): 47
LogDevObjectVersion:   FortniteRelease (E7086368-6B23-4C58-8439-1B7016265E91): 1
LogDevObjectVersion:   Dev-Enterprise (9DFFBCD6-494F-0158-E221-12823C92A888): 10
LogDevObjectVersion:   Dev-Niagara (F2AED0AC-9AFE-416F-8664-AA7FFA26D6FC): 1
LogDevObjectVersion:   Dev-Destruction (174F1F0B-B4C6-45A5-B13F-2EE8D0FB917D): 10
LogDevObjectVersion:   Dev-Physics-Ext (35F94A83-E258-406C-A318-09F59610247C): 41
LogDevObjectVersion:   Dev-PhysicsMaterial-Chaos (B68FC16E-8B1B-42E2-B453-215C058844FE): 1
LogDevObjectVersion:   Dev-CineCamera (B2E18506-4273-CFC2-A54E-F4BB758BBA07): 1
LogDevObjectVersion:   Dev-VirtualProduction (64F58936-FD1B-42BA-BA96-7289D5D0FA4E): 1
LogDevObjectVersion:   Dev-MediaFramework (6F0ED827-A609-4895-9C91-998D90180EA4): 2
LogInit: Presizing for max 25165824 objects, including 0 objects not considered by GC, pre-allocating 0 bytes for permanent pool.
LogConfig: Applying CVar settings from Section [/Script/Engine.StreamingSettings] File [E:/UnrealProjects(git)/OutOfSight/OutOfSight/Saved/Config/Windows/Engine.ini]
LogConfig: Setting CVar [[s.MinBulkDataSizeForAsyncLoading:131072]]
LogConfig: Setting CVar [[s.AsyncLoadingThreadEnabled:0]]
LogConfig: Setting CVar [[s.EventDrivenLoaderEnabled:1]]
LogConfig: Setting CVar [[s.WarnIfTimeLimitExceeded:0]]
LogConfig: Setting CVar [[s.TimeLimitExceededMultiplier:1.5]]
LogConfig: Setting CVar [[s.TimeLimitExceededMinTime:0.005]]
LogConfig: Setting CVar [[s.UseBackgroundLevelStreaming:1]]
LogConfig: Setting CVar [[s.PriorityAsyncLoadingExtraTime:15.0]]
LogConfig: Setting CVar [[s.LevelStreamingActorsUpdateTimeLimit:5.0]]
LogConfig: Setting CVar [[s.PriorityLevelStreamingActorsUpdateExtraTime:5.0]]
LogConfig: Setting CVar [[s.LevelStreamingComponentsRegistrationGranularity:10]]
LogConfig: Setting CVar [[s.UnregisterComponentsTimeLimit:1.0]]
LogConfig: Setting CVar [[s.LevelStreamingComponentsUnregistrationGranularity:5]]
LogConfig: Setting CVar [[s.FlushStreamingOnExit:1]]
LogInit: Object subsystem initialized
LogConfig: Setting CVar [[con.DebugEarlyDefault:1]]
LogConfig: Setting CVar [[r.setres:1280x720]]
[2022.09.27-15.45.22:951][  0]LogConfig: Setting CVar [[r.VSync:0]]
[2022.09.27-15.45.22:951][  0]LogConfig: Setting CVar [[r.RHICmdBypass:0]]
[2022.09.27-15.45.22:951][  0]LogConfig: Applying CVar settings from Section [/Script/Engine.RendererSettings] File [E:/UnrealProjects(git)/OutOfSight/OutOfSight/Saved/Config/Windows/Engine.ini]
[2022.09.27-15.45.22:951][  0]LogConfig: Setting CVar [[r.GPUCrashDebugging:0]]
[2022.09.27-15.45.22:951][  0]LogConfig: Applying CVar settings from Section [/Script/Engine.RendererOverrideSettings] File [E:/UnrealProjects(git)/OutOfSight/OutOfSight/Saved/Config/Windows/Engine.ini]
[2022.09.27-15.45.22:951][  0]LogConfig: Applying CVar settings from Section [/Script/Engine.StreamingSettings] File [E:/UnrealProjects(git)/OutOfSight/OutOfSight/Saved/Config/Windows/Engine.ini]
[2022.09.27-15.45.22:951][  0]LogConfig: Setting CVar [[s.MinBulkDataSizeForAsyncLoading:131072]]
[2022.09.27-15.45.22:951][  0]LogConfig: Setting CVar [[s.AsyncLoadingThreadEnabled:0]]
[2022.09.27-15.45.22:951][  0]LogConfig: Setting CVar [[s.EventDrivenLoaderEnabled:1]]
[2022.09.27-15.45.22:951][  0]LogConfig: Setting CVar [[s.WarnIfTimeLimitExceeded:0]]
[2022.09.27-15.45.22:951][  0]LogConfig: Setting CVar [[s.TimeLimitExceededMultiplier:1.5]]
[2022.09.27-15.45.22:951][  0]LogConfig: Setting CVar [[s.TimeLimitExceededMinTime:0.005]]
[2022.09.27-15.45.22:951][  0]LogConfig: Setting CVar [[s.UseBackgroundLevelStreaming:1]]
[2022.09.27-15.45.22:951][  0]LogConfig: Setting CVar [[s.PriorityAsyncLoadingExtraTime:15.0]]
[2022.09.27-15.45.22:951][  0]LogConfig: Setting CVar [[s.LevelStreamingActorsUpdateTimeLimit:5.0]]
[2022.09.27-15.45.22:951][  0]LogConfig: Setting CVar [[s.PriorityLevelStreamingActorsUpdateExtraTime:5.0]]
[2022.09.27-15.45.22:951][  0]LogConfig: Setting CVar [[s.LevelStreamingComponentsRegistrationGranularity:10]]
[2022.09.27-15.45.22:951][  0]LogConfig: Setting CVar [[s.UnregisterComponentsTimeLimit:1.0]]
[2022.09.27-15.45.22:951][  0]LogConfig: Setting CVar [[s.LevelStreamingComponentsUnregistrationGranularity:5]]
[2022.09.27-15.45.22:951][  0]LogConfig: Setting CVar [[s.FlushStreamingOnExit:1]]
[2022.09.27-15.45.22:951][  0]LogConfig: Applying CVar settings from Section [/Script/Engine.GarbageCollectionSettings] File [E:/UnrealProjects(git)/OutOfSight/OutOfSight/Saved/Config/Windows/Engine.ini]
[2022.09.27-15.45.22:951][  0]LogConfig: Setting CVar [[gc.MaxObjectsNotConsideredByGC:1]]
[2022.09.27-15.45.22:951][  0]LogConfig: Setting CVar [[gc.SizeOfPermanentObjectPool:0]]
[2022.09.27-15.45.22:951][  0]LogConfig: Setting CVar [[gc.FlushStreamingOnGC:0]]
[2022.09.27-15.45.22:951][  0]LogConfig: Setting CVar [[gc.NumRetriesBeforeForcingGC:10]]
[2022.09.27-15.45.22:951][  0]LogConfig: Setting CVar [[gc.AllowParallelGC:1]]
[2022.09.27-15.45.22:951][  0]LogConfig: Setting CVar [[gc.TimeBetweenPurgingPendingKillObjects:61.1]]
[2022.09.27-15.45.22:951][  0]LogConfig: Setting CVar [[gc.MaxObjectsInEditor:25165824]]
[2022.09.27-15.45.22:951][  0]LogConfig: Setting CVar [[gc.IncrementalBeginDestroyEnabled:1]]
[2022.09.27-15.45.22:951][  0]LogConfig: Setting CVar [[gc.CreateGCClusters:1]]
[2022.09.27-15.45.22:951][  0]LogConfig: Setting CVar [[gc.MinGCClusterSize:5]]
[2022.09.27-15.45.22:951][  0]LogConfig: Setting CVar [[gc.ActorClusteringEnabled:0]]
[2022.09.27-15.45.22:951][  0]LogConfig: Setting CVar [[gc.BlueprintClusteringEnabled:0]]
[2022.09.27-15.45.22:951][  0]LogConfig: Setting CVar [[gc.UseDisregardForGCOnDedicatedServers:0]]
[2022.09.27-15.45.22:951][  0]LogConfig: Setting CVar [[gc.MultithreadedDestructionEnabled:1]]
[2022.09.27-15.45.22:951][  0]LogConfig: Applying CVar settings from Section [/Script/Engine.NetworkSettings] File [E:/UnrealProjects(git)/OutOfSight/OutOfSight/Saved/Config/Windows/Engine.ini]
[2022.09.27-15.45.22:951][  0]LogConfig: Applying CVar settings from Section [/Script/UnrealEd.CookerSettings] File [E:/UnrealProjects(git)/OutOfSight/OutOfSight/Saved/Config/Windows/Engine.ini]
[2022.09.27-15.45.23:011][  0]LogConfig: Applying CVar settings from Section [ViewDistanceQuality@3] File [E:/UnrealProjects(git)/OutOfSight/OutOfSight/Saved/Config/Windows/Scalability.ini]
[2022.09.27-15.45.23:011][  0]LogConfig: Setting CVar [[r.SkeletalMeshLODBias:0]]
[2022.09.27-15.45.23:011][  0]LogConfig: Setting CVar [[r.ViewDistanceScale:1.0]]
[2022.09.27-15.45.23:011][  0]LogConfig: Applying CVar settings from Section [AntiAliasingQuality@3] File [E:/UnrealProjects(git)/OutOfSight/OutOfSight/Saved/Config/Windows/Scalability.ini]
[2022.09.27-15.45.23:011][  0]LogConfig: Setting CVar [[r.PostProcessAAQuality:4]]
[2022.09.27-15.45.23:011][  0]LogConfig: Applying CVar settings from Section [ShadowQuality@3] File [E:/UnrealProjects(git)/OutOfSight/OutOfSight/Saved/Config/Windows/Scalability.ini]
[2022.09.27-15.45.23:011][  0]LogConfig: Setting CVar [[r.LightFunctionQuality:1]]
[2022.09.27-15.45.23:011][  0]LogConfig: Setting CVar [[r.ShadowQuality:5]]
[2022.09.27-15.45.23:011][  0]LogConfig: Setting CVar [[r.Shadow.CSM.MaxCascades:10]]
[2022.09.27-15.45.23:011][  0]LogConfig: Setting CVar [[r.Shadow.MaxResolution:2048]]
[2022.09.27-15.45.23:011][  0]LogConfig: Setting CVar [[r.Shadow.MaxCSMResolution:2048]]
[2022.09.27-15.45.23:011][  0]LogConfig: Setting CVar [[r.Shadow.RadiusThreshold:0.01]]
[2022.09.27-15.45.23:011][  0]LogConfig: Setting CVar [[r.Shadow.DistanceScale:1.0]]
[2022.09.27-15.45.23:011][  0]LogConfig: Setting CVar [[r.Shadow.CSM.TransitionScale:1.0]]
[2022.09.27-15.45.23:011][  0]LogConfig: Setting CVar [[r.Shadow.PreShadowResolutionFactor:1.0]]
[2022.09.27-15.45.23:011][  0]LogConfig: Setting CVar [[r.DistanceFieldShadowing:1]]
[2022.09.27-15.45.23:011][  0]LogConfig: Setting CVar [[r.DistanceFieldAO:1]]
[2022.09.27-15.45.23:011][  0]LogConfig: Setting CVar [[r.AOQuality:2]]
[2022.09.27-15.45.23:011][  0]LogConfig: Setting CVar [[r.VolumetricFog:1]]
[2022.09.27-15.45.23:011][  0]LogConfig: Setting CVar [[r.VolumetricFog.GridPixelSize:8]]
[2022.09.27-15.45.23:011][  0]LogConfig: Setting CVar [[r.VolumetricFog.GridSizeZ:128]]
[2022.09.27-15.45.23:011][  0]LogConfig: Setting CVar [[r.VolumetricFog.HistoryMissSupersampleCount:4]]
[2022.09.27-15.45.23:011][  0]LogConfig: Setting CVar [[r.LightMaxDrawDistanceScale:1]]
[2022.09.27-15.45.23:011][  0]LogConfig: Setting CVar [[r.CapsuleShadows:1]]
[2022.09.27-15.45.23:011][  0]LogConfig: Applying CVar settings from Section [PostProcessQuality@3] File [E:/UnrealProjects(git)/OutOfSight/OutOfSight/Saved/Config/Windows/Scalability.ini]
[2022.09.27-15.45.23:011][  0]LogConfig: Setting CVar [[r.MotionBlurQuality:4]]
[2022.09.27-15.45.23:011][  0]LogConfig: Setting CVar [[r.AmbientOcclusionMipLevelFactor:0.4]]
[2022.09.27-15.45.23:011][  0]LogConfig: Setting CVar [[r.AmbientOcclusionMaxQuality:100]]
[2022.09.27-15.45.23:011][  0]LogConfig: Setting CVar [[r.AmbientOcclusionLevels:-1]]
[2022.09.27-15.45.23:011][  0]LogConfig: Setting CVar [[r.AmbientOcclusionRadiusScale:1.0]]
[2022.09.27-15.45.23:011][  0]LogConfig: Setting CVar [[r.DepthOfFieldQuality:2]]
[2022.09.27-15.45.23:011][  0]LogConfig: Setting CVar [[r.RenderTargetPoolMin:400]]
[2022.09.27-15.45.23:011][  0]LogConfig: Setting CVar [[r.LensFlareQuality:2]]
[2022.09.27-15.45.23:011][  0]LogConfig: Setting CVar [[r.SceneColorFringeQuality:1]]
[2022.09.27-15.45.23:011][  0]LogConfig: Setting CVar [[r.EyeAdaptationQuality:2]]
[2022.09.27-15.45.23:011][  0]LogConfig: Setting CVar [[r.BloomQuality:5]]
[2022.09.27-15.45.23:011][  0]LogConfig: Setting CVar [[r.FastBlurThreshold:100]]
[2022.09.27-15.45.23:011][  0]LogConfig: Setting CVar [[r.Upscale.Quality:3]]
[2022.09.27-15.45.23:011][  0]LogConfig: Setting CVar [[r.Tonemapper.GrainQuantization:1]]
[2022.09.27-15.45.23:011][  0]LogConfig: Setting CVar [[r.LightShaftQuality:1]]
[2022.09.27-15.45.23:011][  0]LogConfig: Setting CVar [[r.Filter.SizeScale:1]]
[2022.09.27-15.45.23:011][  0]LogConfig: Setting CVar [[r.Tonemapper.Quality:5]]
[2022.09.27-15.45.23:011][  0]LogConfig: Setting CVar [[r.DOF.Gather.AccumulatorQuality:1        ; higher gathering accumulator quality]]
[2022.09.27-15.45.23:012][  0]LogConfig: Setting CVar [[r.DOF.Gather.PostfilterMethod:1          ; Median3x3 postfilering method]]
[2022.09.27-15.45.23:012][  0]LogConfig: Setting CVar [[r.DOF.Gather.EnableBokehSettings:0       ; no bokeh simulation when gathering]]
[2022.09.27-15.45.23:012][  0]LogConfig: Setting CVar [[r.DOF.Gather.RingCount:4                 ; medium number of samples when gathering]]
[2022.09.27-15.45.23:012][  0]LogConfig: Setting CVar [[r.DOF.Scatter.ForegroundCompositing:1    ; additive foreground scattering]]
[2022.09.27-15.45.23:012][  0]LogConfig: Setting CVar [[r.DOF.Scatter.BackgroundCompositing:2    ; additive background scattering]]
[2022.09.27-15.45.23:012][  0]LogConfig: Setting CVar [[r.DOF.Scatter.EnableBokehSettings:1      ; bokeh simulation when scattering]]
[2022.09.27-15.45.23:012][  0]LogConfig: Setting CVar [[r.DOF.Scatter.MaxSpriteRatio:0.1         ; only a maximum of 10% of scattered bokeh]]
[2022.09.27-15.45.23:012][  0]LogConfig: Setting CVar [[r.DOF.Recombine.Quality:1                ; cheap slight out of focus]]
[2022.09.27-15.45.23:012][  0]LogConfig: Setting CVar [[r.DOF.Recombine.EnableBokehSettings:0    ; no bokeh simulation on slight out of focus]]
[2022.09.27-15.45.23:012][  0]LogConfig: Setting CVar [[r.DOF.TemporalAAQuality:1                ; more stable temporal accumulation]]
[2022.09.27-15.45.23:012][  0]LogConfig: Setting CVar [[r.DOF.Kernel.MaxForegroundRadius:0.025]]
[2022.09.27-15.45.23:012][  0]LogConfig: Setting CVar [[r.DOF.Kernel.MaxBackgroundRadius:0.025]]
[2022.09.27-15.45.23:012][  0]LogConfig: Applying CVar settings from Section [TextureQuality@3] File [E:/UnrealProjects(git)/OutOfSight/OutOfSight/Saved/Config/Windows/Scalability.ini]
[2022.09.27-15.45.23:012][  0]LogConfig: Setting CVar [[r.Streaming.MipBias:0]]
[2022.09.27-15.45.23:012][  0]LogConfig: Setting CVar [[r.Streaming.AmortizeCPUToGPUCopy:0]]
[2022.09.27-15.45.23:012][  0]LogConfig: Setting CVar [[r.Streaming.MaxNumTexturesToStreamPerFrame:0]]
[2022.09.27-15.45.23:012][  0]LogConfig: Setting CVar [[r.Streaming.Boost:1]]
[2022.09.27-15.45.23:012][  0]LogConfig: Setting CVar [[r.MaxAnisotropy:8]]
[2022.09.27-15.45.23:012][  0]LogConfig: Setting CVar [[r.VT.MaxAnisotropy:8]]
[2022.09.27-15.45.23:012][  0]LogConfig: Setting CVar [[r.Streaming.LimitPoolSizeToVRAM:0]]
[2022.09.27-15.45.23:012][  0]LogConfig: Setting CVar [[r.Streaming.PoolSize:1000]]
[2022.09.27-15.45.23:012][  0]LogConfig: Setting CVar [[r.Streaming.MaxEffectiveScreenSize:0]]
[2022.09.27-15.45.23:012][  0]LogConfig: Applying CVar settings from Section [EffectsQuality@3] File [E:/UnrealProjects(git)/OutOfSight/OutOfSight/Saved/Config/Windows/Scalability.ini]
[2022.09.27-15.45.23:012][  0]LogConfig: Setting CVar [[r.TranslucencyLightingVolumeDim:64]]
[2022.09.27-15.45.23:012][  0]LogConfig: Setting CVar [[r.RefractionQuality:2]]
[2022.09.27-15.45.23:012][  0]LogConfig: Setting CVar [[r.SSR.Quality:3]]
[2022.09.27-15.45.23:012][  0]LogConfig: Setting CVar [[r.SSR.HalfResSceneColor:0]]
[2022.09.27-15.45.23:012][  0]LogConfig: Setting CVar [[r.SceneColorFormat:4]]
[2022.09.27-15.45.23:012][  0]LogConfig: Setting CVar [[r.DetailMode:2]]
[2022.09.27-15.45.23:012][  0]LogConfig: Setting CVar [[r.TranslucencyVolumeBlur:1]]
[2022.09.27-15.45.23:012][  0]LogConfig: Setting CVar [[r.MaterialQualityLevel:1 ; High quality]]
[2022.09.27-15.45.23:012][  0]LogConfig: Setting CVar [[r.AnisotropicMaterials:1]]
[2022.09.27-15.45.23:012][  0]LogConfig: Setting CVar [[r.SSS.Scale:1]]
[2022.09.27-15.45.23:012][  0]LogConfig: Setting CVar [[r.SSS.SampleSet:2]]
[2022.09.27-15.45.23:012][  0]LogConfig: Setting CVar [[r.SSS.Quality:1]]
[2022.09.27-15.45.23:012][  0]LogConfig: Setting CVar [[r.SSS.HalfRes:0]]
[2022.09.27-15.45.23:012][  0]LogConfig: Setting CVar [[r.SSGI.Quality:3]]
[2022.09.27-15.45.23:012][  0]LogConfig: Setting CVar [[r.EmitterSpawnRateScale:1.0]]
[2022.09.27-15.45.23:012][  0]LogConfig: Setting CVar [[r.ParticleLightQuality:2]]
[2022.09.27-15.45.23:012][  0]LogConfig: Setting CVar [[r.SkyAtmosphere.AerialPerspectiveLUT.FastApplyOnOpaque:1 ; Always have FastSkyLUT 1 in this case to avoid wrong sky]]
[2022.09.27-15.45.23:012][  0]LogConfig: Setting CVar [[r.SkyAtmosphere.AerialPerspectiveLUT.SampleCountMaxPerSlice:4]]
[2022.09.27-15.45.23:012][  0]LogConfig: Setting CVar [[r.SkyAtmosphere.AerialPerspectiveLUT.DepthResolution:16.0]]
[2022.09.27-15.45.23:012][  0]LogConfig: Setting CVar [[r.SkyAtmosphere.FastSkyLUT:1]]
[2022.09.27-15.45.23:012][  0]LogConfig: Setting CVar [[r.SkyAtmosphere.FastSkyLUT.SampleCountMin:4.0]]
[2022.09.27-15.45.23:012][  0]LogConfig: Setting CVar [[r.SkyAtmosphere.FastSkyLUT.SampleCountMax:128.0]]
[2022.09.27-15.45.23:012][  0]LogConfig: Setting CVar [[r.SkyAtmosphere.SampleCountMin:4.0]]
[2022.09.27-15.45.23:012][  0]LogConfig: Setting CVar [[r.SkyAtmosphere.SampleCountMax:128.0]]
[2022.09.27-15.45.23:012][  0]LogConfig: Setting CVar [[r.SkyAtmosphere.TransmittanceLUT.UseSmallFormat:0]]
[2022.09.27-15.45.23:012][  0]LogConfig: Setting CVar [[r.SkyAtmosphere.TransmittanceLUT.SampleCount:10.0]]
[2022.09.27-15.45.23:012][  0]LogConfig: Setting CVar [[r.SkyAtmosphere.MultiScatteringLUT.SampleCount:15.0]]
[2022.09.27-15.45.23:012][  0]LogConfig: Setting CVar [[r.SkyLight.RealTimeReflectionCapture:1]]
[2022.09.27-15.45.23:012][  0]LogConfig: Applying CVar settings from Section [FoliageQuality@3] File [E:/UnrealProjects(git)/OutOfSight/OutOfSight/Saved/Config/Windows/Scalability.ini]
[2022.09.27-15.45.23:012][  0]LogConfig: Setting CVar [[foliage.DensityScale:1.0]]
[2022.09.27-15.45.23:012][  0]LogConfig: Setting CVar [[grass.DensityScale:1.0]]
[2022.09.27-15.45.23:012][  0]LogConfig: Applying CVar settings from Section [ShadingQuality@3] File [E:/UnrealProjects(git)/OutOfSight/OutOfSight/Saved/Config/Windows/Scalability.ini]
[2022.09.27-15.45.23:012][  0]LogConfig: Setting CVar [[r.HairStrands.SkyLighting.IntegrationType:2]]
[2022.09.27-15.45.23:013][  0]LogConfig: Setting CVar [[r.HairStrands.SkyAO.SampleCount:4]]
[2022.09.27-15.45.23:013][  0]LogConfig: Setting CVar [[r.HairStrands.Visibility.MSAA.SamplePerPixel:4]]
[2022.09.27-15.45.23:013][  0]LogInit: Selected Device Profile: [Windows]
[2022.09.27-15.45.23:013][  0]LogInit: Applying CVar settings loaded from the selected device profile: [Windows]
[2022.09.27-15.45.23:013][  0]LogHAL: Display: Platform has ~ 16 GB [17111375872 / 17179869184 / 16], which maps to Larger [LargestMinGB=32, LargerMinGB=12, DefaultMinGB=8, SmallerMinGB=6, SmallestMinGB=0)
[2022.09.27-15.45.23:013][  0]LogInit: Going up to parent DeviceProfile []
[2022.09.27-15.45.23:013][  0]LogConfig: Applying CVar settings from Section [ViewDistanceQuality@3] File [E:/UnrealProjects(git)/OutOfSight/OutOfSight/Saved/Config/Windows/Scalability.ini]
[2022.09.27-15.45.23:013][  0]LogConfig: Setting CVar [[r.SkeletalMeshLODBias:0]]
[2022.09.27-15.45.23:013][  0]LogConfig: Setting CVar [[r.ViewDistanceScale:1.0]]
[2022.09.27-15.45.23:013][  0]LogConfig: Applying CVar settings from Section [AntiAliasingQuality@3] File [E:/UnrealProjects(git)/OutOfSight/OutOfSight/Saved/Config/Windows/Scalability.ini]
[2022.09.27-15.45.23:013][  0]LogConfig: Setting CVar [[r.PostProcessAAQuality:4]]
[2022.09.27-15.45.23:013][  0]LogConfig: Applying CVar settings from Section [ShadowQuality@3] File [E:/UnrealProjects(git)/OutOfSight/OutOfSight/Saved/Config/Windows/Scalability.ini]
[2022.09.27-15.45.23:013][  0]LogConfig: Setting CVar [[r.LightFunctionQuality:1]]
[2022.09.27-15.45.23:013][  0]LogConfig: Setting CVar [[r.ShadowQuality:5]]
[2022.09.27-15.45.23:013][  0]LogConfig: Setting CVar [[r.Shadow.CSM.MaxCascades:10]]
[2022.09.27-15.45.23:013][  0]LogConfig: Setting CVar [[r.Shadow.MaxResolution:2048]]
[2022.09.27-15.45.23:013][  0]LogConfig: Setting CVar [[r.Shadow.MaxCSMResolution:2048]]
[2022.09.27-15.45.23:013][  0]LogConfig: Setting CVar [[r.Shadow.RadiusThreshold:0.01]]
[2022.09.27-15.45.23:013][  0]LogConfig: Setting CVar [[r.Shadow.DistanceScale:1.0]]
[2022.09.27-15.45.23:013][  0]LogConfig: Setting CVar [[r.Shadow.CSM.TransitionScale:1.0]]
[2022.09.27-15.45.23:013][  0]LogConfig: Setting CVar [[r.Shadow.PreShadowResolutionFactor:1.0]]
[2022.09.27-15.45.23:013][  0]LogConfig: Setting CVar [[r.DistanceFieldShadowing:1]]
[2022.09.27-15.45.23:013][  0]LogConfig: Setting CVar [[r.DistanceFieldAO:1]]
[2022.09.27-15.45.23:013][  0]LogConfig: Setting CVar [[r.AOQuality:2]]
[2022.09.27-15.45.23:013][  0]LogConfig: Setting CVar [[r.VolumetricFog:1]]
[2022.09.27-15.45.23:013][  0]LogConfig: Setting CVar [[r.VolumetricFog.GridPixelSize:8]]
[2022.09.27-15.45.23:013][  0]LogConfig: Setting CVar [[r.VolumetricFog.GridSizeZ:128]]
[2022.09.27-15.45.23:013][  0]LogConfig: Setting CVar [[r.VolumetricFog.HistoryMissSupersampleCount:4]]
[2022.09.27-15.45.23:013][  0]LogConfig: Setting CVar [[r.LightMaxDrawDistanceScale:1]]
[2022.09.27-15.45.23:013][  0]LogConfig: Setting CVar [[r.CapsuleShadows:1]]
[2022.09.27-15.45.23:013][  0]LogConfig: Applying CVar settings from Section [PostProcessQuality@3] File [E:/UnrealProjects(git)/OutOfSight/OutOfSight/Saved/Config/Windows/Scalability.ini]
[2022.09.27-15.45.23:013][  0]LogConfig: Setting CVar [[r.MotionBlurQuality:4]]
[2022.09.27-15.45.23:013][  0]LogConfig: Setting CVar [[r.AmbientOcclusionMipLevelFactor:0.4]]
[2022.09.27-15.45.23:013][  0]LogConfig: Setting CVar [[r.AmbientOcclusionMaxQuality:100]]
[2022.09.27-15.45.23:013][  0]LogConfig: Setting CVar [[r.AmbientOcclusionLevels:-1]]
[2022.09.27-15.45.23:013][  0]LogConfig: Setting CVar [[r.AmbientOcclusionRadiusScale:1.0]]
[2022.09.27-15.45.23:013][  0]LogConfig: Setting CVar [[r.DepthOfFieldQuality:2]]
[2022.09.27-15.45.23:013][  0]LogConfig: Setting CVar [[r.RenderTargetPoolMin:400]]
[2022.09.27-15.45.23:013][  0]LogConfig: Setting CVar [[r.LensFlareQuality:2]]
[2022.09.27-15.45.23:013][  0]LogConfig: Setting CVar [[r.SceneColorFringeQuality:1]]
[2022.09.27-15.45.23:013][  0]LogConfig: Setting CVar [[r.EyeAdaptationQuality:2]]
[2022.09.27-15.45.23:013][  0]LogConfig: Setting CVar [[r.BloomQuality:5]]
[2022.09.27-15.45.23:013][  0]LogConfig: Setting CVar [[r.FastBlurThreshold:100]]
[2022.09.27-15.45.23:013][  0]LogConfig: Setting CVar [[r.Upscale.Quality:3]]
[2022.09.27-15.45.23:013][  0]LogConfig: Setting CVar [[r.Tonemapper.GrainQuantization:1]]
[2022.09.27-15.45.23:013][  0]LogConfig: Setting CVar [[r.LightShaftQuality:1]]
[2022.09.27-15.45.23:013][  0]LogConfig: Setting CVar [[r.Filter.SizeScale:1]]
[2022.09.27-15.45.23:013][  0]LogConfig: Setting CVar [[r.Tonemapper.Quality:5]]
[2022.09.27-15.45.23:013][  0]LogConfig: Setting CVar [[r.DOF.Gather.AccumulatorQuality:1        ; higher gathering accumulator quality]]
[2022.09.27-15.45.23:013][  0]LogConfig: Setting CVar [[r.DOF.Gather.PostfilterMethod:1          ; Median3x3 postfilering method]]
[2022.09.27-15.45.23:013][  0]LogConfig: Setting CVar [[r.DOF.Gather.EnableBokehSettings:0       ; no bokeh simulation when gathering]]
[2022.09.27-15.45.23:013][  0]LogConfig: Setting CVar [[r.DOF.Gather.RingCount:4                 ; medium number of samples when gathering]]
[2022.09.27-15.45.23:013][  0]LogConfig: Setting CVar [[r.DOF.Scatter.ForegroundCompositing:1    ; additive foreground scattering]]
[2022.09.27-15.45.23:013][  0]LogConfig: Setting CVar [[r.DOF.Scatter.BackgroundCompositing:2    ; additive background scattering]]
[2022.09.27-15.45.23:013][  0]LogConfig: Setting CVar [[r.DOF.Scatter.EnableBokehSettings:1      ; bokeh simulation when scattering]]
[2022.09.27-15.45.23:013][  0]LogConfig: Setting CVar [[r.DOF.Scatter.MaxSpriteRatio:0.1         ; only a maximum of 10% of scattered bokeh]]
[2022.09.27-15.45.23:013][  0]LogConfig: Setting CVar [[r.DOF.Recombine.Quality:1                ; cheap slight out of focus]]
[2022.09.27-15.45.23:013][  0]LogConfig: Setting CVar [[r.DOF.Recombine.EnableBokehSettings:0    ; no bokeh simulation on slight out of focus]]
[2022.09.27-15.45.23:013][  0]LogConfig: Setting CVar [[r.DOF.TemporalAAQuality:1                ; more stable temporal accumulation]]
[2022.09.27-15.45.23:013][  0]LogConfig: Setting CVar [[r.DOF.Kernel.MaxForegroundRadius:0.025]]
[2022.09.27-15.45.23:013][  0]LogConfig: Setting CVar [[r.DOF.Kernel.MaxBackgroundRadius:0.025]]
[2022.09.27-15.45.23:013][  0]LogConfig: Applying CVar settings from Section [TextureQuality@3] File [E:/UnrealProjects(git)/OutOfSight/OutOfSight/Saved/Config/Windows/Scalability.ini]
[2022.09.27-15.45.23:013][  0]LogConfig: Setting CVar [[r.Streaming.MipBias:0]]
[2022.09.27-15.45.23:014][  0]LogConfig: Setting CVar [[r.Streaming.AmortizeCPUToGPUCopy:0]]
[2022.09.27-15.45.23:014][  0]LogConfig: Setting CVar [[r.Streaming.MaxNumTexturesToStreamPerFrame:0]]
[2022.09.27-15.45.23:014][  0]LogConfig: Setting CVar [[r.Streaming.Boost:1]]
[2022.09.27-15.45.23:014][  0]LogConfig: Setting CVar [[r.MaxAnisotropy:8]]
[2022.09.27-15.45.23:014][  0]LogConfig: Setting CVar [[r.VT.MaxAnisotropy:8]]
[2022.09.27-15.45.23:014][  0]LogConfig: Setting CVar [[r.Streaming.LimitPoolSizeToVRAM:0]]
[2022.09.27-15.45.23:014][  0]LogConfig: Setting CVar [[r.Streaming.PoolSize:1000]]
[2022.09.27-15.45.23:014][  0]LogConfig: Setting CVar [[r.Streaming.MaxEffectiveScreenSize:0]]
[2022.09.27-15.45.23:014][  0]LogConfig: Applying CVar settings from Section [EffectsQuality@3] File [E:/UnrealProjects(git)/OutOfSight/OutOfSight/Saved/Config/Windows/Scalability.ini]
[2022.09.27-15.45.23:014][  0]LogConfig: Setting CVar [[r.TranslucencyLightingVolumeDim:64]]
[2022.09.27-15.45.23:014][  0]LogConfig: Setting CVar [[r.RefractionQuality:2]]
[2022.09.27-15.45.23:014][  0]LogConfig: Setting CVar [[r.SSR.Quality:3]]
[2022.09.27-15.45.23:014][  0]LogConfig: Setting CVar [[r.SSR.HalfResSceneColor:0]]
[2022.09.27-15.45.23:014][  0]LogConfig: Setting CVar [[r.SceneColorFormat:4]]
[2022.09.27-15.45.23:014][  0]LogConfig: Setting CVar [[r.DetailMode:2]]
[2022.09.27-15.45.23:014][  0]LogConfig: Setting CVar [[r.TranslucencyVolumeBlur:1]]
[2022.09.27-15.45.23:014][  0]LogConfig: Setting CVar [[r.MaterialQualityLevel:1 ; High quality]]
[2022.09.27-15.45.23:014][  0]LogConfig: Setting CVar [[r.AnisotropicMaterials:1]]
[2022.09.27-15.45.23:014][  0]LogConfig: Setting CVar [[r.SSS.Scale:1]]
[2022.09.27-15.45.23:014][  0]LogConfig: Setting CVar [[r.SSS.SampleSet:2]]
[2022.09.27-15.45.23:014][  0]LogConfig: Setting CVar [[r.SSS.Quality:1]]
[2022.09.27-15.45.23:014][  0]LogConfig: Setting CVar [[r.SSS.HalfRes:0]]
[2022.09.27-15.45.23:014][  0]LogConfig: Setting CVar [[r.SSGI.Quality:3]]
[2022.09.27-15.45.23:014][  0]LogConfig: Setting CVar [[r.EmitterSpawnRateScale:1.0]]
[2022.09.27-15.45.23:014][  0]LogConfig: Setting CVar [[r.ParticleLightQuality:2]]
[2022.09.27-15.45.23:014][  0]LogConfig: Setting CVar [[r.SkyAtmosphere.AerialPerspectiveLUT.FastApplyOnOpaque:1 ; Always have FastSkyLUT 1 in this case to avoid wrong sky]]
[2022.09.27-15.45.23:014][  0]LogConfig: Setting CVar [[r.SkyAtmosphere.AerialPerspectiveLUT.SampleCountMaxPerSlice:4]]
[2022.09.27-15.45.23:014][  0]LogConfig: Setting CVar [[r.SkyAtmosphere.AerialPerspectiveLUT.DepthResolution:16.0]]
[2022.09.27-15.45.23:014][  0]LogConfig: Setting CVar [[r.SkyAtmosphere.FastSkyLUT:1]]
[2022.09.27-15.45.23:014][  0]LogConfig: Setting CVar [[r.SkyAtmosphere.FastSkyLUT.SampleCountMin:4.0]]
[2022.09.27-15.45.23:014][  0]LogConfig: Setting CVar [[r.SkyAtmosphere.FastSkyLUT.SampleCountMax:128.0]]
[2022.09.27-15.45.23:014][  0]LogConfig: Setting CVar [[r.SkyAtmosphere.SampleCountMin:4.0]]
[2022.09.27-15.45.23:014][  0]LogConfig: Setting CVar [[r.SkyAtmosphere.SampleCountMax:128.0]]
[2022.09.27-15.45.23:014][  0]LogConfig: Setting CVar [[r.SkyAtmosphere.TransmittanceLUT.UseSmallFormat:0]]
[2022.09.27-15.45.23:014][  0]LogConfig: Setting CVar [[r.SkyAtmosphere.TransmittanceLUT.SampleCount:10.0]]
[2022.09.27-15.45.23:014][  0]LogConfig: Setting CVar [[r.SkyAtmosphere.MultiScatteringLUT.SampleCount:15.0]]
[2022.09.27-15.45.23:014][  0]LogConfig: Setting CVar [[r.SkyLight.RealTimeReflectionCapture:1]]
[2022.09.27-15.45.23:014][  0]LogConfig: Applying CVar settings from Section [FoliageQuality@3] File [E:/UnrealProjects(git)/OutOfSight/OutOfSight/Saved/Config/Windows/Scalability.ini]
[2022.09.27-15.45.23:014][  0]LogConfig: Setting CVar [[foliage.DensityScale:1.0]]
[2022.09.27-15.45.23:014][  0]LogConfig: Setting CVar [[grass.DensityScale:1.0]]
[2022.09.27-15.45.23:014][  0]LogConfig: Applying CVar settings from Section [ShadingQuality@3] File [E:/UnrealProjects(git)/OutOfSight/OutOfSight/Saved/Config/Windows/Scalability.ini]
[2022.09.27-15.45.23:014][  0]LogConfig: Setting CVar [[r.HairStrands.SkyLighting.IntegrationType:2]]
[2022.09.27-15.45.23:014][  0]LogConfig: Setting CVar [[r.HairStrands.SkyAO.SampleCount:4]]
[2022.09.27-15.45.23:014][  0]LogConfig: Setting CVar [[r.HairStrands.Visibility.MSAA.SamplePerPixel:4]]
[2022.09.27-15.45.23:014][  0]LogConfig: Applying CVar settings from Section [Startup] File [../../../Engine/Config/ConsoleVariables.ini]
[2022.09.27-15.45.23:015][  0]LogConfig: Setting CVar [[net.UseAdaptiveNetUpdateFrequency:0]]
[2022.09.27-15.45.23:015][  0]LogConfig: Setting CVar [[p.chaos.AllowCreatePhysxBodies:1]]
[2022.09.27-15.45.23:015][  0]LogConfig: Setting CVar [[fx.SkipVectorVMBackendOptimizations:1]]
[2022.09.27-15.45.23:015][  0]LogConfig: Applying CVar settings from Section [ConsoleVariables] File [E:/UnrealProjects(git)/OutOfSight/OutOfSight/Saved/Config/Windows/Engine.ini]
[2022.09.27-15.45.23:015][  0]LogConfig: Applying CVar settings from Section [ConsoleVariables] File [E:/UnrealProjects(git)/OutOfSight/OutOfSight/Saved/Config/Windows/Editor.ini]
[2022.09.27-15.45.23:015][  0]LogInit: Computer: DESKTOP-939JEED
[2022.09.27-15.45.23:015][  0]LogInit: User: deh10
[2022.09.27-15.45.23:015][  0]LogInit: CPU Page size=4096, Cores=6
[2022.09.27-15.45.23:015][  0]LogInit: High frequency timer resolution =10.000000 MHz
[2022.09.27-15.45.23:015][  0]LogMemory: Memory total: Physical=15.9GB (16GB approx)
[2022.09.27-15.45.23:015][  0]LogMemory: Platform Memory Stats for Windows
[2022.09.27-15.45.23:015][  0]LogMemory: Process Physical Memory: 145.83 MB used, 149.43 MB peak
[2022.09.27-15.45.23:015][  0]LogMemory: Process Virtual Memory: 129.50 MB used, 129.50 MB peak
[2022.09.27-15.45.23:015][  0]LogMemory: Physical Memory: 8881.81 MB used,  7436.87 MB free, 16318.68 MB total
[2022.09.27-15.45.23:015][  0]LogMemory: Virtual Memory: 134210704.00 MB used,  7027.54 MB free, 134217728.00 MB total
[2022.09.27-15.45.23:021][  0]LogWindows: WindowsPlatformFeatures enabled
[2022.09.27-15.45.23:072][  0]LogInit: Physics initialised using underlying interface: PhysX
[2022.09.27-15.45.23:073][  0]LogInit: Using OS detected language (en-US).
[2022.09.27-15.45.23:073][  0]LogInit: Using OS detected locale (en-US).
[2022.09.27-15.45.23:076][  0]LogTextLocalizationManager: No specific localization for 'en-US' exists, so the 'en' localization will be used.
[2022.09.27-15.45.23:317][  0]LogInit: Setting process to per monitor DPI aware
[2022.09.27-15.45.23:333][  0]LogWindowsTextInputMethodSystem: Display: IME system deactivated.
[2022.09.27-15.45.23:359][  0]LogSlate: New Slate User Created.  User Index 0, Is Virtual User: 0
[2022.09.27-15.45.23:359][  0]LogSlate: Slate User Registered.  User Index 0, Is Virtual User: 0
[2022.09.27-15.45.23:620][  0]LogD3D11RHI: Loaded GFSDK_Aftermath_Lib.x64.dll
[2022.09.27-15.45.23:666][  0]LogHMD: Failed to initialize OpenVR with code 126
[2022.09.27-15.45.23:666][  0]LogD3D11RHI: D3D11 min allowed feature level: 11_0
[2022.09.27-15.45.23:666][  0]LogD3D11RHI: D3D11 max allowed feature level: 11_0
[2022.09.27-15.45.23:666][  0]LogD3D11RHI: D3D11 adapters:
[2022.09.27-15.45.23:797][  0]LogD3D11RHI:    0. 'NVIDIA GeForce GTX 1080' (Feature Level 11_0)
[2022.09.27-15.45.23:797][  0]LogD3D11RHI:       8079/0/8159 MB DedicatedVideo/DedicatedSystem/SharedSystem, Outputs:2, VendorId:0x10de
[2022.09.27-15.45.23:800][  0]LogD3D11RHI:    1. 'Microsoft Basic Render Driver' (Feature Level 11_0)
[2022.09.27-15.45.23:800][  0]LogD3D11RHI:       0/0/8159 MB DedicatedVideo/DedicatedSystem/SharedSystem, Outputs:0, VendorId:0x1414
[2022.09.27-15.45.23:800][  0]LogD3D11RHI: Chosen D3D11 Adapter:
[2022.09.27-15.45.23:800][  0]LogD3D11RHI:     Description : NVIDIA GeForce GTX 1080
[2022.09.27-15.45.23:800][  0]LogD3D11RHI:     VendorId    : 10de
[2022.09.27-15.45.23:800][  0]LogD3D11RHI:     DeviceId    : 1b80
[2022.09.27-15.45.23:800][  0]LogD3D11RHI:     SubSysId    : 61813842
[2022.09.27-15.45.23:800][  0]LogD3D11RHI:     Revision    : 00a1
[2022.09.27-15.45.23:800][  0]LogD3D11RHI:     DedicatedVideoMemory : 8471445504 bytes
[2022.09.27-15.45.23:800][  0]LogD3D11RHI:     DedicatedSystemMemory : 0 bytes
[2022.09.27-15.45.23:800][  0]LogD3D11RHI:     SharedSystemMemory : 8555687936 bytes
[2022.09.27-15.45.23:800][  0]LogD3D11RHI:     AdapterLuid : 0 60469
[2022.09.27-15.45.23:809][  0]LogD3D11RHI: Creating new Direct3DDevice
[2022.09.27-15.45.23:809][  0]LogD3D11RHI:     GPU DeviceId: 0x1b80 (for the marketing name, search the web for "GPU Device Id")
[2022.09.27-15.45.23:809][  0]LogWindows: EnumDisplayDevices:
[2022.09.27-15.45.23:809][  0]LogWindows:    0. 'NVIDIA GeForce GTX 1080' (P:1 D:1)
[2022.09.27-15.45.23:809][  0]LogWindows:    1. 'NVIDIA GeForce GTX 1080' (P:0 D:1)
[2022.09.27-15.45.23:809][  0]LogWindows:    2. 'NVIDIA GeForce GTX 1080' (P:0 D:0)
[2022.09.27-15.45.23:810][  0]LogWindows:    3. 'NVIDIA GeForce GTX 1080' (P:0 D:0)
[2022.09.27-15.45.23:810][  0]LogWindows: DebugString: FoundDriverCount:4 
[2022.09.27-15.45.23:810][  0]LogD3D11RHI:     Adapter Name: NVIDIA GeForce GTX 1080
[2022.09.27-15.45.23:810][  0]LogD3D11RHI:   Driver Version: 516.59 (internal:31.0.15.1659, unified:516.59)
[2022.09.27-15.45.23:810][  0]LogD3D11RHI:      Driver Date: 6-23-2022
[2022.09.27-15.45.23:810][  0]LogRHI: Texture pool is 5655 MB (70% of 8079 MB)
[2022.09.27-15.45.23:810][  0]LogD3D11RHI: Creating D3DDevice using adapter:
[2022.09.27-15.45.23:810][  0]LogD3D11RHI:     Description : NVIDIA GeForce GTX 1080
[2022.09.27-15.45.23:810][  0]LogD3D11RHI:     VendorId    : 10de
[2022.09.27-15.45.23:810][  0]LogD3D11RHI:     DeviceId    : 1b80
[2022.09.27-15.45.23:810][  0]LogD3D11RHI:     SubSysId    : 61813842
[2022.09.27-15.45.23:810][  0]LogD3D11RHI:     Revision    : 00a1
[2022.09.27-15.45.23:810][  0]LogD3D11RHI:     DedicatedVideoMemory : 8471445504 bytes
[2022.09.27-15.45.23:810][  0]LogD3D11RHI:     DedicatedSystemMemory : 0 bytes
[2022.09.27-15.45.23:810][  0]LogD3D11RHI:     SharedSystemMemory : 8555687936 bytes
[2022.09.27-15.45.23:810][  0]LogD3D11RHI:     AdapterLuid : 0 60469
[2022.09.27-15.45.23:898][  0]LogD3D11RHI: RHI has support for 64 bit atomics
[2022.09.27-15.45.23:898][  0]LogD3D11RHI: Async texture creation enabled
[2022.09.27-15.45.23:898][  0]LogD3D11RHI: Array index from any shader is supported
[2022.09.27-15.45.23:901][  0]LogD3D11RHI: HDR output is supported on display 1 (NvId: 0x80061082).
[2022.09.27-15.45.23:920][  0]LogD3D11RHI: GPU Timing Frequency: 1000.000000 (Debug: 2 1)
[2022.09.27-15.45.23:948][  0]LogRHI: GeForceNow SDK initialized: 1
[2022.09.27-15.45.24:395][  0]LogTargetPlatformManager: Display: Loaded TargetPlatform 'AllDesktop'
[2022.09.27-15.45.24:423][  0]LogTargetPlatformManager: Display: Loaded TargetPlatform 'Android'
[2022.09.27-15.45.24:423][  0]LogTargetPlatformManager: Display: Loaded TargetPlatform 'Android_ASTC'
[2022.09.27-15.45.24:423][  0]LogTargetPlatformManager: Display: Loaded TargetPlatform 'Android_DXT'
[2022.09.27-15.45.24:423][  0]LogTargetPlatformManager: Display: Loaded TargetPlatform 'Android_ETC2'
[2022.09.27-15.45.24:423][  0]LogTargetPlatformManager: Display: Loaded TargetPlatform 'AndroidClient'
[2022.09.27-15.45.24:423][  0]LogTargetPlatformManager: Display: Loaded TargetPlatform 'Android_ASTCClient'
[2022.09.27-15.45.24:423][  0]LogTargetPlatformManager: Display: Loaded TargetPlatform 'Android_DXTClient'
[2022.09.27-15.45.24:423][  0]LogTargetPlatformManager: Display: Loaded TargetPlatform 'Android_ETC2Client'
[2022.09.27-15.45.24:423][  0]LogTargetPlatformManager: Display: Loaded TargetPlatform 'Android_Multi'
[2022.09.27-15.45.24:423][  0]LogTargetPlatformManager: Display: Loaded TargetPlatform 'Android_MultiClient'
[2022.09.27-15.45.24:444][  0]LogTargetPlatformManager: Display: Loaded TargetPlatform 'IOSClient'
[2022.09.27-15.45.24:444][  0]LogTargetPlatformManager: Display: Loaded TargetPlatform 'IOS'
[2022.09.27-15.45.24:456][  0]LogTargetPlatformManager: Display: Loaded TargetPlatform 'Linux'
[2022.09.27-15.45.24:462][  0]LogTargetPlatformManager: Display: Loaded TargetPlatform 'LinuxNoEditor'
[2022.09.27-15.45.24:468][  0]LogTargetPlatformManager: Display: Loaded TargetPlatform 'LinuxClient'
[2022.09.27-15.45.24:474][  0]LogTargetPlatformManager: Display: Loaded TargetPlatform 'LinuxServer'
[2022.09.27-15.45.24:485][  0]LogTargetPlatformManager: Display: Loaded TargetPlatform 'LinuxAArch64NoEditor'
[2022.09.27-15.45.24:491][  0]LogTargetPlatformManager: Display: Loaded TargetPlatform 'LinuxAArch64Client'
[2022.09.27-15.45.24:498][  0]LogTargetPlatformManager: Display: Loaded TargetPlatform 'LinuxAArch64Server'
[2022.09.27-15.45.24:530][  0]LogTargetPlatformManager: Display: Loaded TargetPlatform 'Lumin'
[2022.09.27-15.45.24:531][  0]LogTargetPlatformManager: Display: Loaded TargetPlatform 'LuminClient'
[2022.09.27-15.45.24:541][  0]LogTargetPlatformManager: Display: Loaded TargetPlatform 'MacNoEditor'
[2022.09.27-15.45.24:549][  0]LogTargetPlatformManager: Display: Loaded TargetPlatform 'Mac'
[2022.09.27-15.45.24:556][  0]LogTargetPlatformManager: Display: Loaded TargetPlatform 'MacClient'
[2022.09.27-15.45.24:562][  0]LogTargetPlatformManager: Display: Loaded TargetPlatform 'MacServer'
[2022.09.27-15.45.24:575][  0]LogTargetPlatformManager: Display: Loaded TargetPlatform 'TVOSClient'
[2022.09.27-15.45.24:575][  0]LogTargetPlatformManager: Display: Loaded TargetPlatform 'TVOS'
[2022.09.27-15.45.24:586][  0]LogTargetPlatformManager: Display: Loaded TargetPlatform 'WindowsNoEditor'
[2022.09.27-15.45.24:592][  0]LogTargetPlatformManager: Display: Loaded TargetPlatform 'Windows'
[2022.09.27-15.45.24:598][  0]LogTargetPlatformManager: Display: Loaded TargetPlatform 'WindowsClient'
[2022.09.27-15.45.24:605][  0]LogTargetPlatformManager: Display: Loaded TargetPlatform 'WindowsServer'
[2022.09.27-15.45.24:605][  0]LogTargetPlatformManager: Display: Building Assets For Windows
[2022.09.27-15.45.24:615][  0]LogAudioDebug: Display: Lib vorbis DLL was dynamically loaded.
[2022.09.27-15.45.24:652][  0]LogTextureFormatOodle: Display: Oodle Texture 2.9.0 init RDO Off
[2022.09.27-15.45.24:696][  0]LogRendererCore: Ray tracing is disabled. Reason: r.RayTracing=0.
[2022.09.27-15.45.24:696][  0]LogShaderCompilers: Guid format shader working directory is -14 characters bigger than the processId version (../../../../../../UnrealProjects(git)/OutOfSight/OutOfSight/Intermediate/Shaders/WorkingDirectory/20752/).
[2022.09.27-15.45.24:696][  0]LogShaderCompilers: Cleaned the shader compiler working directory 'C:/Users/deh10/AppData/Local/Temp/UnrealShaderWorkingDir/A7F89F334F91FCEF93229EAE543C2CE4/'.
[2022.09.27-15.45.24:697][  0]LogXGEController: Cannot use XGE Controller as Incredibuild is not installed on this machine.
[2022.09.27-15.45.24:697][  0]LogShaderCompilers: Cannot use XGE Shader Compiler as Incredibuild is not installed on this machine.
[2022.09.27-15.45.24:697][  0]LogShaderCompilers: Display: Using Local Shader Compiler.
[2022.09.27-15.45.25:568][  0]LogDerivedDataCache: Display: Max Cache Size: 512 MB
[2022.09.27-15.45.25:655][  0]LogDerivedDataCache: Loaded boot cache 0.09s 94MB C:/Users/deh10/AppData/Local/UnrealEngine/4.27/DerivedDataCache/Boot.ddc.
[2022.09.27-15.45.25:656][  0]LogDerivedDataCache: Display: Loaded Boot cache: C:/Users/deh10/AppData/Local/UnrealEngine/4.27/DerivedDataCache/Boot.ddc
[2022.09.27-15.45.25:656][  0]LogDerivedDataCache: FDerivedDataBackendGraph:  Pak pak cache file ../../../../../../UnrealProjects(git)/OutOfSight/OutOfSight/DerivedDataCache/DDC.ddp not found, will not use a pak cache.
[2022.09.27-15.45.25:656][  0]LogDerivedDataCache: Unable to find inner node Pak for hierarchical cache Hierarchy.
[2022.09.27-15.45.25:656][  0]LogDerivedDataCache: FDerivedDataBackendGraph:  CompressedPak pak cache file ../../../../../../UnrealProjects(git)/OutOfSight/OutOfSight/DerivedDataCache/Compressed.ddp not found, will not use a pak cache.
[2022.09.27-15.45.25:656][  0]LogDerivedDataCache: Unable to find inner node CompressedPak for hierarchical cache Hierarchy.
[2022.09.27-15.45.25:676][  0]LogDerivedDataCache: Display: Pak cache opened for reading ../../../Engine/DerivedDataCache/Compressed.ddp.
[2022.09.27-15.45.25:677][  0]LogDerivedDataCache: FDerivedDataBackendGraph:  EnterprisePak pak cache file ../../../Enterprise/DerivedDataCache/Compressed.ddp not found, will not use a pak cache.
[2022.09.27-15.45.25:677][  0]LogDerivedDataCache: Unable to find inner node EnterprisePak for hierarchical cache Hierarchy.
[2022.09.27-15.45.25:690][  0]LogDerivedDataCache: Speed tests for C:/Users/deh10/AppData/Local/UnrealEngine/Common/DerivedDataCache took 0.01 seconds
[2022.09.27-15.45.25:691][  0]LogDerivedDataCache: Display: Performance to C:/Users/deh10/AppData/Local/UnrealEngine/Common/DerivedDataCache: Latency=0.06ms. RandomReadSpeed=790.28MBs, RandomWriteSpeed=78.76MBs. Assigned SpeedClass 'Local'
[2022.09.27-15.45.25:692][  0]LogDerivedDataCache: Using Local data cache path C:/Users/deh10/AppData/Local/UnrealEngine/Common/DerivedDataCache: Writable
[2022.09.27-15.45.25:692][  0]LogDerivedDataCache: Shared data cache path not found in *engine.ini, will not use an Shared cache.
[2022.09.27-15.45.25:692][  0]LogDerivedDataCache: Unable to find inner node Shared for hierarchical cache Hierarchy.
[2022.09.27-15.45.25:750][  0]LogSlate: Using FreeType 2.10.0
[2022.09.27-15.45.25:751][  0]LogSlate: SlateFontServices - WITH_FREETYPE: 1, WITH_HARFBUZZ: 1
[2022.09.27-15.45.25:784][  0]LogAssetRegistry: FAssetRegistry took 0.0030 seconds to start up
[2022.09.27-15.45.26:063][  0]LogInit: Selected Device Profile: [Windows]
[2022.09.27-15.45.26:063][  0]LogInit: Active device profile: [00000215373EBF00][0000021529C08400 49] Windows
[2022.09.27-15.45.26:063][  0]LogInit: Profiles: [00000215373EBF00][0000021529C08400 49] Windows, [00000215373F7E00][0000021529C10580 49] WindowsNoEditor, [00000215373E8300][000002152FD18700 49] WindowsServer, [00000215373F6B00][0000021529C0C840 49] WindowsClient, [00000215373E9800][000002152FD1C980 49] IOS, [00000215373F5E00][000002152FD20AC0 49] iPadAir, [00000215373EA100][000002152FD28C40 49] iPadAir2, [00000215373A8100][000002152A0E8F00 49] IPadPro, [00000215373A8200][000002152FD2CF40 49] iPadAir3, [00000215373EBB00][000002152A0ED0C0 49] iPadAir4, [00000215373AB800][000002152A0F1240 49] iPadMini2, [00000215373E8500][000002152A0F53C0 49] iPadMini3, [00000215373A9100][000002152A0F9540 49] iPadMini4, [00000215373EAE00][000002152A0FD6C0 49] iPadMini5, [0000021537397900][0000021536971980 49] iPhone6, [0000021537397A00][000002152A1019C0 49] iPodTouch6, [00000215373A9F00][0000021536978100 49] iPhone7, [00000215373A9E00][0000021536974140 49] iPodTouch7, [0000021537394700][000002153697C2C0 49] iPhone5S, [00000215373AB300][0000021536980440 49] iPhone6Plus, [0000021537395400][00000215369845C0 49] iPhone6S, [00000215373AA400][0000021536988740 49] iPhone6SPlus, [0000021537395100][000002153698C8C0 49] iPhone7Plus, [00000215373A8C00][000002152FD24A00 49] iPhoneSE, [0000021537396600][0000021536990B40 49] iPhone8, [00000215373A8600][0000021536994C80 49] iPhone8Plus, [0000021537395A00][0000021536998DC0 49] iPhoneX, [00000215373AA900][00000215369A0F40 49] iPhoneXS, [0000021537397800][00000215369A50C0 49] iPhoneXSMax, [00000215373A8A00][00000215369A9240 49] iPhoneXR, [0000021537394C00][00000215369AD3C0 49] iPhone11, [00000215373A8900][00000215369B1540 49] iPhone11Pro, [0000021537395200][00000215369B56C0 49] iPhone11ProMax, [00000215373AA500][00000215369B9840 49] iPhoneSE2, [0000021537397600][0000021536CE59C0 49] iPhone12Mini, [00000215373AB200][0000021536CE9B40 49] iPhone12, [0000021537394A00][0000021536CEC140 49] iPhone12Pro, [00000215373A9900][0000021536CF02C0 49] iPhone12ProMax, [0000021537395300][0000021536CF4440 49] iPadPro105, [00000215373AA300][0000021536CF85C0 49] iPadPro129, [0000021537395700][0000021536CFC740 49] iPadPro97, [00000215373AB900][0000021536D008C0 49] iPadPro2_129, [0000021537396500][0000021536D04A40 49] iPad5, [00000215373AB500][000002153699CB80 49] iPad6, [0000021537395800][0000021536D08CC0 49] iPad7, [00000215373A8500][0000021536D0CE00 49] iPad8, [0000021537394400][0000021536D10F40 49] iPadPro11, [00000215373A9400][0000021536D190C0 49] iPadPro2_11, [0000021537397C00][0000021536D1D240 49] iPadPro3_129, [00000215373AB700][0000021536D213C0 49] iPadPro4_129, [0000021537394900][0000021536D25540 49] AppleTV, [00000215373A8300][0000021536D296C0 49] AppleTV4K, [0000021537394E00][0000021536D2D840 49] TVOS, [00000215373ABD00][0000021536D319C0 49] Mac, [0000021537397E00][0000021536D35B40 49] MacClient, [00000215373A9D00][0000021536D38140 49] MacNoEditor, [0000021537396400][0000021536D3C2C0 49] MacServer, [00000215373A8B00][0000021536D40440 49] Linux, [0000021537395500][0000021536D445C0 49] LinuxAArch64, [00000215373AAC00][0000021536D48740 49] LinuxNoEditor, [0000021537394F00][0000021536D4C8C0 49] LinuxAArch64NoEditor, [00000215373A9200][0000021536F1EA40 49] LinuxClient, [0000021537397400][0000021536F22BC0 49] LinuxAArch64Client, [00000215373AB000][0000021536F26D40 49] LinuxServer, [0000021537397000][0000021536D14E80 49] LinuxAArch64Server, [00000215373F7A00][0000021536F2AFC0 49] Android, [0000021537459500][0000021536F2F100 49] Android_Low, [00000215373F6300][0000021536F37280 49] Android_Mid, [0000021537458800][0000021536F3B400 49] Android_High, [00000215373F6C00][0000021536F3F580 49] Android_Default, [0000021537459600][0000021536F43700 49] Android_Adreno4xx, [00000215373F7D00][0000021536F47880 49] Android_Adreno5xx_Low, [0000021537458B00][0000021536F4BA00 49] Android_Adreno5xx, [00000215373F6A00][0000021536F4FB80 49] Android_Adreno6xx, [000002153745B100][0000021536F52180 49] Android_Adreno6xx_Vulkan, [00000215373F4700][0000021536F56300 49] Android_Mali_T6xx, [0000021537459100][0000021536F5A480 49] Android_Mali_T7xx, [00000215373F4F00][0000021536F5E600 49] Android_Mali_T8xx, [0000021537459D00][0000021536F62780 49] Android_Mali_G71, [00000215373F5A00][0000021536F66900 49] Android_Mali_G72, [000002153745B000][0000021536F6AA80 49] Android_Mali_G72_Vulkan, [00000215373F5700][0000021536F6EC00 49] Android_Mali_G76, [000002153745AA00][0000021536F72D80 49] Android_Mali_G76_Vulkan, [00000215373F4C00][0000021536F76F00 49] Android_Mali_G77, [000002153745A800][0000021536F33040 49] Android_Mali_G77_Vulkan, [00000215373F4400][0000021536F7B180 49] Android_Mali_G78, [000002153745AF00][0000021536F7F2C0 49] Android_Mali_G78_Vulkan, [00000215373F5600][0000021536F87440 49] Android_Mali_G710, [000002153745AB00][0000021536F8B5C0 49] Android_Mali_G710_Vulkan, [00000215373F5200][0000021536F8F740 49] Android_Vulkan_SM5, [0000021537458C00][0000021536F938C0 49] Android_PowerVR_G6xxx, [0000021537396300][0000021536F97A40 49] Android_PowerVR_GT7xxx, [0000021537459900][0000021536F9BBC0 49] Android_PowerVR_GE8xxx, [0000021537394B00][0000021536F9E1C0 49] Android_PowerVR_GM9xxx, [000002153745A400][0000021536FA2340 49] Android_PowerVR_GM9xxx_Vulkan, [0000021537394500][0000021536FA64C0 49] Android_TegraK1, [000002153745AC00][0000021536FAA640 49] Android_Unknown_Vulkan, [0000021537394200][0000021536FAE7C0 49] Lumin, [000002153745B800][0000021529B5A940 49] Lumin_Desktop, [0000021537394600][0000021529B5EAC0 49] HoloLens, 
[2022.09.27-15.45.26:203][  0]LogMeshReduction: Using QuadricMeshReduction for automatic static mesh reduction
[2022.09.27-15.45.26:203][  0]LogMeshReduction: Using SimplygonMeshReduction for automatic skeletal mesh reduction
[2022.09.27-15.45.26:203][  0]LogMeshReduction: Using ProxyLODMeshReduction for automatic mesh merging
[2022.09.27-15.45.26:203][  0]LogMeshReduction: No distributed automatic mesh merging module available
[2022.09.27-15.45.26:203][  0]LogMeshMerging: No distributed automatic mesh merging module available
[2022.09.27-15.45.26:226][  0]LogNetVersion: OutOfSight 1.0.0, NetCL: 17155196, EngineNetVer: 17, GameNetVer: 0 (Checksum: 2509007073)
[2022.09.27-15.45.26:688][  0]LogTexture: Default maximum texture size for cubemaps generated from long-lat sources has been changed from 512 to unlimited. In order to preserve old behaiour for '/Engine/MapTemplates/Sky/DaylightAmbientCubemap.DaylightAmbientCubemap', its maximum texture size has been explicitly set to 512.
[2022.09.27-15.45.26:775][  0]LogHMD: PokeAHoleMaterial loaded successfully
[2022.09.27-15.45.26:785][  0]LogUObjectArray: 17178 objects as part of root set at end of initial load.
[2022.09.27-15.45.26:785][  0]LogUObjectAllocator: 4302048 out of 0 bytes used by permanent object pool.
[2022.09.27-15.45.26:785][  0]LogUObjectArray: CloseDisregardForGC: 0/0 objects in disregard for GC pool
[2022.09.27-15.45.27:135][  0]LogNiagaraDebuggerClient: Niagara Debugger Client Initialized | Session: 6ADB4BA94608354B5E1FC9977BEF2D65 | Instance: 4B8A9B7B43BD398BEC55D49FCBCD96D2 (DESKTOP-939JEED-20752).
[2022.09.27-15.45.27:173][  0]LogPython: Using Python 3.7.7
[2022.09.27-15.45.27:959][  0]LogTcpMessaging: Initializing TcpMessaging bridge
[2022.09.27-15.45.27:965][  0]LogUdpMessaging: Initializing bridge on interface 0.0.0.0:0 to multicast group 230.0.0.1:6666.
[2022.09.27-15.45.28:144][  0]SourceControl: Source control is disabled
[2022.09.27-15.45.28:144][  0]SourceControl: Source control is disabled
[2022.09.27-15.45.28:148][  0]SourceControl: Source control is disabled
[2022.09.27-15.45.28:151][  0]SourceControl: Source control is disabled
[2022.09.27-15.45.28:162][  0]SourceControl: Source control is disabled
[2022.09.27-15.45.28:170][  0]LogUProjectInfo: Found projects:
[2022.09.27-15.45.28:414][  0]LogOpenImageDenoise: OIDN starting up
[2022.09.27-15.45.28:468][  0]LogAndroidPermission: UAndroidPermissionCallbackProxy::GetInstance
[2022.09.27-15.45.28:497][  0]LogAudioCaptureCore: Display: No Audio Capture implementations found. Audio input will be silent.
[2022.09.27-15.45.28:497][  0]LogAudioCaptureCore: Display: No Audio Capture implementations found. Audio input will be silent.
[2022.09.27-15.45.28:659][  0]LogCollectionManager: Loaded 0 collections in 0.000923 seconds
[2022.09.27-15.45.28:690][  0]LogFileCache: Scanning file cache for directory 'E:/UnrealProjects(git)/OutOfSight/OutOfSight/Saved/Collections/' took 0.00s
[2022.09.27-15.45.28:690][  0]LogFileCache: Scanning file cache for directory 'E:/UnrealProjects(git)/OutOfSight/OutOfSight/Content/Developers/deh10/Collections/' took 0.00s
[2022.09.27-15.45.28:690][  0]LogFileCache: Scanning file cache for directory 'E:/UnrealProjects(git)/OutOfSight/OutOfSight/Content/Collections/' took 0.00s
[2022.09.27-15.45.28:690][  0]LogOcInput: OculusInput pre-init called
[2022.09.27-15.45.28:962][  0]LogEngine: Initializing Engine...
[2022.09.27-15.45.29:042][  0]LogHMD: Failed to initialize OpenVR with code 108
[2022.09.27-15.45.29:089][  0]LogHMD: Optional extension XR_VARJO_quad_views is not available
[2022.09.27-15.45.29:089][  0]LogHMD: Warning: Required extension XR_EXT_eye_gaze_interaction is not available
[2022.09.27-15.45.29:089][  0]LogHMD: Could not enable all required OpenXR extensions for OpenXREyeTracker on current system. This plugin will be loaded but ignored, but will be enabled on a target platform that supports the required extension.
[2022.09.27-15.45.29:090][  0]LogHMD: Failed to get an OpenXR system, result is XR_ERROR_FORM_FACTOR_UNAVAILABLE. Please check that your runtime supports VR headsets.
[2022.09.27-15.45.29:090][  0]LogMagicLeap: Warning: VR disabled because ZI is not enabled.  To enable, in the editor, Edit -> Project Settings -> Plugins -> Magic Leap Plugin -> Enable Zero Iteration
[2022.09.27-15.45.29:091][  0]LogStats: UGameplayTagsManager::InitializeManager -  0.000 s
[2022.09.27-15.45.29:305][  0]LogInit: Initializing FReadOnlyCVARCache
[2022.09.27-15.45.29:317][  0]LogAIModule: Creating AISystem for world Untitled
[2022.09.27-15.45.29:339][  0]LogAudio: Display: Initializing Audio Device Manager...
[2022.09.27-15.45.29:343][  0]LogAudio: Display: Loading Default Audio Settings Objects...
[2022.09.27-15.45.29:344][  0]LogAudio: Display: No default SoundConcurrencyObject specified (or failed to load).
[2022.09.27-15.45.29:345][  0]LogAudio: Display: Audio Device Manager Initialized
[2022.09.27-15.45.29:345][  0]LogAudio: Display: Creating Audio Device:                 Id: 1, Scope: Shared, Realtime: True
[2022.09.27-15.45.29:345][  0]LogAudioMixer: Display: Audio Mixer Platform Settings:
[2022.09.27-15.45.29:345][  0]LogAudioMixer: Display: 	Sample Rate:						  48000
[2022.09.27-15.45.29:345][  0]LogAudioMixer: Display: 	Callback Buffer Frame Size Requested: 1024
[2022.09.27-15.45.29:345][  0]LogAudioMixer: Display: 	Callback Buffer Frame Size To Use:	  1024
[2022.09.27-15.45.29:345][  0]LogAudioMixer: Display: 	Number of buffers to queue:			  2
[2022.09.27-15.45.29:345][  0]LogAudioMixer: Display: 	Max Channels (voices):				  32
[2022.09.27-15.45.29:345][  0]LogAudioMixer: Display: 	Number of Async Source Workers:		  0
[2022.09.27-15.45.29:345][  0]LogAudio: Display: AudioDevice MaxSources: 32
[2022.09.27-15.45.29:345][  0]LogAudio: Display: Audio Spatialization Plugin: None (built-in).
[2022.09.27-15.45.29:345][  0]LogAudio: Display: Audio Reverb Plugin: None (built-in).
[2022.09.27-15.45.29:345][  0]LogAudio: Display: Audio Occlusion Plugin: None (built-in).
[2022.09.27-15.45.29:345][  0]LogAudioMixer: Display: Initializing audio mixer.
[2022.09.27-15.45.29:360][  0]LogAudioMixer: Display: 0: FrontLeft
[2022.09.27-15.45.29:360][  0]LogAudioMixer: Display: 1: FrontRight
[2022.09.27-15.45.29:382][  0]LogAudioMixer: Display: Using Audio Device Speakers (High Definition Audio Device)
[2022.09.27-15.45.29:385][  0]LogAudioMixer: Display: Initializing Sound Submixes...
[2022.09.27-15.45.29:389][  0]LogAudioMixer: Display: Creating Master Submix 'MasterSubmixDefault'
[2022.09.27-15.45.29:389][  0]LogAudioMixer: Display: Creating Master Submix 'MasterReverbSubmixDefault'
[2022.09.27-15.45.29:391][  0]LogAudioMixer: Display: Creating Master Submix 'MasterEQSubmixDefault'
[2022.09.27-15.45.29:391][  0]LogAudioMixer: FMixerPlatformXAudio2::StartAudioStream() called
[2022.09.27-15.45.29:391][  0]LogAudioMixer: Display: Output buffers initialized: Frames=1024, Channels=2, Samples=2048
[2022.09.27-15.45.29:392][  0]LogAudioMixer: Display: Starting AudioMixerPlatformInterface::RunInternal()
[2022.09.27-15.45.29:392][  0]LogAudioMixer: Display: FMixerPlatformXAudio2::SubmitBuffer() called for the first time
[2022.09.27-15.45.29:392][  0]LogInit: FAudioDevice initialized.
[2022.09.27-15.45.29:393][  0]LogAudio: Display: Audio Device (ID: 1) registered with world 'Untitled'.
[2022.09.27-15.45.29:393][  0]LogNetVersion: Set ProjectVersion to 1.0.0.0. Version Checksum will be recalculated on next use.
[2022.09.27-15.45.29:509][  0]LogDerivedDataCache: Saved boot cache 0.12s 94MB C:/Users/deh10/AppData/Local/UnrealEngine/4.27/DerivedDataCache/Boot.ddc.
[2022.09.27-15.45.29:510][  0]LogInit: Texture streaming: Enabled
[2022.09.27-15.45.29:528][  0]LogAnalytics: Display: [UEEditor.Rocket.Release] APIServer = https://datarouter.ol.epicgames.com/. AppVersion = 4.27.2-18319896+++UE4+Release-4.27
[2022.09.27-15.45.29:532][  0]LogEngineSessionManager: EngineSessionManager initialized
[2022.09.27-15.45.29:532][  0]LogEditorSessionSummary: Verbose: Initializing EditorSessionSummaryWriter for editor session tracking
[2022.09.27-15.45.29:534][  0]LogEditorSessionSummary: EditorSessionSummaryWriter initialized
[2022.09.27-15.45.29:571][  0]LogInit: Transaction tracking system initialized
[2022.09.27-15.45.29:599][  0]BlueprintLog: New page: Editor Load
[2022.09.27-15.45.29:675][  0]LocalizationService: Localization service is disabled
[2022.09.27-15.45.29:709][  0]TimingProfiler: Initialize
[2022.09.27-15.45.29:710][  0]TimingProfiler: OnSessionChanged
[2022.09.27-15.45.29:710][  0]LoadingProfiler: Initialize
[2022.09.27-15.45.29:710][  0]LoadingProfiler: OnSessionChanged
[2022.09.27-15.45.29:710][  0]NetworkingProfiler: Initialize
[2022.09.27-15.45.29:710][  0]NetworkingProfiler: OnSessionChanged
[2022.09.27-15.45.29:710][  0]MemoryProfiler: Initialize
[2022.09.27-15.45.29:710][  0]MemoryProfiler: OnSessionChanged
[2022.09.27-15.45.29:892][  0]LogCook: Display: CookSettings for Memory: MemoryMaxUsedVirtual 0MiB, MemoryMaxUsedPhysical 16384MiB, MemoryMinFreeVirtual 0MiB, MemoryMinFreePhysical 1024MiB
[2022.09.27-15.45.29:892][  0]LogCook: Display: Mobile HDR setting 1
[2022.09.27-15.45.30:137][  0]LogFileCache: Scanning file cache for directory 'E:/UnrealProjects(git)/OutOfSight/OutOfSight/Content/' took 0.01s
[2022.09.27-15.45.30:347][  0]LogInit: Display: Engine is initialized. Leaving FEngineLoop::Init()
[2022.09.27-15.45.30:351][  0]SourceControl: Source control is disabled
[2022.09.27-15.45.30:351][  0]LogUnrealEdMisc: Loading editor; pre map load, took 9.511
[2022.09.27-15.45.30:352][  0]Cmd: MAP LOAD FILE="../../../../../../UnrealProjects(git)/OutOfSight/OutOfSight/Content/FirstPersonBP/Maps/FirstPersonExampleMap.umap" TEMPLATE=0 SHOWPROGRESS=1 FEATURELEVEL=3
[2022.09.27-15.45.30:352][  0]LightingResults: New page: Lighting Build
[2022.09.27-15.45.30:353][  0]LogWorld: UWorld::CleanupWorld for Untitled, bSessionEnded=true, bCleanupResources=true
[2022.09.27-15.45.30:353][  0]LogSlate: InvalidateAllWidgets triggered.  All widgets were invalidated
[2022.09.27-15.45.30:354][  0]MapCheck: New page: Map Check
[2022.09.27-15.45.30:354][  0]LightingResults: New page: Lighting Build
[2022.09.27-15.45.30:358][  0]LogAudio: Display: Audio Device unregistered from world 'None'.
[2022.09.27-15.45.30:361][  0]LogUObjectHash: Compacting FUObjectHashTables data took   0.93ms
[2022.09.27-15.45.30:888][  0]LogAudio: Display: Audio Device (ID: 1) registered with world 'FirstPersonExampleMap'.
[2022.09.27-15.45.30:889][  0]LogAIModule: Creating AISystem for world FirstPersonExampleMap
[2022.09.27-15.45.30:913][  0]LogEditorServer: Finished looking for orphan Actors (0.000 secs)
[2022.09.27-15.45.30:927][  0]LogUObjectHash: Compacting FUObjectHashTables data took   1.19ms
[2022.09.27-15.45.30:927][  0]Cmd: MAP CHECKDEP NOCLEARLOG
[2022.09.27-15.45.30:928][  0]MapCheck: Map check complete: 0 Error(s), 0 Warning(s), took 0.162ms to complete.
[2022.09.27-15.45.30:928][  0]LogFileHelpers: Loading map 'FirstPersonExampleMap' took 0.576
[2022.09.27-15.45.30:930][  0]LogUnrealEdMisc: Total Editor Startup Time, took 10.090
[2022.09.27-15.45.31:418][  0]LogSlate: Only BGRA pngs, bmps or icos are supported in by External Image Picker
[2022.09.27-15.45.31:519][  0]LogSlate: Updating window title bar state: overlay mode, drag disabled, window buttons hidden, title bar hidden
[2022.09.27-15.45.31:527][  0]LogSlate: Updating window title bar state: overlay mode, drag disabled, window buttons hidden, title bar hidden
[2022.09.27-15.45.31:535][  0]LogSlate: Updating window title bar state: overlay mode, drag disabled, window buttons hidden, title bar hidden
[2022.09.27-15.45.31:543][  0]LogSlate: Updating window title bar state: overlay mode, drag disabled, window buttons hidden, title bar hidden
[2022.09.27-15.45.31:562][  0]LogNativeClassHierarchy: Verbose: Native class hierarchy populated in 0.0135 seconds. Added 3822 classes and 928 folders.
[2022.09.27-15.45.31:584][  0]LogNativeClassHierarchy: Verbose: Native class hierarchy updated for 'WidgetCarousel' in 0.0003 seconds. Added 0 classes and 0 folders.
[2022.09.27-15.45.31:586][  0]LogPakFile: PakFile PrimaryIndexSize=187
[2022.09.27-15.45.31:586][  0]LogPakFile: PakFile PathHashIndexSize=101
[2022.09.27-15.45.31:586][  0]LogPakFile: PakFile FullDirectoryIndexSize=148
[2022.09.27-15.45.31:586][  0]LogShaderLibrary: Display: ShaderCodeLibraryPakFileMountedCallback: PakFile 'E:/PROGRAMS/Unreal Engine/UE_4.27/FeaturePacks/FP_FirstPerson.upack' (chunk index -1, root 'root:/') mounted
[2022.09.27-15.45.31:586][  0]LogShaderLibrary: Display: ShaderCodeLibraryPakFileMountedCallback: pending pak file info (ChunkID:-1 Root:root:/ File:E:/PROGRAMS/Unreal Engine/UE_4.27/FeaturePacks/FP_FirstPerson.upack)
[2022.09.27-15.45.31:586][  0]LogPakFile: OnPakFileMounted2Time == 0.000062
[2022.09.27-15.45.31:588][  0]LogPakFile: PakFile PrimaryIndexSize=189
[2022.09.27-15.45.31:588][  0]LogPakFile: PakFile PathHashIndexSize=101
[2022.09.27-15.45.31:588][  0]LogPakFile: PakFile FullDirectoryIndexSize=152
[2022.09.27-15.45.31:588][  0]LogShaderLibrary: Display: ShaderCodeLibraryPakFileMountedCallback: PakFile 'E:/PROGRAMS/Unreal Engine/UE_4.27/FeaturePacks/FP_FirstPersonBP.upack' (chunk index -1, root 'root:/') mounted
[2022.09.27-15.45.31:588][  0]LogShaderLibrary: Display: ShaderCodeLibraryPakFileMountedCallback: pending pak file info (ChunkID:-1 Root:root:/ File:E:/PROGRAMS/Unreal Engine/UE_4.27/FeaturePacks/FP_FirstPersonBP.upack)
[2022.09.27-15.45.31:588][  0]LogPakFile: OnPakFileMounted2Time == 0.000048
[2022.09.27-15.45.31:589][  0]LogPakFile: PakFile PrimaryIndexSize=191
[2022.09.27-15.45.31:589][  0]LogPakFile: PakFile PathHashIndexSize=101
[2022.09.27-15.45.31:589][  0]LogPakFile: PakFile FullDirectoryIndexSize=160
[2022.09.27-15.45.31:589][  0]LogShaderLibrary: Display: ShaderCodeLibraryPakFileMountedCallback: PakFile 'E:/PROGRAMS/Unreal Engine/UE_4.27/FeaturePacks/MobileStarterContent.upack' (chunk index -1, root 'root:/') mounted
[2022.09.27-15.45.31:589][  0]LogShaderLibrary: Display: ShaderCodeLibraryPakFileMountedCallback: pending pak file info (ChunkID:-1 Root:root:/ File:E:/PROGRAMS/Unreal Engine/UE_4.27/FeaturePacks/MobileStarterContent.upack)
[2022.09.27-15.45.31:589][  0]LogPakFile: OnPakFileMounted2Time == 0.000038
[2022.09.27-15.45.31:590][  0]LogPakFile: PakFile PrimaryIndexSize=185
[2022.09.27-15.45.31:590][  0]LogPakFile: PakFile PathHashIndexSize=101
[2022.09.27-15.45.31:590][  0]LogPakFile: PakFile FullDirectoryIndexSize=148
[2022.09.27-15.45.31:590][  0]LogShaderLibrary: Display: ShaderCodeLibraryPakFileMountedCallback: PakFile 'E:/PROGRAMS/Unreal Engine/UE_4.27/FeaturePacks/StarterContent.upack' (chunk index -1, root 'root:/') mounted
[2022.09.27-15.45.31:590][  0]LogShaderLibrary: Display: ShaderCodeLibraryPakFileMountedCallback: pending pak file info (ChunkID:-1 Root:root:/ File:E:/PROGRAMS/Unreal Engine/UE_4.27/FeaturePacks/StarterContent.upack)
[2022.09.27-15.45.31:590][  0]LogPakFile: OnPakFileMounted2Time == 0.000040
[2022.09.27-15.45.31:591][  0]LogPakFile: PakFile PrimaryIndexSize=190
[2022.09.27-15.45.31:591][  0]LogPakFile: PakFile PathHashIndexSize=101
[2022.09.27-15.45.31:591][  0]LogPakFile: PakFile FullDirectoryIndexSize=154
[2022.09.27-15.45.31:591][  0]LogShaderLibrary: Display: ShaderCodeLibraryPakFileMountedCallback: PakFile 'E:/PROGRAMS/Unreal Engine/UE_4.27/FeaturePacks/TP_2DSideScroller.upack' (chunk index -1, root 'root:/') mounted
[2022.09.27-15.45.31:591][  0]LogShaderLibrary: Display: ShaderCodeLibraryPakFileMountedCallback: pending pak file info (ChunkID:-1 Root:root:/ File:E:/PROGRAMS/Unreal Engine/UE_4.27/FeaturePacks/TP_2DSideScroller.upack)
[2022.09.27-15.45.31:591][  0]LogPakFile: OnPakFileMounted2Time == 0.000050
[2022.09.27-15.45.31:592][  0]LogPakFile: PakFile PrimaryIndexSize=192
[2022.09.27-15.45.31:592][  0]LogPakFile: PakFile PathHashIndexSize=101
[2022.09.27-15.45.31:592][  0]LogPakFile: PakFile FullDirectoryIndexSize=158
[2022.09.27-15.45.31:592][  0]LogShaderLibrary: Display: ShaderCodeLibraryPakFileMountedCallback: PakFile 'E:/PROGRAMS/Unreal Engine/UE_4.27/FeaturePacks/TP_2DSideScrollerBP.upack' (chunk index -1, root 'root:/') mounted
[2022.09.27-15.45.31:592][  0]LogShaderLibrary: Display: ShaderCodeLibraryPakFileMountedCallback: pending pak file info (ChunkID:-1 Root:root:/ File:E:/PROGRAMS/Unreal Engine/UE_4.27/FeaturePacks/TP_2DSideScrollerBP.upack)
[2022.09.27-15.45.31:592][  0]LogPakFile: OnPakFileMounted2Time == 0.000036
[2022.09.27-15.45.31:593][  0]LogPakFile: PakFile PrimaryIndexSize=182
[2022.09.27-15.45.31:593][  0]LogPakFile: PakFile PathHashIndexSize=101
[2022.09.27-15.45.31:593][  0]LogPakFile: PakFile FullDirectoryIndexSize=138
[2022.09.27-15.45.31:593][  0]LogShaderLibrary: Display: ShaderCodeLibraryPakFileMountedCallback: PakFile 'E:/PROGRAMS/Unreal Engine/UE_4.27/FeaturePacks/TP_Flying.upack' (chunk index -1, root 'root:/') mounted
[2022.09.27-15.45.31:593][  0]LogShaderLibrary: Display: ShaderCodeLibraryPakFileMountedCallback: pending pak file info (ChunkID:-1 Root:root:/ File:E:/PROGRAMS/Unreal Engine/UE_4.27/FeaturePacks/TP_Flying.upack)
[2022.09.27-15.45.31:593][  0]LogPakFile: OnPakFileMounted2Time == 0.000040
[2022.09.27-15.45.31:594][  0]LogPakFile: PakFile PrimaryIndexSize=184
[2022.09.27-15.45.31:594][  0]LogPakFile: PakFile PathHashIndexSize=101
[2022.09.27-15.45.31:594][  0]LogPakFile: PakFile FullDirectoryIndexSize=142
[2022.09.27-15.45.31:594][  0]LogShaderLibrary: Display: ShaderCodeLibraryPakFileMountedCallback: PakFile 'E:/PROGRAMS/Unreal Engine/UE_4.27/FeaturePacks/TP_FlyingBP.upack' (chunk index -1, root 'root:/') mounted
[2022.09.27-15.45.31:594][  0]LogShaderLibrary: Display: ShaderCodeLibraryPakFileMountedCallback: pending pak file info (ChunkID:-1 Root:root:/ File:E:/PROGRAMS/Unreal Engine/UE_4.27/FeaturePacks/TP_FlyingBP.upack)
[2022.09.27-15.45.31:594][  0]LogPakFile: OnPakFileMounted2Time == 0.000035
[2022.09.27-15.45.31:595][  0]LogPakFile: PakFile PrimaryIndexSize=188
[2022.09.27-15.45.31:595][  0]LogPakFile: PakFile PathHashIndexSize=101
[2022.09.27-15.45.31:595][  0]LogPakFile: PakFile FullDirectoryIndexSize=150
[2022.09.27-15.45.31:595][  0]LogShaderLibrary: Display: ShaderCodeLibraryPakFileMountedCallback: PakFile 'E:/PROGRAMS/Unreal Engine/UE_4.27/FeaturePacks/TP_HandheldARBP.upack' (chunk index -1, root 'root:/') mounted
[2022.09.27-15.45.31:595][  0]LogShaderLibrary: Display: ShaderCodeLibraryPakFileMountedCallback: pending pak file info (ChunkID:-1 Root:root:/ File:E:/PROGRAMS/Unreal Engine/UE_4.27/FeaturePacks/TP_HandheldARBP.upack)
[2022.09.27-15.45.31:595][  0]LogPakFile: OnPakFileMounted2Time == 0.000035
[2022.09.27-15.45.31:596][  0]LogPakFile: PakFile PrimaryIndexSize=182
[2022.09.27-15.45.31:596][  0]LogPakFile: PakFile PathHashIndexSize=101
[2022.09.27-15.45.31:596][  0]LogPakFile: PakFile FullDirectoryIndexSize=138
[2022.09.27-15.45.31:596][  0]LogShaderLibrary: Display: ShaderCodeLibraryPakFileMountedCallback: PakFile 'E:/PROGRAMS/Unreal Engine/UE_4.27/FeaturePacks/TP_Puzzle.upack' (chunk index -1, root 'root:/') mounted
[2022.09.27-15.45.31:596][  0]LogShaderLibrary: Display: ShaderCodeLibraryPakFileMountedCallback: pending pak file info (ChunkID:-1 Root:root:/ File:E:/PROGRAMS/Unreal Engine/UE_4.27/FeaturePacks/TP_Puzzle.upack)
[2022.09.27-15.45.31:596][  0]LogPakFile: OnPakFileMounted2Time == 0.000035
[2022.09.27-15.45.31:597][  0]LogPakFile: PakFile PrimaryIndexSize=184
[2022.09.27-15.45.31:597][  0]LogPakFile: PakFile PathHashIndexSize=101
[2022.09.27-15.45.31:597][  0]LogPakFile: PakFile FullDirectoryIndexSize=142
[2022.09.27-15.45.31:597][  0]LogShaderLibrary: Display: ShaderCodeLibraryPakFileMountedCallback: PakFile 'E:/PROGRAMS/Unreal Engine/UE_4.27/FeaturePacks/TP_PuzzleBP.upack' (chunk index -1, root 'root:/') mounted
[2022.09.27-15.45.31:597][  0]LogShaderLibrary: Display: ShaderCodeLibraryPakFileMountedCallback: pending pak file info (ChunkID:-1 Root:root:/ File:E:/PROGRAMS/Unreal Engine/UE_4.27/FeaturePacks/TP_PuzzleBP.upack)
[2022.09.27-15.45.31:597][  0]LogPakFile: OnPakFileMounted2Time == 0.000036
[2022.09.27-15.45.31:598][  0]LogPakFile: PakFile PrimaryIndexSize=183
[2022.09.27-15.45.31:598][  0]LogPakFile: PakFile PathHashIndexSize=101
[2022.09.27-15.45.31:598][  0]LogPakFile: PakFile FullDirectoryIndexSize=140
[2022.09.27-15.45.31:598][  0]LogShaderLibrary: Display: ShaderCodeLibraryPakFileMountedCallback: PakFile 'E:/PROGRAMS/Unreal Engine/UE_4.27/FeaturePacks/TP_Rolling.upack' (chunk index -1, root 'root:/') mounted
[2022.09.27-15.45.31:598][  0]LogShaderLibrary: Display: ShaderCodeLibraryPakFileMountedCallback: pending pak file info (ChunkID:-1 Root:root:/ File:E:/PROGRAMS/Unreal Engine/UE_4.27/FeaturePacks/TP_Rolling.upack)
[2022.09.27-15.45.31:598][  0]LogPakFile: OnPakFileMounted2Time == 0.000035
[2022.09.27-15.45.31:599][  0]LogPakFile: PakFile PrimaryIndexSize=185
[2022.09.27-15.45.31:599][  0]LogPakFile: PakFile PathHashIndexSize=101
[2022.09.27-15.45.31:599][  0]LogPakFile: PakFile FullDirectoryIndexSize=144
[2022.09.27-15.45.31:599][  0]LogShaderLibrary: Display: ShaderCodeLibraryPakFileMountedCallback: PakFile 'E:/PROGRAMS/Unreal Engine/UE_4.27/FeaturePacks/TP_RollingBP.upack' (chunk index -1, root 'root:/') mounted
[2022.09.27-15.45.31:599][  0]LogShaderLibrary: Display: ShaderCodeLibraryPakFileMountedCallback: pending pak file info (ChunkID:-1 Root:root:/ File:E:/PROGRAMS/Unreal Engine/UE_4.27/FeaturePacks/TP_RollingBP.upack)
[2022.09.27-15.45.31:599][  0]LogPakFile: OnPakFileMounted2Time == 0.000035
[2022.09.27-15.45.31:600][  0]LogPakFile: PakFile PrimaryIndexSize=188
[2022.09.27-15.45.31:600][  0]LogPakFile: PakFile PathHashIndexSize=101
[2022.09.27-15.45.31:600][  0]LogPakFile: PakFile FullDirectoryIndexSize=150
[2022.09.27-15.45.31:600][  0]LogShaderLibrary: Display: ShaderCodeLibraryPakFileMountedCallback: PakFile 'E:/PROGRAMS/Unreal Engine/UE_4.27/FeaturePacks/TP_SideScroller.upack' (chunk index -1, root 'root:/') mounted
[2022.09.27-15.45.31:600][  0]LogShaderLibrary: Display: ShaderCodeLibraryPakFileMountedCallback: pending pak file info (ChunkID:-1 Root:root:/ File:E:/PROGRAMS/Unreal Engine/UE_4.27/FeaturePacks/TP_SideScroller.upack)
[2022.09.27-15.45.31:600][  0]LogPakFile: OnPakFileMounted2Time == 0.000047
[2022.09.27-15.45.31:601][  0]LogPakFile: PakFile PrimaryIndexSize=190
[2022.09.27-15.45.31:601][  0]LogPakFile: PakFile PathHashIndexSize=101
[2022.09.27-15.45.31:601][  0]LogPakFile: PakFile FullDirectoryIndexSize=154
[2022.09.27-15.45.31:601][  0]LogShaderLibrary: Display: ShaderCodeLibraryPakFileMountedCallback: PakFile 'E:/PROGRAMS/Unreal Engine/UE_4.27/FeaturePacks/TP_SideScrollerBP.upack' (chunk index -1, root 'root:/') mounted
[2022.09.27-15.45.31:601][  0]LogShaderLibrary: Display: ShaderCodeLibraryPakFileMountedCallback: pending pak file info (ChunkID:-1 Root:root:/ File:E:/PROGRAMS/Unreal Engine/UE_4.27/FeaturePacks/TP_SideScrollerBP.upack)
[2022.09.27-15.45.31:601][  0]LogPakFile: OnPakFileMounted2Time == 0.000042
[2022.09.27-15.45.31:602][  0]LogPakFile: PakFile PrimaryIndexSize=187
[2022.09.27-15.45.31:602][  0]LogPakFile: PakFile PathHashIndexSize=101
[2022.09.27-15.45.31:602][  0]LogPakFile: PakFile FullDirectoryIndexSize=148
[2022.09.27-15.45.31:602][  0]LogShaderLibrary: Display: ShaderCodeLibraryPakFileMountedCallback: PakFile 'E:/PROGRAMS/Unreal Engine/UE_4.27/FeaturePacks/TP_ThirdPerson.upack' (chunk index -1, root 'root:/') mounted
[2022.09.27-15.45.31:602][  0]LogShaderLibrary: Display: ShaderCodeLibraryPakFileMountedCallback: pending pak file info (ChunkID:-1 Root:root:/ File:E:/PROGRAMS/Unreal Engine/UE_4.27/FeaturePacks/TP_ThirdPerson.upack)
[2022.09.27-15.45.31:602][  0]LogPakFile: OnPakFileMounted2Time == 0.000035
[2022.09.27-15.45.31:603][  0]LogPakFile: PakFile PrimaryIndexSize=189
[2022.09.27-15.45.31:603][  0]LogPakFile: PakFile PathHashIndexSize=101
[2022.09.27-15.45.31:603][  0]LogPakFile: PakFile FullDirectoryIndexSize=152
[2022.09.27-15.45.31:603][  0]LogShaderLibrary: Display: ShaderCodeLibraryPakFileMountedCallback: PakFile 'E:/PROGRAMS/Unreal Engine/UE_4.27/FeaturePacks/TP_ThirdPersonBP.upack' (chunk index -1, root 'root:/') mounted
[2022.09.27-15.45.31:603][  0]LogShaderLibrary: Display: ShaderCodeLibraryPakFileMountedCallback: pending pak file info (ChunkID:-1 Root:root:/ File:E:/PROGRAMS/Unreal Engine/UE_4.27/FeaturePacks/TP_ThirdPersonBP.upack)
[2022.09.27-15.45.31:603][  0]LogPakFile: OnPakFileMounted2Time == 0.000051
[2022.09.27-15.45.31:605][  0]LogPakFile: PakFile PrimaryIndexSize=183
[2022.09.27-15.45.31:605][  0]LogPakFile: PakFile PathHashIndexSize=101
[2022.09.27-15.45.31:605][  0]LogPakFile: PakFile FullDirectoryIndexSize=140
[2022.09.27-15.45.31:605][  0]LogShaderLibrary: Display: ShaderCodeLibraryPakFileMountedCallback: PakFile 'E:/PROGRAMS/Unreal Engine/UE_4.27/FeaturePacks/TP_TopDown.upack' (chunk index -1, root 'root:/') mounted
[2022.09.27-15.45.31:605][  0]LogShaderLibrary: Display: ShaderCodeLibraryPakFileMountedCallback: pending pak file info (ChunkID:-1 Root:root:/ File:E:/PROGRAMS/Unreal Engine/UE_4.27/FeaturePacks/TP_TopDown.upack)
[2022.09.27-15.45.31:605][  0]LogPakFile: OnPakFileMounted2Time == 0.000061
[2022.09.27-15.45.31:606][  0]LogPakFile: PakFile PrimaryIndexSize=185
[2022.09.27-15.45.31:606][  0]LogPakFile: PakFile PathHashIndexSize=101
[2022.09.27-15.45.31:606][  0]LogPakFile: PakFile FullDirectoryIndexSize=144
[2022.09.27-15.45.31:606][  0]LogShaderLibrary: Display: ShaderCodeLibraryPakFileMountedCallback: PakFile 'E:/PROGRAMS/Unreal Engine/UE_4.27/FeaturePacks/TP_TopDownBP.upack' (chunk index -1, root 'root:/') mounted
[2022.09.27-15.45.31:606][  0]LogShaderLibrary: Display: ShaderCodeLibraryPakFileMountedCallback: pending pak file info (ChunkID:-1 Root:root:/ File:E:/PROGRAMS/Unreal Engine/UE_4.27/FeaturePacks/TP_TopDownBP.upack)
[2022.09.27-15.45.31:606][  0]LogPakFile: OnPakFileMounted2Time == 0.000048
[2022.09.27-15.45.31:607][  0]LogPakFile: PakFile PrimaryIndexSize=185
[2022.09.27-15.45.31:608][  0]LogPakFile: PakFile PathHashIndexSize=101
[2022.09.27-15.45.31:608][  0]LogPakFile: PakFile FullDirectoryIndexSize=144
[2022.09.27-15.45.31:608][  0]LogShaderLibrary: Display: ShaderCodeLibraryPakFileMountedCallback: PakFile 'E:/PROGRAMS/Unreal Engine/UE_4.27/FeaturePacks/TP_TwinStick.upack' (chunk index -1, root 'root:/') mounted
[2022.09.27-15.45.31:608][  0]LogShaderLibrary: Display: ShaderCodeLibraryPakFileMountedCallback: pending pak file info (ChunkID:-1 Root:root:/ File:E:/PROGRAMS/Unreal Engine/UE_4.27/FeaturePacks/TP_TwinStick.upack)
[2022.09.27-15.45.31:608][  0]LogPakFile: OnPakFileMounted2Time == 0.000065
[2022.09.27-15.45.31:609][  0]LogPakFile: PakFile PrimaryIndexSize=187
[2022.09.27-15.45.31:609][  0]LogPakFile: PakFile PathHashIndexSize=101
[2022.09.27-15.45.31:609][  0]LogPakFile: PakFile FullDirectoryIndexSize=148
[2022.09.27-15.45.31:609][  0]LogShaderLibrary: Display: ShaderCodeLibraryPakFileMountedCallback: PakFile 'E:/PROGRAMS/Unreal Engine/UE_4.27/FeaturePacks/TP_TwinStickBP.upack' (chunk index -1, root 'root:/') mounted
[2022.09.27-15.45.31:609][  0]LogShaderLibrary: Display: ShaderCodeLibraryPakFileMountedCallback: pending pak file info (ChunkID:-1 Root:root:/ File:E:/PROGRAMS/Unreal Engine/UE_4.27/FeaturePacks/TP_TwinStickBP.upack)
[2022.09.27-15.45.31:609][  0]LogPakFile: OnPakFileMounted2Time == 0.000036
[2022.09.27-15.45.31:610][  0]LogPakFile: PakFile PrimaryIndexSize=183
[2022.09.27-15.45.31:610][  0]LogPakFile: PakFile PathHashIndexSize=101
[2022.09.27-15.45.31:610][  0]LogPakFile: PakFile FullDirectoryIndexSize=140
[2022.09.27-15.45.31:610][  0]LogShaderLibrary: Display: ShaderCodeLibraryPakFileMountedCallback: PakFile 'E:/PROGRAMS/Unreal Engine/UE_4.27/FeaturePacks/TP_Vehicle.upack' (chunk index -1, root 'root:/') mounted
[2022.09.27-15.45.31:610][  0]LogShaderLibrary: Display: ShaderCodeLibraryPakFileMountedCallback: pending pak file info (ChunkID:-1 Root:root:/ File:E:/PROGRAMS/Unreal Engine/UE_4.27/FeaturePacks/TP_Vehicle.upack)
[2022.09.27-15.45.31:610][  0]LogPakFile: OnPakFileMounted2Time == 0.000038
[2022.09.27-15.45.31:611][  0]LogPakFile: PakFile PrimaryIndexSize=186
[2022.09.27-15.45.31:611][  0]LogPakFile: PakFile PathHashIndexSize=101
[2022.09.27-15.45.31:611][  0]LogPakFile: PakFile FullDirectoryIndexSize=146
[2022.09.27-15.45.31:611][  0]LogShaderLibrary: Display: ShaderCodeLibraryPakFileMountedCallback: PakFile 'E:/PROGRAMS/Unreal Engine/UE_4.27/FeaturePacks/TP_VehicleAdv.upack' (chunk index -1, root 'root:/') mounted
[2022.09.27-15.45.31:611][  0]LogShaderLibrary: Display: ShaderCodeLibraryPakFileMountedCallback: pending pak file info (ChunkID:-1 Root:root:/ File:E:/PROGRAMS/Unreal Engine/UE_4.27/FeaturePacks/TP_VehicleAdv.upack)
[2022.09.27-15.45.31:611][  0]LogPakFile: OnPakFileMounted2Time == 0.000037
[2022.09.27-15.45.31:612][  0]LogPakFile: PakFile PrimaryIndexSize=188
[2022.09.27-15.45.31:612][  0]LogPakFile: PakFile PathHashIndexSize=101
[2022.09.27-15.45.31:612][  0]LogPakFile: PakFile FullDirectoryIndexSize=150
[2022.09.27-15.45.31:612][  0]LogShaderLibrary: Display: ShaderCodeLibraryPakFileMountedCallback: PakFile 'E:/PROGRAMS/Unreal Engine/UE_4.27/FeaturePacks/TP_VehicleAdvBP.upack' (chunk index -1, root 'root:/') mounted
[2022.09.27-15.45.31:612][  0]LogShaderLibrary: Display: ShaderCodeLibraryPakFileMountedCallback: pending pak file info (ChunkID:-1 Root:root:/ File:E:/PROGRAMS/Unreal Engine/UE_4.27/FeaturePacks/TP_VehicleAdvBP.upack)
[2022.09.27-15.45.31:612][  0]LogPakFile: OnPakFileMounted2Time == 0.000039
[2022.09.27-15.45.31:613][  0]LogPakFile: PakFile PrimaryIndexSize=185
[2022.09.27-15.45.31:613][  0]LogPakFile: PakFile PathHashIndexSize=101
[2022.09.27-15.45.31:613][  0]LogPakFile: PakFile FullDirectoryIndexSize=144
[2022.09.27-15.45.31:613][  0]LogShaderLibrary: Display: ShaderCodeLibraryPakFileMountedCallback: PakFile 'E:/PROGRAMS/Unreal Engine/UE_4.27/FeaturePacks/TP_VehicleBP.upack' (chunk index -1, root 'root:/') mounted
[2022.09.27-15.45.31:613][  0]LogShaderLibrary: Display: ShaderCodeLibraryPakFileMountedCallback: pending pak file info (ChunkID:-1 Root:root:/ File:E:/PROGRAMS/Unreal Engine/UE_4.27/FeaturePacks/TP_VehicleBP.upack)
[2022.09.27-15.45.31:613][  0]LogPakFile: OnPakFileMounted2Time == 0.000035
[2022.09.27-15.45.31:614][  0]LogPakFile: PakFile PrimaryIndexSize=192
[2022.09.27-15.45.31:614][  0]LogPakFile: PakFile PathHashIndexSize=101
[2022.09.27-15.45.31:614][  0]LogPakFile: PakFile FullDirectoryIndexSize=158
[2022.09.27-15.45.31:614][  0]LogShaderLibrary: Display: ShaderCodeLibraryPakFileMountedCallback: PakFile 'E:/PROGRAMS/Unreal Engine/UE_4.27/FeaturePacks/TP_VirtualRealityBP.upack' (chunk index -1, root 'root:/') mounted
[2022.09.27-15.45.31:614][  0]LogShaderLibrary: Display: ShaderCodeLibraryPakFileMountedCallback: pending pak file info (ChunkID:-1 Root:root:/ File:E:/PROGRAMS/Unreal Engine/UE_4.27/FeaturePacks/TP_VirtualRealityBP.upack)
[2022.09.27-15.45.31:614][  0]LogPakFile: OnPakFileMounted2Time == 0.000035
[2022.09.27-15.45.31:702][  0]LogNativeClassHierarchy: Verbose: Native class hierarchy updated for 'AddContentDialog' in 0.0003 seconds. Added 0 classes and 0 folders.
[2022.09.27-15.45.31:704][  0]LogNativeClassHierarchy: Verbose: Native class hierarchy updated for 'SceneOutliner' in 0.0003 seconds. Added 2 classes and 0 folders.
[2022.09.27-15.45.31:737][  0]LogSlate: Took 0.000324 seconds to synchronously load lazily loaded font '../../../Engine/Content/Slate/Fonts/Roboto-Regular.ttf' (155K)
[2022.09.27-15.45.31:739][  0]LogSlate: Took 0.000272 seconds to synchronously load lazily loaded font '../../../Engine/Content/Editor/Slate/Fonts/FontAwesome.ttf' (139K)
[2022.09.27-15.45.31:740][  0]LogSlate: Took 0.000225 seconds to synchronously load lazily loaded font '../../../Engine/Content/Slate/Fonts/Roboto-Bold.ttf' (160K)
[2022.09.27-15.45.31:841][  0]LogRenderer: Reallocating scene render targets to support 1020x572 Format 10 NumSamples 1 (Frame:1).
[2022.09.27-15.45.32:506][  0]LogSlate: Took 0.000256 seconds to synchronously load lazily loaded font '../../../Engine/Content/Slate/Fonts/Roboto-Light.ttf' (167K)
[2022.09.27-15.45.32:570][  0]LogNativeClassHierarchy: Verbose: Native class hierarchy updated for 'HierarchicalLODOutliner' in 0.0003 seconds. Added 0 classes and 0 folders.
[2022.09.27-15.45.32:570][  0]LogLoad: (Engine Initialization) Total time: 11.73 seconds
[2022.09.27-15.45.32:570][  0]LogLoad: (Engine Initialization) Total Blueprint compile time: 0.00 seconds
[2022.09.27-15.45.32:624][  0]LogAssetRegistry: Asset discovery search completed in 6.8405 seconds
[2022.09.27-15.45.32:631][  0]LogCollectionManager: Fixed up redirectors for 0 collections in 0.000004 seconds (updated 0 objects)
[2022.09.27-15.45.32:633][  0]LogContentStreaming: Texture pool size now 1000 MB
[2022.09.27-15.45.33:593][100]LogSlate: Took 0.000307 seconds to synchronously load lazily loaded font '../../../Engine/Content/Slate/Fonts/Roboto-Light.ttf' (167K)
[2022.09.27-15.49.26:350][878]LogAssetEditorSubsystem: Opening Asset editor for Blueprint /Game/FirstPersonBP/Blueprints/OOS_Character_BP.OOS_Character_BP
[2022.09.27-15.49.27:346][878]LogNativeClassHierarchy: Verbose: Native class hierarchy updated for 'BlueprintGraph' in 0.0007 seconds. Added 126 classes and 0 folders.
[2022.09.27-15.49.28:507][878]LogSlate: Took 0.004854 seconds to synchronously load lazily loaded font '../../../Engine/Content/Slate/Fonts/Roboto-BoldCondensed.ttf' (158K)
[2022.09.27-15.49.28:771][879]LogSlate: Took 0.005266 seconds to synchronously load lazily loaded font '../../../Engine/Content/Slate/Fonts/Roboto-Italic.ttf' (157K)
[2022.09.27-15.49.30:142][993]LogSlate: Window 'OOS_Character_BP' being destroyed
[2022.09.27-15.53.41:573][808]LogAudioMixer: Warning: Changing default audio render device to new device: {0.0.0.00000000}.{2bfb16e3-c9e2-4185-81f5-c6133ce41b60}.
[2022.09.27-15.53.41:573][808]LogAudioMixer: Resetting audio stream to device id 
[2022.09.27-15.53.41:584][808]LogAudioMixer: Display: 0: FrontLeft
[2022.09.27-15.53.41:584][808]LogAudioMixer: Display: 1: FrontRight
[2022.09.27-15.53.41:584][808]LogAudioMixer: Display: 2: FrontCenter
[2022.09.27-15.53.41:584][808]LogAudioMixer: Display: 3: LowFrequency
[2022.09.27-15.53.41:584][808]LogAudioMixer: Display: 4: BackLeft
[2022.09.27-15.53.41:584][808]LogAudioMixer: Display: 5: BackRight
[2022.09.27-15.53.41:584][808]LogAudioMixer: Display: 6: SideLeft
[2022.09.27-15.53.41:584][808]LogAudioMixer: Display: 7: SideRight
[2022.09.27-16.02.07:917][269]LogAudioMixer: Display: Audio Buffer Underrun (starvation) detected.
[2022.09.27-16.03.21:720][462]LogAudioMixer: Display: Audio Buffer Underrun (starvation) detected.
[2022.09.27-16.05.47:465][827]LogAudioMixer: Display: Audio Buffer Underrun (starvation) detected.
