Log file open, 10/07/22 17:05:39
LogWindows: Failed to load 'aqProf.dll' (GetLastError=126)
LogWindows: File 'aqProf.dll' does not exist
LogWindows: Failed to load 'VtuneApi.dll' (GetLastError=126)
LogWindows: File 'VtuneApi.dll' does not exist
LogWindows: Failed to load 'VtuneApi32e.dll' (GetLastError=126)
LogWindows: File 'VtuneApi32e.dll' does not exist
LogConsoleResponse: Display: Failed to find resolution value strings in scalability ini. Falling back to default.
LogConsoleResponse: Display: Failed to find resolution value strings in scalability ini. Falling back to default.
LogInit: Display: Running engine for game: OutOfSight
LogPlatformFile: Not using cached read wrapper
LogTaskGraph: Started task graph with 5 named threads and 35 total threads with 3 sets of task threads.
LogStats: Stats thread started at 0.398350
LogICUInternationalization: ICU TimeZone Detection - Raw Offset: -4:00, Platform Override: ''
LogInit: Display: Loading text-based GConfig....
LogPluginManager: Mounting plugin MeshPainting
LogPluginManager: Mounting plugin XGEController
LogPluginManager: Mounting plugin Paper2D
LogPluginManager: Mounting plugin LightPropagationVolume
LogPluginManager: Mounting plugin AISupport
LogPluginManager: Mounting plugin LiveLink
LogPluginManager: Mounting plugin EnvironmentQueryEditor
LogPluginManager: Mounting plugin AnimationSharing
LogPluginManager: Mounting plugin CLionSourceCodeAccess
LogPluginManager: Mounting plugin CodeLiteSourceCodeAccess
LogPluginManager: Mounting plugin GitSourceControl
LogPluginManager: Mounting plugin KDevelopSourceCodeAccess
LogPluginManager: Mounting plugin NullSourceCodeAccess
LogPluginManager: Mounting plugin PerforceSourceControl
LogPluginManager: Mounting plugin PixWinPlugin
LogPluginManager: Mounting plugin PlasticSourceControl
LogPluginManager: Mounting plugin PluginUtils
LogPluginManager: Mounting plugin PropertyAccessNode
LogPluginManager: Mounting plugin RiderSourceCodeAccess
LogPluginManager: Mounting plugin SubversionSourceControl
LogPluginManager: Mounting plugin TextureFormatOodle
LogPluginManager: Mounting plugin UObjectPlugin
LogPluginManager: Mounting plugin DatasmithContent
LogPluginManager: Mounting plugin VisualStudioSourceCodeAccess
LogPluginManager: Mounting plugin VisualStudioCodeSourceCodeAccess
LogPluginManager: Mounting plugin XCodeSourceCodeAccess
LogPluginManager: Mounting plugin VariantManagerContent
LogPluginManager: Mounting plugin AlembicImporter
LogPluginManager: Mounting plugin AutomationUtils
LogPluginManager: Mounting plugin BackChannel
LogPluginManager: Mounting plugin ChaosCloth
LogPluginManager: Mounting plugin ChaosClothEditor
LogPluginManager: Mounting plugin ChaosEditor
LogPluginManager: Mounting plugin ChaosNiagara
LogPluginManager: Mounting plugin ChaosSolverPlugin
LogPluginManager: Mounting plugin CharacterAI
LogPluginManager: Mounting plugin GeometryCache
LogPluginManager: Mounting plugin GeometryCollectionPlugin
LogPluginManager: Mounting plugin GeometryProcessing
LogPluginManager: Mounting plugin MotoSynth
LogPluginManager: Mounting plugin OpenImageDenoise
LogPluginManager: Mounting plugin PlanarCut
LogPluginManager: Mounting plugin ProxyLODPlugin
LogPluginManager: Mounting plugin PlatformCrypto
LogPluginManager: Mounting plugin PythonScriptPlugin
LogPluginManager: Mounting plugin SkeletalReduction
LogPluginManager: Mounting plugin AssetManagerEditor
LogPluginManager: Mounting plugin CurveEditorTools
LogPluginManager: Mounting plugin CryptoKeys
LogPluginManager: Mounting plugin DataValidation
LogPluginManager: Mounting plugin FacialAnimation
LogPluginManager: Mounting plugin GameplayTagsEditor
LogPluginManager: Mounting plugin GeometryMode
LogPluginManager: Mounting plugin MacGraphicsSwitching
LogPluginManager: Mounting plugin MaterialAnalyzer
LogPluginManager: Mounting plugin MobileLauncherProfileWizard
LogPluginManager: Mounting plugin PluginBrowser
LogPluginManager: Mounting plugin LuminPlatformFeatures
LogPluginManager: Mounting plugin MagicLeap
LogPluginManager: Mounting plugin SpeedTreeImporter
LogPluginManager: Mounting plugin AndroidMedia
LogPluginManager: Mounting plugin AvfMedia
LogPluginManager: Mounting plugin MagicLeapLightEstimation
LogPluginManager: Mounting plugin ImgMedia
LogPluginManager: Mounting plugin MediaCompositing
LogPluginManager: Mounting plugin MagicLeapMedia
LogPluginManager: Mounting plugin MagicLeapPassableWorld
LogPluginManager: Mounting plugin MediaPlayerEditor
LogPluginManager: Mounting plugin MLSDK
LogPluginManager: Mounting plugin Niagara
LogPluginManager: Mounting plugin WmfMedia
LogPluginManager: Mounting plugin WebMMedia
LogPluginManager: Mounting plugin ActorSequence
LogPluginManager: Mounting plugin MatineeToLevelSequence
LogPluginManager: Mounting plugin LevelSequenceEditor
LogPluginManager: Mounting plugin TemplateSequence
LogPluginManager: Mounting plugin TcpMessaging
LogPluginManager: Mounting plugin OnlineSubsystem
LogPluginManager: Mounting plugin UdpMessaging
LogPluginManager: Mounting plugin OnlineSubsystemNull
LogPluginManager: Mounting plugin LauncherChunkInstaller
LogPluginManager: Mounting plugin OnlineSubsystemUtils
LogPluginManager: Mounting plugin ActorLayerUtilities
LogPluginManager: Mounting plugin AndroidDeviceProfileSelector
LogPluginManager: Mounting plugin AndroidMoviePlayer
LogPluginManager: Mounting plugin AndroidPermission
LogPluginManager: Mounting plugin AppleMoviePlayer
LogPluginManager: Mounting plugin AppleImageUtils
LogPluginManager: Mounting plugin ArchVisCharacter
LogPluginManager: Mounting plugin AssetTags
LogPluginManager: Mounting plugin AudioCapture
LogPluginManager: Mounting plugin AudioSynesthesia
LogPluginManager: Mounting plugin CableComponent
LogPluginManager: Mounting plugin ChunkDownloader
LogPluginManager: Mounting plugin CustomMeshComponent
LogPluginManager: Mounting plugin ExampleDeviceProfileSelector
LogPluginManager: Mounting plugin EditableMesh
LogPluginManager: Mounting plugin GoogleCloudMessaging
LogPluginManager: Mounting plugin GooglePAD
LogPluginManager: Mounting plugin IOSDeviceProfileSelector
LogPluginManager: Mounting plugin LinuxDeviceProfileSelector
LogPluginManager: Mounting plugin LocationServicesBPLibrary
LogPluginManager: Mounting plugin MobilePatchingUtils
LogPluginManager: Mounting plugin OpenXR
LogPluginManager: Mounting plugin OpenXREyeTracker
LogPluginManager: Mounting plugin OpenXRHandTracking
LogPluginManager: Mounting plugin PhysXVehicles
LogPluginManager: Mounting plugin PostSplashScreen
LogPluginManager: Mounting plugin ProceduralMeshComponent
LogPluginManager: Mounting plugin PropertyAccessEditor
LogPluginManager: Mounting plugin RuntimePhysXCooking
LogPluginManager: Mounting plugin SignificanceManager
LogPluginManager: Mounting plugin SoundFields
LogPluginManager: Mounting plugin Synthesis
LogPluginManager: Mounting plugin WebMMoviePlayer
LogPluginManager: Mounting plugin WindowsMoviePlayer
LogPluginManager: Mounting plugin ScreenshotTools
LogPluginManager: Mounting plugin Takes
LogPluginManager: Mounting plugin OodleData
LogPluginManager: Mounting plugin OodleNetwork
LogPluginManager: Mounting plugin CameraShakePreviewer
LogPluginManager: Mounting plugin GameplayCameras
LogPluginManager: Mounting plugin ContentBrowserClassDataSource
LogPluginManager: Mounting plugin ContentBrowserFileDataSource
LogPluginManager: Mounting plugin ContentBrowserAssetDataSource
LogPluginManager: Mounting plugin OnlineSubsystemGooglePlay
LogPluginManager: Mounting plugin OnlineSubsystemIOS
LogPluginManager: Mounting plugin OculusVR
LogPluginManager: Mounting plugin SteamVR
PixWinPlugin: PIX capture plugin failed to initialize! Check that the process is launched from PIX.
LogInit: Using libcurl 7.55.1-DEV
LogInit:  - built for x86_64-pc-win32
LogInit:  - supports SSL with OpenSSL/1.1.1
LogInit:  - supports HTTP deflate (compression) using libz 1.2.8
LogInit:  - other features:
LogInit:      CURL_VERSION_SSL
LogInit:      CURL_VERSION_LIBZ
LogInit:      CURL_VERSION_IPV6
LogInit:      CURL_VERSION_ASYNCHDNS
LogInit:      CURL_VERSION_LARGEFILE
LogInit:      CURL_VERSION_IDN
LogInit:  CurlRequestOptions (configurable via config and command line):
LogInit:  - bVerifyPeer = true  - Libcurl will verify peer certificate
LogInit:  - bUseHttpProxy = false  - Libcurl will NOT use HTTP proxy
LogInit:  - bDontReuseConnections = false  - Libcurl will reuse connections
LogInit:  - MaxHostConnections = 16  - Libcurl will limit the number of connections to a host
LogInit:  - LocalHostAddr = Default
LogInit:  - BufferSize = 65536
LogOnline: OSS: Creating online subsystem instance for: NULL
LogInit: WinSock: version 1.1 (2.2), MaxSocks=32767, MaxUdp=65467
LogOnline: OSS: TryLoadSubsystemAndSetDefault: Loaded subsystem for module [NULL]
LogOculusPluginWrapper: OculusPlugin initialized successfully
LogHMD: Failed initializing OVRPlugin 1.59.0
LogInit: Build: ++UE4+Release-4.27-CL-18319896
LogInit: Engine Version: 4.27.2-18319896+++UE4+Release-4.27
LogInit: Compatible Engine Version: 4.27.0-17155196+++UE4+Release-4.27
LogInit: Net CL: 17155196
LogInit: OS: Windows 10 (Release 2009) (), CPU: AMD Ryzen 5 2600 Six-Core Processor            , GPU: NVIDIA GeForce GTX 1080
LogInit: Compiled (64-bit): Nov 30 2021 07:12:08
LogInit: Compiled with Visual C++: 19.24.28315.00
LogInit: Build Configuration: Development
LogInit: Branch Name: ++UE4+Release-4.27
LogInit: Command Line: 
LogInit: Base Directory: E:/PROGRAMS/Unreal Engine/UE_4.27/Engine/Binaries/Win64/
LogInit: Allocator: TBB
LogInit: Installed Engine Build: 1
LogDevObjectVersion: Number of dev versions registered: 29
LogDevObjectVersion:   Dev-Blueprints (B0D832E4-1F89-4F0D-ACCF-7EB736FD4AA2): 10
LogDevObjectVersion:   Dev-Build (E1C64328-A22C-4D53-A36C-8E866417BD8C): 0
LogDevObjectVersion:   Dev-Core (375EC13C-06E4-48FB-B500-84F0262A717E): 4
LogDevObjectVersion:   Dev-Editor (E4B068ED-F494-42E9-A231-DA0B2E46BB41): 40
LogDevObjectVersion:   Dev-Framework (CFFC743F-43B0-4480-9391-14DF171D2073): 37
LogDevObjectVersion:   Dev-Mobile (B02B49B5-BB20-44E9-A304-32B752E40360): 3
LogDevObjectVersion:   Dev-Networking (A4E4105C-59A1-49B5-A7C5-40C4547EDFEE): 0
LogDevObjectVersion:   Dev-Online (39C831C9-5AE6-47DC-9A44-9C173E1C8E7C): 0
LogDevObjectVersion:   Dev-Physics (78F01B33-EBEA-4F98-B9B4-84EACCB95AA2): 14
LogDevObjectVersion:   Dev-Platform (6631380F-2D4D-43E0-8009-CF276956A95A): 0
LogDevObjectVersion:   Dev-Rendering (12F88B9F-8875-4AFC-A67C-D90C383ABD29): 45
LogDevObjectVersion:   Dev-Sequencer (7B5AE74C-D270-4C10-A958-57980B212A5A): 13
LogDevObjectVersion:   Dev-VR (D7296918-1DD6-4BDD-9DE2-64A83CC13884): 3
LogDevObjectVersion:   Dev-LoadTimes (C2A15278-BFE7-4AFE-6C17-90FF531DF755): 1
LogDevObjectVersion:   Private-Geometry (6EACA3D4-40EC-4CC1-B786-8BED09428FC5): 3
LogDevObjectVersion:   Dev-AnimPhys (29E575DD-E0A3-4627-9D10-D276232CDCEA): 17
LogDevObjectVersion:   Dev-Anim (AF43A65D-7FD3-4947-9873-3E8ED9C1BB05): 15
LogDevObjectVersion:   Dev-ReflectionCapture (6B266CEC-1EC7-4B8F-A30B-E4D90942FC07): 1
LogDevObjectVersion:   Dev-Automation (0DF73D61-A23F-47EA-B727-89E90C41499A): 1
LogDevObjectVersion:   FortniteMain (601D1886-AC64-4F84-AA16-D3DE0DEAC7D6): 47
LogDevObjectVersion:   FortniteRelease (E7086368-6B23-4C58-8439-1B7016265E91): 1
LogDevObjectVersion:   Dev-Enterprise (9DFFBCD6-494F-0158-E221-12823C92A888): 10
LogDevObjectVersion:   Dev-Niagara (F2AED0AC-9AFE-416F-8664-AA7FFA26D6FC): 1
LogDevObjectVersion:   Dev-Destruction (174F1F0B-B4C6-45A5-B13F-2EE8D0FB917D): 10
LogDevObjectVersion:   Dev-Physics-Ext (35F94A83-E258-406C-A318-09F59610247C): 41
LogDevObjectVersion:   Dev-PhysicsMaterial-Chaos (B68FC16E-8B1B-42E2-B453-215C058844FE): 1
LogDevObjectVersion:   Dev-CineCamera (B2E18506-4273-CFC2-A54E-F4BB758BBA07): 1
LogDevObjectVersion:   Dev-VirtualProduction (64F58936-FD1B-42BA-BA96-7289D5D0FA4E): 1
LogDevObjectVersion:   Dev-MediaFramework (6F0ED827-A609-4895-9C91-998D90180EA4): 2
LogInit: Presizing for max 25165824 objects, including 0 objects not considered by GC, pre-allocating 0 bytes for permanent pool.
LogConfig: Applying CVar settings from Section [/Script/Engine.StreamingSettings] File [E:/UnrealProjects(git)/OutOfSight/OutOfSight/Saved/Config/Windows/Engine.ini]
LogConfig: Setting CVar [[s.MinBulkDataSizeForAsyncLoading:131072]]
LogConfig: Setting CVar [[s.AsyncLoadingThreadEnabled:0]]
LogConfig: Setting CVar [[s.EventDrivenLoaderEnabled:1]]
LogConfig: Setting CVar [[s.WarnIfTimeLimitExceeded:0]]
LogConfig: Setting CVar [[s.TimeLimitExceededMultiplier:1.5]]
LogConfig: Setting CVar [[s.TimeLimitExceededMinTime:0.005]]
LogConfig: Setting CVar [[s.UseBackgroundLevelStreaming:1]]
LogConfig: Setting CVar [[s.PriorityAsyncLoadingExtraTime:15.0]]
LogConfig: Setting CVar [[s.LevelStreamingActorsUpdateTimeLimit:5.0]]
LogConfig: Setting CVar [[s.PriorityLevelStreamingActorsUpdateExtraTime:5.0]]
LogConfig: Setting CVar [[s.LevelStreamingComponentsRegistrationGranularity:10]]
LogConfig: Setting CVar [[s.UnregisterComponentsTimeLimit:1.0]]
LogConfig: Setting CVar [[s.LevelStreamingComponentsUnregistrationGranularity:5]]
LogConfig: Setting CVar [[s.FlushStreamingOnExit:1]]
LogInit: Object subsystem initialized
LogConfig: Setting CVar [[con.DebugEarlyDefault:1]]
LogConfig: Setting CVar [[r.setres:1280x720]]
[2022.10.07-20.05.41:350][  0]LogConfig: Setting CVar [[r.VSync:0]]
[2022.10.07-20.05.41:350][  0]LogConfig: Setting CVar [[r.RHICmdBypass:0]]
[2022.10.07-20.05.41:350][  0]LogConfig: Applying CVar settings from Section [/Script/Engine.RendererSettings] File [E:/UnrealProjects(git)/OutOfSight/OutOfSight/Saved/Config/Windows/Engine.ini]
[2022.10.07-20.05.41:350][  0]LogConfig: Setting CVar [[r.GPUCrashDebugging:0]]
[2022.10.07-20.05.41:350][  0]LogConfig: Applying CVar settings from Section [/Script/Engine.RendererOverrideSettings] File [E:/UnrealProjects(git)/OutOfSight/OutOfSight/Saved/Config/Windows/Engine.ini]
[2022.10.07-20.05.41:350][  0]LogConfig: Applying CVar settings from Section [/Script/Engine.StreamingSettings] File [E:/UnrealProjects(git)/OutOfSight/OutOfSight/Saved/Config/Windows/Engine.ini]
[2022.10.07-20.05.41:350][  0]LogConfig: Setting CVar [[s.MinBulkDataSizeForAsyncLoading:131072]]
[2022.10.07-20.05.41:350][  0]LogConfig: Setting CVar [[s.AsyncLoadingThreadEnabled:0]]
[2022.10.07-20.05.41:350][  0]LogConfig: Setting CVar [[s.EventDrivenLoaderEnabled:1]]
[2022.10.07-20.05.41:350][  0]LogConfig: Setting CVar [[s.WarnIfTimeLimitExceeded:0]]
[2022.10.07-20.05.41:350][  0]LogConfig: Setting CVar [[s.TimeLimitExceededMultiplier:1.5]]
[2022.10.07-20.05.41:350][  0]LogConfig: Setting CVar [[s.TimeLimitExceededMinTime:0.005]]
[2022.10.07-20.05.41:350][  0]LogConfig: Setting CVar [[s.UseBackgroundLevelStreaming:1]]
[2022.10.07-20.05.41:350][  0]LogConfig: Setting CVar [[s.PriorityAsyncLoadingExtraTime:15.0]]
[2022.10.07-20.05.41:350][  0]LogConfig: Setting CVar [[s.LevelStreamingActorsUpdateTimeLimit:5.0]]
[2022.10.07-20.05.41:350][  0]LogConfig: Setting CVar [[s.PriorityLevelStreamingActorsUpdateExtraTime:5.0]]
[2022.10.07-20.05.41:350][  0]LogConfig: Setting CVar [[s.LevelStreamingComponentsRegistrationGranularity:10]]
[2022.10.07-20.05.41:350][  0]LogConfig: Setting CVar [[s.UnregisterComponentsTimeLimit:1.0]]
[2022.10.07-20.05.41:350][  0]LogConfig: Setting CVar [[s.LevelStreamingComponentsUnregistrationGranularity:5]]
[2022.10.07-20.05.41:350][  0]LogConfig: Setting CVar [[s.FlushStreamingOnExit:1]]
[2022.10.07-20.05.41:350][  0]LogConfig: Applying CVar settings from Section [/Script/Engine.GarbageCollectionSettings] File [E:/UnrealProjects(git)/OutOfSight/OutOfSight/Saved/Config/Windows/Engine.ini]
[2022.10.07-20.05.41:350][  0]LogConfig: Setting CVar [[gc.MaxObjectsNotConsideredByGC:1]]
[2022.10.07-20.05.41:350][  0]LogConfig: Setting CVar [[gc.SizeOfPermanentObjectPool:0]]
[2022.10.07-20.05.41:350][  0]LogConfig: Setting CVar [[gc.FlushStreamingOnGC:0]]
[2022.10.07-20.05.41:350][  0]LogConfig: Setting CVar [[gc.NumRetriesBeforeForcingGC:10]]
[2022.10.07-20.05.41:350][  0]LogConfig: Setting CVar [[gc.AllowParallelGC:1]]
[2022.10.07-20.05.41:350][  0]LogConfig: Setting CVar [[gc.TimeBetweenPurgingPendingKillObjects:61.1]]
[2022.10.07-20.05.41:350][  0]LogConfig: Setting CVar [[gc.MaxObjectsInEditor:25165824]]
[2022.10.07-20.05.41:350][  0]LogConfig: Setting CVar [[gc.IncrementalBeginDestroyEnabled:1]]
[2022.10.07-20.05.41:350][  0]LogConfig: Setting CVar [[gc.CreateGCClusters:1]]
[2022.10.07-20.05.41:350][  0]LogConfig: Setting CVar [[gc.MinGCClusterSize:5]]
[2022.10.07-20.05.41:350][  0]LogConfig: Setting CVar [[gc.ActorClusteringEnabled:0]]
[2022.10.07-20.05.41:350][  0]LogConfig: Setting CVar [[gc.BlueprintClusteringEnabled:0]]
[2022.10.07-20.05.41:350][  0]LogConfig: Setting CVar [[gc.UseDisregardForGCOnDedicatedServers:0]]
[2022.10.07-20.05.41:350][  0]LogConfig: Setting CVar [[gc.MultithreadedDestructionEnabled:1]]
[2022.10.07-20.05.41:350][  0]LogConfig: Applying CVar settings from Section [/Script/Engine.NetworkSettings] File [E:/UnrealProjects(git)/OutOfSight/OutOfSight/Saved/Config/Windows/Engine.ini]
[2022.10.07-20.05.41:350][  0]LogConfig: Applying CVar settings from Section [/Script/UnrealEd.CookerSettings] File [E:/UnrealProjects(git)/OutOfSight/OutOfSight/Saved/Config/Windows/Engine.ini]
[2022.10.07-20.05.41:393][  0]LogConfig: Applying CVar settings from Section [ViewDistanceQuality@3] File [E:/UnrealProjects(git)/OutOfSight/OutOfSight/Saved/Config/Windows/Scalability.ini]
[2022.10.07-20.05.41:393][  0]LogConfig: Setting CVar [[r.SkeletalMeshLODBias:0]]
[2022.10.07-20.05.41:393][  0]LogConfig: Setting CVar [[r.ViewDistanceScale:1.0]]
[2022.10.07-20.05.41:393][  0]LogConfig: Applying CVar settings from Section [AntiAliasingQuality@3] File [E:/UnrealProjects(git)/OutOfSight/OutOfSight/Saved/Config/Windows/Scalability.ini]
[2022.10.07-20.05.41:393][  0]LogConfig: Setting CVar [[r.PostProcessAAQuality:4]]
[2022.10.07-20.05.41:393][  0]LogConfig: Applying CVar settings from Section [ShadowQuality@3] File [E:/UnrealProjects(git)/OutOfSight/OutOfSight/Saved/Config/Windows/Scalability.ini]
[2022.10.07-20.05.41:393][  0]LogConfig: Setting CVar [[r.LightFunctionQuality:1]]
[2022.10.07-20.05.41:393][  0]LogConfig: Setting CVar [[r.ShadowQuality:5]]
[2022.10.07-20.05.41:393][  0]LogConfig: Setting CVar [[r.Shadow.CSM.MaxCascades:10]]
[2022.10.07-20.05.41:393][  0]LogConfig: Setting CVar [[r.Shadow.MaxResolution:2048]]
[2022.10.07-20.05.41:393][  0]LogConfig: Setting CVar [[r.Shadow.MaxCSMResolution:2048]]
[2022.10.07-20.05.41:393][  0]LogConfig: Setting CVar [[r.Shadow.RadiusThreshold:0.01]]
[2022.10.07-20.05.41:393][  0]LogConfig: Setting CVar [[r.Shadow.DistanceScale:1.0]]
[2022.10.07-20.05.41:393][  0]LogConfig: Setting CVar [[r.Shadow.CSM.TransitionScale:1.0]]
[2022.10.07-20.05.41:393][  0]LogConfig: Setting CVar [[r.Shadow.PreShadowResolutionFactor:1.0]]
[2022.10.07-20.05.41:393][  0]LogConfig: Setting CVar [[r.DistanceFieldShadowing:1]]
[2022.10.07-20.05.41:393][  0]LogConfig: Setting CVar [[r.DistanceFieldAO:1]]
[2022.10.07-20.05.41:393][  0]LogConfig: Setting CVar [[r.AOQuality:2]]
[2022.10.07-20.05.41:393][  0]LogConfig: Setting CVar [[r.VolumetricFog:1]]
[2022.10.07-20.05.41:393][  0]LogConfig: Setting CVar [[r.VolumetricFog.GridPixelSize:8]]
[2022.10.07-20.05.41:393][  0]LogConfig: Setting CVar [[r.VolumetricFog.GridSizeZ:128]]
[2022.10.07-20.05.41:393][  0]LogConfig: Setting CVar [[r.VolumetricFog.HistoryMissSupersampleCount:4]]
[2022.10.07-20.05.41:393][  0]LogConfig: Setting CVar [[r.LightMaxDrawDistanceScale:1]]
[2022.10.07-20.05.41:393][  0]LogConfig: Setting CVar [[r.CapsuleShadows:1]]
[2022.10.07-20.05.41:393][  0]LogConfig: Applying CVar settings from Section [PostProcessQuality@3] File [E:/UnrealProjects(git)/OutOfSight/OutOfSight/Saved/Config/Windows/Scalability.ini]
[2022.10.07-20.05.41:393][  0]LogConfig: Setting CVar [[r.MotionBlurQuality:4]]
[2022.10.07-20.05.41:394][  0]LogConfig: Setting CVar [[r.AmbientOcclusionMipLevelFactor:0.4]]
[2022.10.07-20.05.41:394][  0]LogConfig: Setting CVar [[r.AmbientOcclusionMaxQuality:100]]
[2022.10.07-20.05.41:394][  0]LogConfig: Setting CVar [[r.AmbientOcclusionLevels:-1]]
[2022.10.07-20.05.41:394][  0]LogConfig: Setting CVar [[r.AmbientOcclusionRadiusScale:1.0]]
[2022.10.07-20.05.41:394][  0]LogConfig: Setting CVar [[r.DepthOfFieldQuality:2]]
[2022.10.07-20.05.41:394][  0]LogConfig: Setting CVar [[r.RenderTargetPoolMin:400]]
[2022.10.07-20.05.41:394][  0]LogConfig: Setting CVar [[r.LensFlareQuality:2]]
[2022.10.07-20.05.41:394][  0]LogConfig: Setting CVar [[r.SceneColorFringeQuality:1]]
[2022.10.07-20.05.41:394][  0]LogConfig: Setting CVar [[r.EyeAdaptationQuality:2]]
[2022.10.07-20.05.41:394][  0]LogConfig: Setting CVar [[r.BloomQuality:5]]
[2022.10.07-20.05.41:394][  0]LogConfig: Setting CVar [[r.FastBlurThreshold:100]]
[2022.10.07-20.05.41:394][  0]LogConfig: Setting CVar [[r.Upscale.Quality:3]]
[2022.10.07-20.05.41:394][  0]LogConfig: Setting CVar [[r.Tonemapper.GrainQuantization:1]]
[2022.10.07-20.05.41:394][  0]LogConfig: Setting CVar [[r.LightShaftQuality:1]]
[2022.10.07-20.05.41:394][  0]LogConfig: Setting CVar [[r.Filter.SizeScale:1]]
[2022.10.07-20.05.41:394][  0]LogConfig: Setting CVar [[r.Tonemapper.Quality:5]]
[2022.10.07-20.05.41:394][  0]LogConfig: Setting CVar [[r.DOF.Gather.AccumulatorQuality:1        ; higher gathering accumulator quality]]
[2022.10.07-20.05.41:394][  0]LogConfig: Setting CVar [[r.DOF.Gather.PostfilterMethod:1          ; Median3x3 postfilering method]]
[2022.10.07-20.05.41:394][  0]LogConfig: Setting CVar [[r.DOF.Gather.EnableBokehSettings:0       ; no bokeh simulation when gathering]]
[2022.10.07-20.05.41:394][  0]LogConfig: Setting CVar [[r.DOF.Gather.RingCount:4                 ; medium number of samples when gathering]]
[2022.10.07-20.05.41:394][  0]LogConfig: Setting CVar [[r.DOF.Scatter.ForegroundCompositing:1    ; additive foreground scattering]]
[2022.10.07-20.05.41:394][  0]LogConfig: Setting CVar [[r.DOF.Scatter.BackgroundCompositing:2    ; additive background scattering]]
[2022.10.07-20.05.41:394][  0]LogConfig: Setting CVar [[r.DOF.Scatter.EnableBokehSettings:1      ; bokeh simulation when scattering]]
[2022.10.07-20.05.41:394][  0]LogConfig: Setting CVar [[r.DOF.Scatter.MaxSpriteRatio:0.1         ; only a maximum of 10% of scattered bokeh]]
[2022.10.07-20.05.41:394][  0]LogConfig: Setting CVar [[r.DOF.Recombine.Quality:1                ; cheap slight out of focus]]
[2022.10.07-20.05.41:394][  0]LogConfig: Setting CVar [[r.DOF.Recombine.EnableBokehSettings:0    ; no bokeh simulation on slight out of focus]]
[2022.10.07-20.05.41:394][  0]LogConfig: Setting CVar [[r.DOF.TemporalAAQuality:1                ; more stable temporal accumulation]]
[2022.10.07-20.05.41:394][  0]LogConfig: Setting CVar [[r.DOF.Kernel.MaxForegroundRadius:0.025]]
[2022.10.07-20.05.41:394][  0]LogConfig: Setting CVar [[r.DOF.Kernel.MaxBackgroundRadius:0.025]]
[2022.10.07-20.05.41:394][  0]LogConfig: Applying CVar settings from Section [TextureQuality@3] File [E:/UnrealProjects(git)/OutOfSight/OutOfSight/Saved/Config/Windows/Scalability.ini]
[2022.10.07-20.05.41:394][  0]LogConfig: Setting CVar [[r.Streaming.MipBias:0]]
[2022.10.07-20.05.41:394][  0]LogConfig: Setting CVar [[r.Streaming.AmortizeCPUToGPUCopy:0]]
[2022.10.07-20.05.41:394][  0]LogConfig: Setting CVar [[r.Streaming.MaxNumTexturesToStreamPerFrame:0]]
[2022.10.07-20.05.41:394][  0]LogConfig: Setting CVar [[r.Streaming.Boost:1]]
[2022.10.07-20.05.41:394][  0]LogConfig: Setting CVar [[r.MaxAnisotropy:8]]
[2022.10.07-20.05.41:394][  0]LogConfig: Setting CVar [[r.VT.MaxAnisotropy:8]]
[2022.10.07-20.05.41:394][  0]LogConfig: Setting CVar [[r.Streaming.LimitPoolSizeToVRAM:0]]
[2022.10.07-20.05.41:394][  0]LogConfig: Setting CVar [[r.Streaming.PoolSize:1000]]
[2022.10.07-20.05.41:394][  0]LogConfig: Setting CVar [[r.Streaming.MaxEffectiveScreenSize:0]]
[2022.10.07-20.05.41:394][  0]LogConfig: Applying CVar settings from Section [EffectsQuality@3] File [E:/UnrealProjects(git)/OutOfSight/OutOfSight/Saved/Config/Windows/Scalability.ini]
[2022.10.07-20.05.41:394][  0]LogConfig: Setting CVar [[r.TranslucencyLightingVolumeDim:64]]
[2022.10.07-20.05.41:394][  0]LogConfig: Setting CVar [[r.RefractionQuality:2]]
[2022.10.07-20.05.41:394][  0]LogConfig: Setting CVar [[r.SSR.Quality:3]]
[2022.10.07-20.05.41:394][  0]LogConfig: Setting CVar [[r.SSR.HalfResSceneColor:0]]
[2022.10.07-20.05.41:394][  0]LogConfig: Setting CVar [[r.SceneColorFormat:4]]
[2022.10.07-20.05.41:394][  0]LogConfig: Setting CVar [[r.DetailMode:2]]
[2022.10.07-20.05.41:394][  0]LogConfig: Setting CVar [[r.TranslucencyVolumeBlur:1]]
[2022.10.07-20.05.41:394][  0]LogConfig: Setting CVar [[r.MaterialQualityLevel:1 ; High quality]]
[2022.10.07-20.05.41:394][  0]LogConfig: Setting CVar [[r.AnisotropicMaterials:1]]
[2022.10.07-20.05.41:394][  0]LogConfig: Setting CVar [[r.SSS.Scale:1]]
[2022.10.07-20.05.41:394][  0]LogConfig: Setting CVar [[r.SSS.SampleSet:2]]
[2022.10.07-20.05.41:394][  0]LogConfig: Setting CVar [[r.SSS.Quality:1]]
[2022.10.07-20.05.41:394][  0]LogConfig: Setting CVar [[r.SSS.HalfRes:0]]
[2022.10.07-20.05.41:394][  0]LogConfig: Setting CVar [[r.SSGI.Quality:3]]
[2022.10.07-20.05.41:394][  0]LogConfig: Setting CVar [[r.EmitterSpawnRateScale:1.0]]
[2022.10.07-20.05.41:394][  0]LogConfig: Setting CVar [[r.ParticleLightQuality:2]]
[2022.10.07-20.05.41:394][  0]LogConfig: Setting CVar [[r.SkyAtmosphere.AerialPerspectiveLUT.FastApplyOnOpaque:1 ; Always have FastSkyLUT 1 in this case to avoid wrong sky]]
[2022.10.07-20.05.41:394][  0]LogConfig: Setting CVar [[r.SkyAtmosphere.AerialPerspectiveLUT.SampleCountMaxPerSlice:4]]
[2022.10.07-20.05.41:394][  0]LogConfig: Setting CVar [[r.SkyAtmosphere.AerialPerspectiveLUT.DepthResolution:16.0]]
[2022.10.07-20.05.41:394][  0]LogConfig: Setting CVar [[r.SkyAtmosphere.FastSkyLUT:1]]
[2022.10.07-20.05.41:394][  0]LogConfig: Setting CVar [[r.SkyAtmosphere.FastSkyLUT.SampleCountMin:4.0]]
[2022.10.07-20.05.41:394][  0]LogConfig: Setting CVar [[r.SkyAtmosphere.FastSkyLUT.SampleCountMax:128.0]]
[2022.10.07-20.05.41:394][  0]LogConfig: Setting CVar [[r.SkyAtmosphere.SampleCountMin:4.0]]
[2022.10.07-20.05.41:394][  0]LogConfig: Setting CVar [[r.SkyAtmosphere.SampleCountMax:128.0]]
[2022.10.07-20.05.41:394][  0]LogConfig: Setting CVar [[r.SkyAtmosphere.TransmittanceLUT.UseSmallFormat:0]]
[2022.10.07-20.05.41:395][  0]LogConfig: Setting CVar [[r.SkyAtmosphere.TransmittanceLUT.SampleCount:10.0]]
[2022.10.07-20.05.41:395][  0]LogConfig: Setting CVar [[r.SkyAtmosphere.MultiScatteringLUT.SampleCount:15.0]]
[2022.10.07-20.05.41:395][  0]LogConfig: Setting CVar [[r.SkyLight.RealTimeReflectionCapture:1]]
[2022.10.07-20.05.41:395][  0]LogConfig: Applying CVar settings from Section [FoliageQuality@3] File [E:/UnrealProjects(git)/OutOfSight/OutOfSight/Saved/Config/Windows/Scalability.ini]
[2022.10.07-20.05.41:395][  0]LogConfig: Setting CVar [[foliage.DensityScale:1.0]]
[2022.10.07-20.05.41:395][  0]LogConfig: Setting CVar [[grass.DensityScale:1.0]]
[2022.10.07-20.05.41:395][  0]LogConfig: Applying CVar settings from Section [ShadingQuality@3] File [E:/UnrealProjects(git)/OutOfSight/OutOfSight/Saved/Config/Windows/Scalability.ini]
[2022.10.07-20.05.41:395][  0]LogConfig: Setting CVar [[r.HairStrands.SkyLighting.IntegrationType:2]]
[2022.10.07-20.05.41:395][  0]LogConfig: Setting CVar [[r.HairStrands.SkyAO.SampleCount:4]]
[2022.10.07-20.05.41:395][  0]LogConfig: Setting CVar [[r.HairStrands.Visibility.MSAA.SamplePerPixel:4]]
[2022.10.07-20.05.41:395][  0]LogInit: Selected Device Profile: [Windows]
[2022.10.07-20.05.41:395][  0]LogInit: Applying CVar settings loaded from the selected device profile: [Windows]
[2022.10.07-20.05.41:395][  0]LogHAL: Display: Platform has ~ 16 GB [17111375872 / 17179869184 / 16], which maps to Larger [LargestMinGB=32, LargerMinGB=12, DefaultMinGB=8, SmallerMinGB=6, SmallestMinGB=0)
[2022.10.07-20.05.41:395][  0]LogInit: Going up to parent DeviceProfile []
[2022.10.07-20.05.41:395][  0]LogConfig: Applying CVar settings from Section [ViewDistanceQuality@3] File [E:/UnrealProjects(git)/OutOfSight/OutOfSight/Saved/Config/Windows/Scalability.ini]
[2022.10.07-20.05.41:395][  0]LogConfig: Setting CVar [[r.SkeletalMeshLODBias:0]]
[2022.10.07-20.05.41:395][  0]LogConfig: Setting CVar [[r.ViewDistanceScale:1.0]]
[2022.10.07-20.05.41:395][  0]LogConfig: Applying CVar settings from Section [AntiAliasingQuality@3] File [E:/UnrealProjects(git)/OutOfSight/OutOfSight/Saved/Config/Windows/Scalability.ini]
[2022.10.07-20.05.41:395][  0]LogConfig: Setting CVar [[r.PostProcessAAQuality:4]]
[2022.10.07-20.05.41:395][  0]LogConfig: Applying CVar settings from Section [ShadowQuality@3] File [E:/UnrealProjects(git)/OutOfSight/OutOfSight/Saved/Config/Windows/Scalability.ini]
[2022.10.07-20.05.41:395][  0]LogConfig: Setting CVar [[r.LightFunctionQuality:1]]
[2022.10.07-20.05.41:395][  0]LogConfig: Setting CVar [[r.ShadowQuality:5]]
[2022.10.07-20.05.41:395][  0]LogConfig: Setting CVar [[r.Shadow.CSM.MaxCascades:10]]
[2022.10.07-20.05.41:395][  0]LogConfig: Setting CVar [[r.Shadow.MaxResolution:2048]]
[2022.10.07-20.05.41:395][  0]LogConfig: Setting CVar [[r.Shadow.MaxCSMResolution:2048]]
[2022.10.07-20.05.41:395][  0]LogConfig: Setting CVar [[r.Shadow.RadiusThreshold:0.01]]
[2022.10.07-20.05.41:395][  0]LogConfig: Setting CVar [[r.Shadow.DistanceScale:1.0]]
[2022.10.07-20.05.41:395][  0]LogConfig: Setting CVar [[r.Shadow.CSM.TransitionScale:1.0]]
[2022.10.07-20.05.41:395][  0]LogConfig: Setting CVar [[r.Shadow.PreShadowResolutionFactor:1.0]]
[2022.10.07-20.05.41:395][  0]LogConfig: Setting CVar [[r.DistanceFieldShadowing:1]]
[2022.10.07-20.05.41:395][  0]LogConfig: Setting CVar [[r.DistanceFieldAO:1]]
[2022.10.07-20.05.41:395][  0]LogConfig: Setting CVar [[r.AOQuality:2]]
[2022.10.07-20.05.41:395][  0]LogConfig: Setting CVar [[r.VolumetricFog:1]]
[2022.10.07-20.05.41:395][  0]LogConfig: Setting CVar [[r.VolumetricFog.GridPixelSize:8]]
[2022.10.07-20.05.41:395][  0]LogConfig: Setting CVar [[r.VolumetricFog.GridSizeZ:128]]
[2022.10.07-20.05.41:395][  0]LogConfig: Setting CVar [[r.VolumetricFog.HistoryMissSupersampleCount:4]]
[2022.10.07-20.05.41:395][  0]LogConfig: Setting CVar [[r.LightMaxDrawDistanceScale:1]]
[2022.10.07-20.05.41:395][  0]LogConfig: Setting CVar [[r.CapsuleShadows:1]]
[2022.10.07-20.05.41:395][  0]LogConfig: Applying CVar settings from Section [PostProcessQuality@3] File [E:/UnrealProjects(git)/OutOfSight/OutOfSight/Saved/Config/Windows/Scalability.ini]
[2022.10.07-20.05.41:395][  0]LogConfig: Setting CVar [[r.MotionBlurQuality:4]]
[2022.10.07-20.05.41:395][  0]LogConfig: Setting CVar [[r.AmbientOcclusionMipLevelFactor:0.4]]
[2022.10.07-20.05.41:395][  0]LogConfig: Setting CVar [[r.AmbientOcclusionMaxQuality:100]]
[2022.10.07-20.05.41:395][  0]LogConfig: Setting CVar [[r.AmbientOcclusionLevels:-1]]
[2022.10.07-20.05.41:395][  0]LogConfig: Setting CVar [[r.AmbientOcclusionRadiusScale:1.0]]
[2022.10.07-20.05.41:395][  0]LogConfig: Setting CVar [[r.DepthOfFieldQuality:2]]
[2022.10.07-20.05.41:395][  0]LogConfig: Setting CVar [[r.RenderTargetPoolMin:400]]
[2022.10.07-20.05.41:395][  0]LogConfig: Setting CVar [[r.LensFlareQuality:2]]
[2022.10.07-20.05.41:395][  0]LogConfig: Setting CVar [[r.SceneColorFringeQuality:1]]
[2022.10.07-20.05.41:395][  0]LogConfig: Setting CVar [[r.EyeAdaptationQuality:2]]
[2022.10.07-20.05.41:395][  0]LogConfig: Setting CVar [[r.BloomQuality:5]]
[2022.10.07-20.05.41:395][  0]LogConfig: Setting CVar [[r.FastBlurThreshold:100]]
[2022.10.07-20.05.41:395][  0]LogConfig: Setting CVar [[r.Upscale.Quality:3]]
[2022.10.07-20.05.41:395][  0]LogConfig: Setting CVar [[r.Tonemapper.GrainQuantization:1]]
[2022.10.07-20.05.41:395][  0]LogConfig: Setting CVar [[r.LightShaftQuality:1]]
[2022.10.07-20.05.41:395][  0]LogConfig: Setting CVar [[r.Filter.SizeScale:1]]
[2022.10.07-20.05.41:395][  0]LogConfig: Setting CVar [[r.Tonemapper.Quality:5]]
[2022.10.07-20.05.41:395][  0]LogConfig: Setting CVar [[r.DOF.Gather.AccumulatorQuality:1        ; higher gathering accumulator quality]]
[2022.10.07-20.05.41:395][  0]LogConfig: Setting CVar [[r.DOF.Gather.PostfilterMethod:1          ; Median3x3 postfilering method]]
[2022.10.07-20.05.41:395][  0]LogConfig: Setting CVar [[r.DOF.Gather.EnableBokehSettings:0       ; no bokeh simulation when gathering]]
[2022.10.07-20.05.41:395][  0]LogConfig: Setting CVar [[r.DOF.Gather.RingCount:4                 ; medium number of samples when gathering]]
[2022.10.07-20.05.41:395][  0]LogConfig: Setting CVar [[r.DOF.Scatter.ForegroundCompositing:1    ; additive foreground scattering]]
[2022.10.07-20.05.41:395][  0]LogConfig: Setting CVar [[r.DOF.Scatter.BackgroundCompositing:2    ; additive background scattering]]
[2022.10.07-20.05.41:395][  0]LogConfig: Setting CVar [[r.DOF.Scatter.EnableBokehSettings:1      ; bokeh simulation when scattering]]
[2022.10.07-20.05.41:395][  0]LogConfig: Setting CVar [[r.DOF.Scatter.MaxSpriteRatio:0.1         ; only a maximum of 10% of scattered bokeh]]
[2022.10.07-20.05.41:395][  0]LogConfig: Setting CVar [[r.DOF.Recombine.Quality:1                ; cheap slight out of focus]]
[2022.10.07-20.05.41:395][  0]LogConfig: Setting CVar [[r.DOF.Recombine.EnableBokehSettings:0    ; no bokeh simulation on slight out of focus]]
[2022.10.07-20.05.41:395][  0]LogConfig: Setting CVar [[r.DOF.TemporalAAQuality:1                ; more stable temporal accumulation]]
[2022.10.07-20.05.41:396][  0]LogConfig: Setting CVar [[r.DOF.Kernel.MaxForegroundRadius:0.025]]
[2022.10.07-20.05.41:396][  0]LogConfig: Setting CVar [[r.DOF.Kernel.MaxBackgroundRadius:0.025]]
[2022.10.07-20.05.41:396][  0]LogConfig: Applying CVar settings from Section [TextureQuality@3] File [E:/UnrealProjects(git)/OutOfSight/OutOfSight/Saved/Config/Windows/Scalability.ini]
[2022.10.07-20.05.41:396][  0]LogConfig: Setting CVar [[r.Streaming.MipBias:0]]
[2022.10.07-20.05.41:396][  0]LogConfig: Setting CVar [[r.Streaming.AmortizeCPUToGPUCopy:0]]
[2022.10.07-20.05.41:396][  0]LogConfig: Setting CVar [[r.Streaming.MaxNumTexturesToStreamPerFrame:0]]
[2022.10.07-20.05.41:396][  0]LogConfig: Setting CVar [[r.Streaming.Boost:1]]
[2022.10.07-20.05.41:396][  0]LogConfig: Setting CVar [[r.MaxAnisotropy:8]]
[2022.10.07-20.05.41:396][  0]LogConfig: Setting CVar [[r.VT.MaxAnisotropy:8]]
[2022.10.07-20.05.41:396][  0]LogConfig: Setting CVar [[r.Streaming.LimitPoolSizeToVRAM:0]]
[2022.10.07-20.05.41:396][  0]LogConfig: Setting CVar [[r.Streaming.PoolSize:1000]]
[2022.10.07-20.05.41:396][  0]LogConfig: Setting CVar [[r.Streaming.MaxEffectiveScreenSize:0]]
[2022.10.07-20.05.41:396][  0]LogConfig: Applying CVar settings from Section [EffectsQuality@3] File [E:/UnrealProjects(git)/OutOfSight/OutOfSight/Saved/Config/Windows/Scalability.ini]
[2022.10.07-20.05.41:396][  0]LogConfig: Setting CVar [[r.TranslucencyLightingVolumeDim:64]]
[2022.10.07-20.05.41:396][  0]LogConfig: Setting CVar [[r.RefractionQuality:2]]
[2022.10.07-20.05.41:396][  0]LogConfig: Setting CVar [[r.SSR.Quality:3]]
[2022.10.07-20.05.41:396][  0]LogConfig: Setting CVar [[r.SSR.HalfResSceneColor:0]]
[2022.10.07-20.05.41:396][  0]LogConfig: Setting CVar [[r.SceneColorFormat:4]]
[2022.10.07-20.05.41:396][  0]LogConfig: Setting CVar [[r.DetailMode:2]]
[2022.10.07-20.05.41:396][  0]LogConfig: Setting CVar [[r.TranslucencyVolumeBlur:1]]
[2022.10.07-20.05.41:396][  0]LogConfig: Setting CVar [[r.MaterialQualityLevel:1 ; High quality]]
[2022.10.07-20.05.41:396][  0]LogConfig: Setting CVar [[r.AnisotropicMaterials:1]]
[2022.10.07-20.05.41:396][  0]LogConfig: Setting CVar [[r.SSS.Scale:1]]
[2022.10.07-20.05.41:396][  0]LogConfig: Setting CVar [[r.SSS.SampleSet:2]]
[2022.10.07-20.05.41:396][  0]LogConfig: Setting CVar [[r.SSS.Quality:1]]
[2022.10.07-20.05.41:396][  0]LogConfig: Setting CVar [[r.SSS.HalfRes:0]]
[2022.10.07-20.05.41:396][  0]LogConfig: Setting CVar [[r.SSGI.Quality:3]]
[2022.10.07-20.05.41:396][  0]LogConfig: Setting CVar [[r.EmitterSpawnRateScale:1.0]]
[2022.10.07-20.05.41:396][  0]LogConfig: Setting CVar [[r.ParticleLightQuality:2]]
[2022.10.07-20.05.41:396][  0]LogConfig: Setting CVar [[r.SkyAtmosphere.AerialPerspectiveLUT.FastApplyOnOpaque:1 ; Always have FastSkyLUT 1 in this case to avoid wrong sky]]
[2022.10.07-20.05.41:396][  0]LogConfig: Setting CVar [[r.SkyAtmosphere.AerialPerspectiveLUT.SampleCountMaxPerSlice:4]]
[2022.10.07-20.05.41:396][  0]LogConfig: Setting CVar [[r.SkyAtmosphere.AerialPerspectiveLUT.DepthResolution:16.0]]
[2022.10.07-20.05.41:396][  0]LogConfig: Setting CVar [[r.SkyAtmosphere.FastSkyLUT:1]]
[2022.10.07-20.05.41:396][  0]LogConfig: Setting CVar [[r.SkyAtmosphere.FastSkyLUT.SampleCountMin:4.0]]
[2022.10.07-20.05.41:396][  0]LogConfig: Setting CVar [[r.SkyAtmosphere.FastSkyLUT.SampleCountMax:128.0]]
[2022.10.07-20.05.41:396][  0]LogConfig: Setting CVar [[r.SkyAtmosphere.SampleCountMin:4.0]]
[2022.10.07-20.05.41:396][  0]LogConfig: Setting CVar [[r.SkyAtmosphere.SampleCountMax:128.0]]
[2022.10.07-20.05.41:396][  0]LogConfig: Setting CVar [[r.SkyAtmosphere.TransmittanceLUT.UseSmallFormat:0]]
[2022.10.07-20.05.41:396][  0]LogConfig: Setting CVar [[r.SkyAtmosphere.TransmittanceLUT.SampleCount:10.0]]
[2022.10.07-20.05.41:396][  0]LogConfig: Setting CVar [[r.SkyAtmosphere.MultiScatteringLUT.SampleCount:15.0]]
[2022.10.07-20.05.41:396][  0]LogConfig: Setting CVar [[r.SkyLight.RealTimeReflectionCapture:1]]
[2022.10.07-20.05.41:396][  0]LogConfig: Applying CVar settings from Section [FoliageQuality@3] File [E:/UnrealProjects(git)/OutOfSight/OutOfSight/Saved/Config/Windows/Scalability.ini]
[2022.10.07-20.05.41:396][  0]LogConfig: Setting CVar [[foliage.DensityScale:1.0]]
[2022.10.07-20.05.41:396][  0]LogConfig: Setting CVar [[grass.DensityScale:1.0]]
[2022.10.07-20.05.41:396][  0]LogConfig: Applying CVar settings from Section [ShadingQuality@3] File [E:/UnrealProjects(git)/OutOfSight/OutOfSight/Saved/Config/Windows/Scalability.ini]
[2022.10.07-20.05.41:396][  0]LogConfig: Setting CVar [[r.HairStrands.SkyLighting.IntegrationType:2]]
[2022.10.07-20.05.41:396][  0]LogConfig: Setting CVar [[r.HairStrands.SkyAO.SampleCount:4]]
[2022.10.07-20.05.41:396][  0]LogConfig: Setting CVar [[r.HairStrands.Visibility.MSAA.SamplePerPixel:4]]
[2022.10.07-20.05.41:396][  0]LogConfig: Applying CVar settings from Section [Startup] File [../../../Engine/Config/ConsoleVariables.ini]
[2022.10.07-20.05.41:397][  0]LogConfig: Setting CVar [[net.UseAdaptiveNetUpdateFrequency:0]]
[2022.10.07-20.05.41:397][  0]LogConfig: Setting CVar [[p.chaos.AllowCreatePhysxBodies:1]]
[2022.10.07-20.05.41:397][  0]LogConfig: Setting CVar [[fx.SkipVectorVMBackendOptimizations:1]]
[2022.10.07-20.05.41:397][  0]LogConfig: Applying CVar settings from Section [ConsoleVariables] File [E:/UnrealProjects(git)/OutOfSight/OutOfSight/Saved/Config/Windows/Engine.ini]
[2022.10.07-20.05.41:397][  0]LogConfig: Applying CVar settings from Section [ConsoleVariables] File [E:/UnrealProjects(git)/OutOfSight/OutOfSight/Saved/Config/Windows/Editor.ini]
[2022.10.07-20.05.41:397][  0]LogInit: Computer: DESKTOP-939JEED
[2022.10.07-20.05.41:397][  0]LogInit: User: deh10
[2022.10.07-20.05.41:397][  0]LogInit: CPU Page size=4096, Cores=6
[2022.10.07-20.05.41:397][  0]LogInit: High frequency timer resolution =10.000000 MHz
[2022.10.07-20.05.41:397][  0]LogMemory: Memory total: Physical=15.9GB (16GB approx)
[2022.10.07-20.05.41:397][  0]LogMemory: Platform Memory Stats for Windows
[2022.10.07-20.05.41:397][  0]LogMemory: Process Physical Memory: 146.08 MB used, 149.52 MB peak
[2022.10.07-20.05.41:397][  0]LogMemory: Process Virtual Memory: 128.72 MB used, 128.72 MB peak
[2022.10.07-20.05.41:397][  0]LogMemory: Physical Memory: 4465.26 MB used,  11853.42 MB free, 16318.68 MB total
[2022.10.07-20.05.41:397][  0]LogMemory: Virtual Memory: 134205880.00 MB used,  11844.57 MB free, 134217728.00 MB total
[2022.10.07-20.05.41:404][  0]LogWindows: WindowsPlatformFeatures enabled
[2022.10.07-20.05.41:505][  0]LogInit: Physics initialised using underlying interface: PhysX
[2022.10.07-20.05.41:513][  0]LogInit: Using OS detected language (en-US).
[2022.10.07-20.05.41:513][  0]LogInit: Using OS detected locale (en-US).
[2022.10.07-20.05.41:517][  0]LogTextLocalizationManager: No specific localization for 'en-US' exists, so the 'en' localization will be used.
[2022.10.07-20.05.41:831][  0]LogInit: Setting process to per monitor DPI aware
[2022.10.07-20.05.41:849][  0]LogWindowsTextInputMethodSystem: Display: IME system deactivated.
[2022.10.07-20.05.41:876][  0]LogSlate: New Slate User Created.  User Index 0, Is Virtual User: 0
[2022.10.07-20.05.41:876][  0]LogSlate: Slate User Registered.  User Index 0, Is Virtual User: 0
[2022.10.07-20.05.42:257][  0]LogD3D11RHI: Loaded GFSDK_Aftermath_Lib.x64.dll
[2022.10.07-20.05.42:352][  0]LogHMD: Failed to initialize OpenVR with code 126
[2022.10.07-20.05.42:352][  0]LogD3D11RHI: D3D11 min allowed feature level: 11_0
[2022.10.07-20.05.42:352][  0]LogD3D11RHI: D3D11 max allowed feature level: 11_0
[2022.10.07-20.05.42:352][  0]LogD3D11RHI: D3D11 adapters:
[2022.10.07-20.05.42:487][  0]LogD3D11RHI:    0. 'NVIDIA GeForce GTX 1080' (Feature Level 11_0)
[2022.10.07-20.05.42:487][  0]LogD3D11RHI:       8079/0/8159 MB DedicatedVideo/DedicatedSystem/SharedSystem, Outputs:2, VendorId:0x10de
[2022.10.07-20.05.42:491][  0]LogD3D11RHI:    1. 'Microsoft Basic Render Driver' (Feature Level 11_0)
[2022.10.07-20.05.42:491][  0]LogD3D11RHI:       0/0/8159 MB DedicatedVideo/DedicatedSystem/SharedSystem, Outputs:0, VendorId:0x1414
[2022.10.07-20.05.42:491][  0]LogD3D11RHI: Chosen D3D11 Adapter:
[2022.10.07-20.05.42:491][  0]LogD3D11RHI:     Description : NVIDIA GeForce GTX 1080
[2022.10.07-20.05.42:491][  0]LogD3D11RHI:     VendorId    : 10de
[2022.10.07-20.05.42:491][  0]LogD3D11RHI:     DeviceId    : 1b80
[2022.10.07-20.05.42:491][  0]LogD3D11RHI:     SubSysId    : 61813842
[2022.10.07-20.05.42:491][  0]LogD3D11RHI:     Revision    : 00a1
[2022.10.07-20.05.42:491][  0]LogD3D11RHI:     DedicatedVideoMemory : 8471445504 bytes
[2022.10.07-20.05.42:491][  0]LogD3D11RHI:     DedicatedSystemMemory : 0 bytes
[2022.10.07-20.05.42:491][  0]LogD3D11RHI:     SharedSystemMemory : 8555687936 bytes
[2022.10.07-20.05.42:491][  0]LogD3D11RHI:     AdapterLuid : 0 63653
[2022.10.07-20.05.42:499][  0]LogD3D11RHI: Creating new Direct3DDevice
[2022.10.07-20.05.42:499][  0]LogD3D11RHI:     GPU DeviceId: 0x1b80 (for the marketing name, search the web for "GPU Device Id")
[2022.10.07-20.05.42:499][  0]LogWindows: EnumDisplayDevices:
[2022.10.07-20.05.42:499][  0]LogWindows:    0. 'NVIDIA GeForce GTX 1080' (P:1 D:1)
[2022.10.07-20.05.42:500][  0]LogWindows:    1. 'NVIDIA GeForce GTX 1080' (P:0 D:1)
[2022.10.07-20.05.42:500][  0]LogWindows:    2. 'NVIDIA GeForce GTX 1080' (P:0 D:0)
[2022.10.07-20.05.42:500][  0]LogWindows:    3. 'NVIDIA GeForce GTX 1080' (P:0 D:0)
[2022.10.07-20.05.42:501][  0]LogWindows: DebugString: FoundDriverCount:4 
[2022.10.07-20.05.42:501][  0]LogD3D11RHI:     Adapter Name: NVIDIA GeForce GTX 1080
[2022.10.07-20.05.42:501][  0]LogD3D11RHI:   Driver Version: 516.59 (internal:31.0.15.1659, unified:516.59)
[2022.10.07-20.05.42:501][  0]LogD3D11RHI:      Driver Date: 6-23-2022
[2022.10.07-20.05.42:501][  0]LogRHI: Texture pool is 5655 MB (70% of 8079 MB)
[2022.10.07-20.05.42:501][  0]LogD3D11RHI: Creating D3DDevice using adapter:
[2022.10.07-20.05.42:501][  0]LogD3D11RHI:     Description : NVIDIA GeForce GTX 1080
[2022.10.07-20.05.42:501][  0]LogD3D11RHI:     VendorId    : 10de
[2022.10.07-20.05.42:501][  0]LogD3D11RHI:     DeviceId    : 1b80
[2022.10.07-20.05.42:501][  0]LogD3D11RHI:     SubSysId    : 61813842
[2022.10.07-20.05.42:501][  0]LogD3D11RHI:     Revision    : 00a1
[2022.10.07-20.05.42:501][  0]LogD3D11RHI:     DedicatedVideoMemory : 8471445504 bytes
[2022.10.07-20.05.42:501][  0]LogD3D11RHI:     DedicatedSystemMemory : 0 bytes
[2022.10.07-20.05.42:501][  0]LogD3D11RHI:     SharedSystemMemory : 8555687936 bytes
[2022.10.07-20.05.42:501][  0]LogD3D11RHI:     AdapterLuid : 0 63653
[2022.10.07-20.05.42:578][  0]LogD3D11RHI: RHI has support for 64 bit atomics
[2022.10.07-20.05.42:578][  0]LogD3D11RHI: Async texture creation enabled
[2022.10.07-20.05.42:578][  0]LogD3D11RHI: Array index from any shader is supported
[2022.10.07-20.05.42:586][  0]LogD3D11RHI: HDR output is supported on display 1 (NvId: 0x80061082).
[2022.10.07-20.05.42:605][  0]LogD3D11RHI: GPU Timing Frequency: 1000.000000 (Debug: 2 1)
[2022.10.07-20.05.42:631][  0]LogRHI: GeForceNow SDK initialized: 1
[2022.10.07-20.05.43:499][  0]LogTargetPlatformManager: Display: Loaded TargetPlatform 'AllDesktop'
[2022.10.07-20.05.43:525][  0]LogTargetPlatformManager: Display: Loaded TargetPlatform 'Android'
[2022.10.07-20.05.43:525][  0]LogTargetPlatformManager: Display: Loaded TargetPlatform 'Android_ASTC'
[2022.10.07-20.05.43:525][  0]LogTargetPlatformManager: Display: Loaded TargetPlatform 'Android_DXT'
[2022.10.07-20.05.43:525][  0]LogTargetPlatformManager: Display: Loaded TargetPlatform 'Android_ETC2'
[2022.10.07-20.05.43:525][  0]LogTargetPlatformManager: Display: Loaded TargetPlatform 'AndroidClient'
[2022.10.07-20.05.43:525][  0]LogTargetPlatformManager: Display: Loaded TargetPlatform 'Android_ASTCClient'
[2022.10.07-20.05.43:525][  0]LogTargetPlatformManager: Display: Loaded TargetPlatform 'Android_DXTClient'
[2022.10.07-20.05.43:525][  0]LogTargetPlatformManager: Display: Loaded TargetPlatform 'Android_ETC2Client'
[2022.10.07-20.05.43:525][  0]LogTargetPlatformManager: Display: Loaded TargetPlatform 'Android_Multi'
[2022.10.07-20.05.43:525][  0]LogTargetPlatformManager: Display: Loaded TargetPlatform 'Android_MultiClient'
[2022.10.07-20.05.43:550][  0]LogTargetPlatformManager: Display: Loaded TargetPlatform 'IOSClient'
[2022.10.07-20.05.43:550][  0]LogTargetPlatformManager: Display: Loaded TargetPlatform 'IOS'
[2022.10.07-20.05.43:562][  0]LogTargetPlatformManager: Display: Loaded TargetPlatform 'Linux'
[2022.10.07-20.05.43:568][  0]LogTargetPlatformManager: Display: Loaded TargetPlatform 'LinuxNoEditor'
[2022.10.07-20.05.43:575][  0]LogTargetPlatformManager: Display: Loaded TargetPlatform 'LinuxClient'
[2022.10.07-20.05.43:582][  0]LogTargetPlatformManager: Display: Loaded TargetPlatform 'LinuxServer'
[2022.10.07-20.05.43:594][  0]LogTargetPlatformManager: Display: Loaded TargetPlatform 'LinuxAArch64NoEditor'
[2022.10.07-20.05.43:600][  0]LogTargetPlatformManager: Display: Loaded TargetPlatform 'LinuxAArch64Client'
[2022.10.07-20.05.43:607][  0]LogTargetPlatformManager: Display: Loaded TargetPlatform 'LinuxAArch64Server'
[2022.10.07-20.05.43:640][  0]LogTargetPlatformManager: Display: Loaded TargetPlatform 'Lumin'
[2022.10.07-20.05.43:640][  0]LogTargetPlatformManager: Display: Loaded TargetPlatform 'LuminClient'
[2022.10.07-20.05.43:651][  0]LogTargetPlatformManager: Display: Loaded TargetPlatform 'MacNoEditor'
[2022.10.07-20.05.43:657][  0]LogTargetPlatformManager: Display: Loaded TargetPlatform 'Mac'
[2022.10.07-20.05.43:663][  0]LogTargetPlatformManager: Display: Loaded TargetPlatform 'MacClient'
[2022.10.07-20.05.43:669][  0]LogTargetPlatformManager: Display: Loaded TargetPlatform 'MacServer'
[2022.10.07-20.05.43:681][  0]LogTargetPlatformManager: Display: Loaded TargetPlatform 'TVOSClient'
[2022.10.07-20.05.43:681][  0]LogTargetPlatformManager: Display: Loaded TargetPlatform 'TVOS'
[2022.10.07-20.05.43:693][  0]LogTargetPlatformManager: Display: Loaded TargetPlatform 'WindowsNoEditor'
[2022.10.07-20.05.43:699][  0]LogTargetPlatformManager: Display: Loaded TargetPlatform 'Windows'
[2022.10.07-20.05.43:705][  0]LogTargetPlatformManager: Display: Loaded TargetPlatform 'WindowsClient'
[2022.10.07-20.05.43:712][  0]LogTargetPlatformManager: Display: Loaded TargetPlatform 'WindowsServer'
[2022.10.07-20.05.43:712][  0]LogTargetPlatformManager: Display: Building Assets For Windows
[2022.10.07-20.05.43:726][  0]LogAudioDebug: Display: Lib vorbis DLL was dynamically loaded.
[2022.10.07-20.05.43:779][  0]LogTextureFormatOodle: Display: Oodle Texture 2.9.0 init RDO Off
[2022.10.07-20.05.43:885][  0]LogRendererCore: Ray tracing is disabled. Reason: r.RayTracing=0.
[2022.10.07-20.05.43:885][  0]LogShaderCompilers: Guid format shader working directory is -14 characters bigger than the processId version (../../../../../../UnrealProjects(git)/OutOfSight/OutOfSight/Intermediate/Shaders/WorkingDirectory/12736/).
[2022.10.07-20.05.43:885][  0]LogShaderCompilers: Cleaned the shader compiler working directory 'C:/Users/deh10/AppData/Local/Temp/UnrealShaderWorkingDir/11A976EB4E6519DFB5F302A4CE39925B/'.
[2022.10.07-20.05.43:885][  0]LogXGEController: Cannot use XGE Controller as Incredibuild is not installed on this machine.
[2022.10.07-20.05.43:885][  0]LogShaderCompilers: Cannot use XGE Shader Compiler as Incredibuild is not installed on this machine.
[2022.10.07-20.05.43:885][  0]LogShaderCompilers: Display: Using Local Shader Compiler.
[2022.10.07-20.05.44:866][  0]LogDerivedDataCache: Display: Max Cache Size: 512 MB
[2022.10.07-20.05.45:215][  0]LogDerivedDataCache: Loaded boot cache 0.35s 94MB C:/Users/deh10/AppData/Local/UnrealEngine/4.27/DerivedDataCache/Boot.ddc.
[2022.10.07-20.05.45:216][  0]LogDerivedDataCache: Display: Loaded Boot cache: C:/Users/deh10/AppData/Local/UnrealEngine/4.27/DerivedDataCache/Boot.ddc
[2022.10.07-20.05.45:216][  0]LogDerivedDataCache: FDerivedDataBackendGraph:  Pak pak cache file ../../../../../../UnrealProjects(git)/OutOfSight/OutOfSight/DerivedDataCache/DDC.ddp not found, will not use a pak cache.
[2022.10.07-20.05.45:216][  0]LogDerivedDataCache: Unable to find inner node Pak for hierarchical cache Hierarchy.
[2022.10.07-20.05.45:216][  0]LogDerivedDataCache: FDerivedDataBackendGraph:  CompressedPak pak cache file ../../../../../../UnrealProjects(git)/OutOfSight/OutOfSight/DerivedDataCache/Compressed.ddp not found, will not use a pak cache.
[2022.10.07-20.05.45:216][  0]LogDerivedDataCache: Unable to find inner node CompressedPak for hierarchical cache Hierarchy.
[2022.10.07-20.05.45:236][  0]LogDerivedDataCache: Display: Pak cache opened for reading ../../../Engine/DerivedDataCache/Compressed.ddp.
[2022.10.07-20.05.45:236][  0]LogDerivedDataCache: FDerivedDataBackendGraph:  EnterprisePak pak cache file ../../../Enterprise/DerivedDataCache/Compressed.ddp not found, will not use a pak cache.
[2022.10.07-20.05.45:236][  0]LogDerivedDataCache: Unable to find inner node EnterprisePak for hierarchical cache Hierarchy.
[2022.10.07-20.05.45:260][  0]LogDerivedDataCache: Warning: Fail to write to C:/Users/deh10/AppData/Local/UnrealEngine/Common/DerivedDataCache/TestData/187E74764823F4718210458D7FFAD71D/TestData/0/TestData_256kb.dat, derived data cache will be disabled. ReadError: 112 (There is not enough space on the disk.)
[2022.10.07-20.05.45:260][  0]LogDerivedDataCache: Speed tests for C:/Users/deh10/AppData/Local/UnrealEngine/Common/DerivedDataCache took 0.02 seconds
[2022.10.07-20.05.45:260][  0]LogDerivedDataCache: Display: Performance to C:/Users/deh10/AppData/Local/UnrealEngine/Common/DerivedDataCache: Latency=0.07ms. RandomReadSpeed=71.57MBs, RandomWriteSpeed=0.00MBs. Assigned SpeedClass 'Local'
[2022.10.07-20.05.45:260][  0]LogDerivedDataCache: Using Local data cache path C:/Users/deh10/AppData/Local/UnrealEngine/Common/DerivedDataCache: ReadOnly
[2022.10.07-20.05.45:260][  0]LogDerivedDataCache: Shared data cache path not found in *engine.ini, will not use an Shared cache.
[2022.10.07-20.05.45:260][  0]LogDerivedDataCache: Unable to find inner node Shared for hierarchical cache Hierarchy.
[2022.10.07-20.05.45:317][  0]LogSlate: Using FreeType 2.10.0
[2022.10.07-20.05.45:319][  0]LogSlate: SlateFontServices - WITH_FREETYPE: 1, WITH_HARFBUZZ: 1
[2022.10.07-20.05.45:355][  0]LogAssetRegistry: FAssetRegistry took 0.0031 seconds to start up
[2022.10.07-20.05.45:703][  0]LogInit: Selected Device Profile: [Windows]
[2022.10.07-20.05.45:704][  0]LogInit: Active device profile: [000001B872F17F00][000001B870F74680 49] Windows
[2022.10.07-20.05.45:704][  0]LogInit: Profiles: [000001B872F17F00][000001B870F74680 49] Windows, [000001B872F33E00][000001B870F787C0 49] WindowsNoEditor, [000001B872F14300][000001B870F7C900 49] WindowsServer, [000001B872F32B00][000001B871A02A40 49] WindowsClient, [000001B872F15800][000001B871A06B80 49] IOS, [000001B872F31E00][000001B871A0ED00 49] iPadAir, [000001B872F16100][000001B871A12E80 49] iPadAir2, [000001B872ECC100][000001B871A1B140 49] IPadPro, [000001B872ECC200][000001B871A17180 49] iPadAir3, [000001B872F17B00][000001B871A1F300 49] iPadAir4, [000001B872ECF800][000001B871A23480 49] iPadMini2, [000001B872F14500][000001B871A27600 49] iPadMini3, [000001B872ECD100][000001B871A2B780 49] iPadMini4, [000001B872F16E00][000001B871A2F900 49] iPadMini5, [000001B872ECB900][000001B871A37BC0 49] iPhone6, [000001B872ECBA00][000001B871A33C00 49] iPodTouch6, [000001B872ECDF00][000001B871A3E340 49] iPhone7, [000001B872ECDE00][000001B871A3A380 49] iPodTouch7, [000001B872EC8700][000001B871A42500 49] iPhone5S, [000001B872ECF300][000001B871A46680 49] iPhone6Plus, [000001B872EC9400][000001B871A4A800 49] iPhone6S, [000001B872ECE400][000001B871A0A940 49] iPhone6SPlus, [000001B872EC9100][000001B871A4EA80 49] iPhone7Plus, [000001B872ECCC00][000001B871A52BC0 49] iPhoneSE, [000001B872ECA600][000001B871A56D00 49] iPhone8, [000001B872ECC600][000001B871A5EE80 49] iPhone8Plus, [000001B872EC9A00][000001B871A63000 49] iPhoneX, [000001B872ECE900][000001B871A67180 49] iPhoneXS, [000001B872ECB800][000001B871A6B300 49] iPhoneXSMax, [000001B872ECCA00][000001B871A6F480 49] iPhoneXR, [000001B872EC8C00][000001B871A73600 49] iPhone11, [000001B872ECC900][000001B871A77780 49] iPhone11Pro, [000001B872EC9200][000001B871A7B900 49] iPhone11ProMax, [000001B872ECE500][000001B871A7FA80 49] iPhoneSE2, [000001B872ECB600][000001B871A83C00 49] iPhone12Mini, [000001B872ECF200][000001B871A86200 49] iPhone12, [000001B872EC8A00][000001B871A8A380 49] iPhone12Pro, [000001B872ECD900][000001B871A8E500 49] iPhone12ProMax, [000001B872EC9300][000001B871A92680 49] iPadPro105, [000001B872ECE300][000001B871A96800 49] iPadPro129, [000001B872EC9700][000001B871A9A980 49] iPadPro97, [000001B872ECF900][000001B871A9EB00 49] iPadPro2_129, [000001B872ECA500][000001B871A5AC40 49] iPad5, [000001B872ECF500][000001B871AA2D80 49] iPad6, [000001B872EC9800][000001B871AA6EC0 49] iPad7, [000001B872ECC500][000001B871AAF040 49] iPad8, [000001B872EC8400][000001B871AB31C0 49] iPadPro11, [000001B872ECD400][000001B871AB7340 49] iPadPro2_11, [000001B872ECBC00][000001B871ABB4C0 49] iPadPro3_129, [000001B872ECF700][000001B871ABF640 49] iPadPro4_129, [000001B872EC8900][000001B871AC37C0 49] AppleTV, [000001B872ECC300][000001B871AC7940 49] AppleTV4K, [000001B872EC8E00][000001B871ACBAC0 49] TVOS, [000001B872ECFD00][000001B871ACE0C0 49] Mac, [000001B872ECBE00][000001B871AD2240 49] MacClient, [000001B872ECDD00][000001B871AD63C0 49] MacNoEditor, [000001B872ECA400][000001B871ADA540 49] MacServer, [000001B872ECCB00][000001B871ADE6C0 49] Linux, [000001B872EC9500][000001B871AE2840 49] LinuxAArch64, [000001B872ECEC00][000001B871AE69C0 49] LinuxNoEditor, [000001B872EC8F00][000001B871AEAB40 49] LinuxAArch64NoEditor, [000001B872ECD200][000001B871AEECC0 49] LinuxClient, [000001B872ECB400][000001B871AAAE00 49] LinuxAArch64Client, [000001B872ECF000][000001B871AF2F40 49] LinuxServer, [000001B872ECB000][000001B871AF7080 49] LinuxAArch64Server, [000001B872F33A00][000001B871AFB1C0 49] Android, [000001B872F85500][000001B871B03340 49] Android_Low, [000001B872F32300][000001B871B074C0 49] Android_Mid, [000001B872F84800][000001B871B0B640 49] Android_High, [000001B872F32C00][000001B871B0F7C0 49] Android_Default, [000001B872F85600][000001B871B13940 49] Android_Adreno4xx, [000001B872F33D00][000001B871B17AC0 49] Android_Adreno5xx_Low, [000001B872F84B00][000001B871B1A0C0 49] Android_Adreno5xx, [000001B872F32A00][000001B871B1E240 49] Android_Adreno6xx, [000001B872F87100][000001B871B223C0 49] Android_Adreno6xx_Vulkan, [000001B872F30700][000001B871B26540 49] Android_Mali_T6xx, [000001B872F85100][000001B871B2E6C0 49] Android_Mali_T7xx, [000001B872F30F00][000001B871B32840 49] Android_Mali_T8xx, [000001B872F85D00][000001B871B369C0 49] Android_Mali_G71, [000001B872F31A00][000001B871B3AB40 49] Android_Mali_G72, [000001B872F87000][000001B871B3ECC0 49] Android_Mali_G72_Vulkan, [000001B872F31700][000001B871B42E40 49] Android_Mali_G76, [000001B872F86A00][000001B871AFEF80 49] Android_Mali_G76_Vulkan, [000001B872F30C00][000001B871B470C0 49] Android_Mali_G77, [000001B872F86800][000001B871B4B200 49] Android_Mali_G77_Vulkan, [000001B872F30400][000001B871B4F340 49] Android_Mali_G78, [000001B872F86F00][000001B871B574C0 49] Android_Mali_G78_Vulkan, [000001B872F31600][000001B871B5B640 49] Android_Mali_G710, [000001B872F86B00][000001B871B5F7C0 49] Android_Mali_G710_Vulkan, [000001B872F31200][000001B871B7D940 49] Android_Vulkan_SM5, [000001B872F84C00][000001B871B81AC0 49] Android_PowerVR_G6xxx, [000001B872ECA300][000001B871B840C0 49] Android_PowerVR_GT7xxx, [000001B872F85900][000001B871B88240 49] Android_PowerVR_GE8xxx, [000001B872EC8B00][000001B871B8C3C0 49] Android_PowerVR_GM9xxx, [000001B872F86400][000001B871B90540 49] Android_PowerVR_GM9xxx_Vulkan, [000001B872EC8500][000001B871B946C0 49] Android_TegraK1, [000001B872F86C00][000001B871B98840 49] Android_Unknown_Vulkan, [000001B872EC8200][000001B871B9C9C0 49] Lumin, [000001B872F87800][000001B871BA0B40 49] Lumin_Desktop, [000001B872EC8600][000001B871BA4CC0 49] HoloLens, 
[2022.10.07-20.05.45:909][  0]LogMeshReduction: Using QuadricMeshReduction for automatic static mesh reduction
[2022.10.07-20.05.45:909][  0]LogMeshReduction: Using SimplygonMeshReduction for automatic skeletal mesh reduction
[2022.10.07-20.05.45:909][  0]LogMeshReduction: Using ProxyLODMeshReduction for automatic mesh merging
[2022.10.07-20.05.45:909][  0]LogMeshReduction: No distributed automatic mesh merging module available
[2022.10.07-20.05.45:910][  0]LogMeshMerging: No distributed automatic mesh merging module available
[2022.10.07-20.05.45:937][  0]LogNetVersion: OutOfSight 1.0.0, NetCL: 17155196, EngineNetVer: 17, GameNetVer: 0 (Checksum: 2509007073)
[2022.10.07-20.05.46:583][  0]LogTexture: Default maximum texture size for cubemaps generated from long-lat sources has been changed from 512 to unlimited. In order to preserve old behaiour for '/Engine/MapTemplates/Sky/DaylightAmbientCubemap.DaylightAmbientCubemap', its maximum texture size has been explicitly set to 512.
[2022.10.07-20.05.46:661][  0]LogHMD: PokeAHoleMaterial loaded successfully
[2022.10.07-20.05.46:669][  0]LogUObjectArray: 17179 objects as part of root set at end of initial load.
[2022.10.07-20.05.46:669][  0]LogUObjectAllocator: 4302256 out of 0 bytes used by permanent object pool.
[2022.10.07-20.05.46:669][  0]LogUObjectArray: CloseDisregardForGC: 0/0 objects in disregard for GC pool
[2022.10.07-20.05.46:957][  0]LogPython: Using Python 3.7.7
[2022.10.07-20.05.47:969][  0]LogNiagaraDebuggerClient: Niagara Debugger Client Initialized | Session: EED25DCA4CBD07B082546082147F5FB7 | Instance: 05922D95469F1E98F232D6A2F5079225 (DESKTOP-939JEED-12736).
[2022.10.07-20.05.48:095][  0]LogTcpMessaging: Initializing TcpMessaging bridge
[2022.10.07-20.05.48:104][  0]LogUdpMessaging: Initializing bridge on interface 0.0.0.0:0 to multicast group 230.0.0.1:6666.
[2022.10.07-20.05.48:440][  0]SourceControl: Source control is disabled
[2022.10.07-20.05.48:440][  0]SourceControl: Source control is disabled
[2022.10.07-20.05.48:449][  0]SourceControl: Source control is disabled
[2022.10.07-20.05.48:455][  0]SourceControl: Source control is disabled
[2022.10.07-20.05.48:471][  0]SourceControl: Source control is disabled
[2022.10.07-20.05.48:497][  0]LogUProjectInfo: Found projects:
[2022.10.07-20.05.48:759][  0]LogOpenImageDenoise: OIDN starting up
[2022.10.07-20.05.48:940][  0]LogAndroidPermission: UAndroidPermissionCallbackProxy::GetInstance
[2022.10.07-20.05.48:976][  0]LogAudioCaptureCore: Display: No Audio Capture implementations found. Audio input will be silent.
[2022.10.07-20.05.48:976][  0]LogAudioCaptureCore: Display: No Audio Capture implementations found. Audio input will be silent.
[2022.10.07-20.05.49:181][  0]LogCollectionManager: Loaded 0 collections in 0.000952 seconds
[2022.10.07-20.05.49:219][  0]LogFileCache: Scanning file cache for directory 'E:/UnrealProjects(git)/OutOfSight/OutOfSight/Saved/Collections/' took 0.00s
[2022.10.07-20.05.49:220][  0]LogFileCache: Scanning file cache for directory 'E:/UnrealProjects(git)/OutOfSight/OutOfSight/Content/Developers/deh10/Collections/' took 0.00s
[2022.10.07-20.05.49:220][  0]LogFileCache: Scanning file cache for directory 'E:/UnrealProjects(git)/OutOfSight/OutOfSight/Content/Collections/' took 0.00s
[2022.10.07-20.05.49:220][  0]LogOcInput: OculusInput pre-init called
[2022.10.07-20.05.49:521][  0]LogEngine: Initializing Engine...
[2022.10.07-20.05.49:599][  0]LogHMD: Failed to initialize OpenVR with code 108
[2022.10.07-20.05.49:656][  0]LogHMD: Optional extension XR_VARJO_quad_views is not available
[2022.10.07-20.05.49:657][  0]LogHMD: Warning: Required extension XR_EXT_eye_gaze_interaction is not available
[2022.10.07-20.05.49:657][  0]LogHMD: Could not enable all required OpenXR extensions for OpenXREyeTracker on current system. This plugin will be loaded but ignored, but will be enabled on a target platform that supports the required extension.
[2022.10.07-20.05.49:659][  0]LogHMD: Failed to get an OpenXR system, result is XR_ERROR_FORM_FACTOR_UNAVAILABLE. Please check that your runtime supports VR headsets.
[2022.10.07-20.05.49:659][  0]LogMagicLeap: Warning: VR disabled because ZI is not enabled.  To enable, in the editor, Edit -> Project Settings -> Plugins -> Magic Leap Plugin -> Enable Zero Iteration
[2022.10.07-20.05.49:661][  0]LogStats: UGameplayTagsManager::InitializeManager -  0.001 s
[2022.10.07-20.05.49:846][  0]LogInit: Initializing FReadOnlyCVARCache
[2022.10.07-20.05.49:863][  0]LogAIModule: Creating AISystem for world Untitled
[2022.10.07-20.05.49:863][  0]LogAudio: Display: Initializing Audio Device Manager...
[2022.10.07-20.05.49:869][  0]LogAudio: Display: Loading Default Audio Settings Objects...
[2022.10.07-20.05.49:870][  0]LogAudio: Display: No default SoundConcurrencyObject specified (or failed to load).
[2022.10.07-20.05.49:872][  0]LogAudio: Display: Audio Device Manager Initialized
[2022.10.07-20.05.49:872][  0]LogAudio: Display: Creating Audio Device:                 Id: 1, Scope: Shared, Realtime: True
[2022.10.07-20.05.49:872][  0]LogAudioMixer: Display: Audio Mixer Platform Settings:
[2022.10.07-20.05.49:872][  0]LogAudioMixer: Display: 	Sample Rate:						  48000
[2022.10.07-20.05.49:872][  0]LogAudioMixer: Display: 	Callback Buffer Frame Size Requested: 1024
[2022.10.07-20.05.49:872][  0]LogAudioMixer: Display: 	Callback Buffer Frame Size To Use:	  1024
[2022.10.07-20.05.49:872][  0]LogAudioMixer: Display: 	Number of buffers to queue:			  2
[2022.10.07-20.05.49:872][  0]LogAudioMixer: Display: 	Max Channels (voices):				  32
[2022.10.07-20.05.49:872][  0]LogAudioMixer: Display: 	Number of Async Source Workers:		  0
[2022.10.07-20.05.49:872][  0]LogAudio: Display: AudioDevice MaxSources: 32
[2022.10.07-20.05.49:872][  0]LogAudio: Display: Audio Spatialization Plugin: None (built-in).
[2022.10.07-20.05.49:872][  0]LogAudio: Display: Audio Reverb Plugin: None (built-in).
[2022.10.07-20.05.49:872][  0]LogAudio: Display: Audio Occlusion Plugin: None (built-in).
[2022.10.07-20.05.49:872][  0]LogAudioMixer: Display: Initializing audio mixer.
[2022.10.07-20.05.49:895][  0]LogAudioMixer: Display: 0: FrontLeft
[2022.10.07-20.05.49:895][  0]LogAudioMixer: Display: 1: FrontRight
[2022.10.07-20.05.49:895][  0]LogAudioMixer: Display: 2: FrontCenter
[2022.10.07-20.05.49:895][  0]LogAudioMixer: Display: 3: LowFrequency
[2022.10.07-20.05.49:895][  0]LogAudioMixer: Display: 4: BackLeft
[2022.10.07-20.05.49:895][  0]LogAudioMixer: Display: 5: BackRight
[2022.10.07-20.05.49:895][  0]LogAudioMixer: Display: 6: SideLeft
[2022.10.07-20.05.49:895][  0]LogAudioMixer: Display: 7: SideRight
[2022.10.07-20.05.49:927][  0]LogAudioMixer: Display: Using Audio Device Speakers (Logitech PRO X Wireless Gaming Headset)
[2022.10.07-20.05.49:929][  0]LogAudioMixer: Display: Initializing Sound Submixes...
[2022.10.07-20.05.49:935][  0]LogAudioMixer: Display: Creating Master Submix 'MasterSubmixDefault'
[2022.10.07-20.05.49:935][  0]LogAudioMixer: Display: Creating Master Submix 'MasterReverbSubmixDefault'
[2022.10.07-20.05.49:936][  0]LogAudioMixer: Display: Creating Master Submix 'MasterEQSubmixDefault'
[2022.10.07-20.05.49:936][  0]LogAudioMixer: FMixerPlatformXAudio2::StartAudioStream() called
[2022.10.07-20.05.49:936][  0]LogAudioMixer: Display: Output buffers initialized: Frames=1024, Channels=8, Samples=8192
[2022.10.07-20.05.49:938][  0]LogAudioMixer: Display: Starting AudioMixerPlatformInterface::RunInternal()
[2022.10.07-20.05.49:938][  0]LogAudioMixer: Display: FMixerPlatformXAudio2::SubmitBuffer() called for the first time
[2022.10.07-20.05.49:938][  0]LogInit: FAudioDevice initialized.
[2022.10.07-20.05.49:938][  0]LogAudio: Display: Audio Device (ID: 1) registered with world 'Untitled'.
[2022.10.07-20.05.49:938][  0]LogNetVersion: Set ProjectVersion to 1.0.0.0. Version Checksum will be recalculated on next use.
[2022.10.07-20.05.50:090][  0]LogDerivedDataCache: Saved boot cache 0.15s 94MB C:/Users/deh10/AppData/Local/UnrealEngine/4.27/DerivedDataCache/Boot.ddc.
[2022.10.07-20.05.50:090][  0]LogInit: Texture streaming: Enabled
[2022.10.07-20.05.50:111][  0]LogAnalytics: Display: [UEEditor.Rocket.Release] APIServer = https://datarouter.ol.epicgames.com/. AppVersion = 4.27.2-18319896+++UE4+Release-4.27
[2022.10.07-20.05.50:116][  0]LogEngineSessionManager: EngineSessionManager initialized
[2022.10.07-20.05.50:117][  0]LogEngineSessionManager: EngineSessionManager sent abnormal shutdown report. Type=AbnormalShutdown, SessionId={27CCF0AC-4F56-9E44-C053-3C8DB92EA3C2}
[2022.10.07-20.05.50:117][  0]LogEditorSessionSummary: Verbose: Initializing EditorSessionSummaryWriter for editor session tracking
[2022.10.07-20.05.50:119][  0]LogEditorSessionSummary: EditorSessionSummaryWriter initialized
[2022.10.07-20.05.50:163][  0]LogInit: Transaction tracking system initialized
[2022.10.07-20.05.50:203][  0]BlueprintLog: New page: Editor Load
[2022.10.07-20.05.50:325][  0]LocalizationService: Localization service is disabled
[2022.10.07-20.05.50:372][  0]TimingProfiler: Initialize
[2022.10.07-20.05.50:372][  0]TimingProfiler: OnSessionChanged
[2022.10.07-20.05.50:372][  0]LoadingProfiler: Initialize
[2022.10.07-20.05.50:373][  0]LoadingProfiler: OnSessionChanged
[2022.10.07-20.05.50:373][  0]NetworkingProfiler: Initialize
[2022.10.07-20.05.50:373][  0]NetworkingProfiler: OnSessionChanged
[2022.10.07-20.05.50:373][  0]MemoryProfiler: Initialize
[2022.10.07-20.05.50:373][  0]MemoryProfiler: OnSessionChanged
[2022.10.07-20.05.50:595][  0]LogCook: Display: CookSettings for Memory: MemoryMaxUsedVirtual 0MiB, MemoryMaxUsedPhysical 16384MiB, MemoryMinFreeVirtual 0MiB, MemoryMinFreePhysical 1024MiB
[2022.10.07-20.05.50:595][  0]LogCook: Display: Mobile HDR setting 1
[2022.10.07-20.05.50:908][  0]LogFileCache: Scanning file cache for directory 'E:/UnrealProjects(git)/OutOfSight/OutOfSight/Content/' took 0.02s
[2022.10.07-20.05.51:125][  0]LogInit: Display: Engine is initialized. Leaving FEngineLoop::Init()
[2022.10.07-20.05.51:130][  0]SourceControl: Source control is disabled
[2022.10.07-20.05.51:130][  0]LogUnrealEdMisc: Loading editor; pre map load, took 12.382
[2022.10.07-20.05.51:130][  0]Cmd: MAP LOAD FILE="../../../../../../UnrealProjects(git)/OutOfSight/OutOfSight/Content/FirstPersonBP/Maps/FirstPersonExampleMap.umap" TEMPLATE=0 SHOWPROGRESS=1 FEATURELEVEL=3
[2022.10.07-20.05.51:132][  0]LightingResults: New page: Lighting Build
[2022.10.07-20.05.51:134][  0]LogWorld: UWorld::CleanupWorld for Untitled, bSessionEnded=true, bCleanupResources=true
[2022.10.07-20.05.51:134][  0]LogSlate: InvalidateAllWidgets triggered.  All widgets were invalidated
[2022.10.07-20.05.51:134][  0]MapCheck: New page: Map Check
[2022.10.07-20.05.51:134][  0]LightingResults: New page: Lighting Build
[2022.10.07-20.05.51:140][  0]LogAudio: Display: Audio Device unregistered from world 'None'.
[2022.10.07-20.05.51:143][  0]LogUObjectHash: Compacting FUObjectHashTables data took   1.09ms
[2022.10.07-20.05.51:839][  0]LogAudio: Display: Audio Device (ID: 1) registered with world 'FirstPersonExampleMap'.
[2022.10.07-20.05.51:840][  0]LogAIModule: Creating AISystem for world FirstPersonExampleMap
[2022.10.07-20.05.51:870][  0]LogEditorServer: Finished looking for orphan Actors (0.000 secs)
[2022.10.07-20.05.51:894][  0]LogUObjectHash: Compacting FUObjectHashTables data took   1.28ms
[2022.10.07-20.05.51:894][  0]Cmd: MAP CHECKDEP NOCLEARLOG
[2022.10.07-20.05.51:895][  0]MapCheck: Map check complete: 0 Error(s), 0 Warning(s), took 0.251ms to complete.
[2022.10.07-20.05.51:895][  0]LogFileHelpers: Loading map 'FirstPersonExampleMap' took 0.765
[2022.10.07-20.05.51:897][  0]LogUnrealEdMisc: Total Editor Startup Time, took 13.149
[2022.10.07-20.05.52:448][  0]LogSlate: Only BGRA pngs, bmps or icos are supported in by External Image Picker
[2022.10.07-20.05.52:559][  0]LogSlate: Updating window title bar state: overlay mode, drag disabled, window buttons hidden, title bar hidden
[2022.10.07-20.05.52:569][  0]LogSlate: Updating window title bar state: overlay mode, drag disabled, window buttons hidden, title bar hidden
[2022.10.07-20.05.52:580][  0]LogSlate: Updating window title bar state: overlay mode, drag disabled, window buttons hidden, title bar hidden
[2022.10.07-20.05.52:587][  0]LogSlate: Updating window title bar state: overlay mode, drag disabled, window buttons hidden, title bar hidden
[2022.10.07-20.05.52:611][  0]LogNativeClassHierarchy: Verbose: Native class hierarchy populated in 0.0135 seconds. Added 3822 classes and 928 folders.
[2022.10.07-20.05.52:637][  0]LogNativeClassHierarchy: Verbose: Native class hierarchy updated for 'WidgetCarousel' in 0.0004 seconds. Added 0 classes and 0 folders.
[2022.10.07-20.05.52:640][  0]LogPakFile: PakFile PrimaryIndexSize=187
[2022.10.07-20.05.52:640][  0]LogPakFile: PakFile PathHashIndexSize=101
[2022.10.07-20.05.52:640][  0]LogPakFile: PakFile FullDirectoryIndexSize=148
[2022.10.07-20.05.52:640][  0]LogShaderLibrary: Display: ShaderCodeLibraryPakFileMountedCallback: PakFile 'E:/PROGRAMS/Unreal Engine/UE_4.27/FeaturePacks/FP_FirstPerson.upack' (chunk index -1, root 'root:/') mounted
[2022.10.07-20.05.52:640][  0]LogShaderLibrary: Display: ShaderCodeLibraryPakFileMountedCallback: pending pak file info (ChunkID:-1 Root:root:/ File:E:/PROGRAMS/Unreal Engine/UE_4.27/FeaturePacks/FP_FirstPerson.upack)
[2022.10.07-20.05.52:640][  0]LogPakFile: OnPakFileMounted2Time == 0.000071
[2022.10.07-20.05.52:642][  0]LogPakFile: PakFile PrimaryIndexSize=189
[2022.10.07-20.05.52:642][  0]LogPakFile: PakFile PathHashIndexSize=101
[2022.10.07-20.05.52:642][  0]LogPakFile: PakFile FullDirectoryIndexSize=152
[2022.10.07-20.05.52:642][  0]LogShaderLibrary: Display: ShaderCodeLibraryPakFileMountedCallback: PakFile 'E:/PROGRAMS/Unreal Engine/UE_4.27/FeaturePacks/FP_FirstPersonBP.upack' (chunk index -1, root 'root:/') mounted
[2022.10.07-20.05.52:642][  0]LogShaderLibrary: Display: ShaderCodeLibraryPakFileMountedCallback: pending pak file info (ChunkID:-1 Root:root:/ File:E:/PROGRAMS/Unreal Engine/UE_4.27/FeaturePacks/FP_FirstPersonBP.upack)
[2022.10.07-20.05.52:642][  0]LogPakFile: OnPakFileMounted2Time == 0.000052
[2022.10.07-20.05.52:644][  0]LogPakFile: PakFile PrimaryIndexSize=191
[2022.10.07-20.05.52:644][  0]LogPakFile: PakFile PathHashIndexSize=101
[2022.10.07-20.05.52:644][  0]LogPakFile: PakFile FullDirectoryIndexSize=160
[2022.10.07-20.05.52:644][  0]LogShaderLibrary: Display: ShaderCodeLibraryPakFileMountedCallback: PakFile 'E:/PROGRAMS/Unreal Engine/UE_4.27/FeaturePacks/MobileStarterContent.upack' (chunk index -1, root 'root:/') mounted
[2022.10.07-20.05.52:644][  0]LogShaderLibrary: Display: ShaderCodeLibraryPakFileMountedCallback: pending pak file info (ChunkID:-1 Root:root:/ File:E:/PROGRAMS/Unreal Engine/UE_4.27/FeaturePacks/MobileStarterContent.upack)
[2022.10.07-20.05.52:644][  0]LogPakFile: OnPakFileMounted2Time == 0.000047
[2022.10.07-20.05.52:646][  0]LogPakFile: PakFile PrimaryIndexSize=185
[2022.10.07-20.05.52:646][  0]LogPakFile: PakFile PathHashIndexSize=101
[2022.10.07-20.05.52:646][  0]LogPakFile: PakFile FullDirectoryIndexSize=148
[2022.10.07-20.05.52:646][  0]LogShaderLibrary: Display: ShaderCodeLibraryPakFileMountedCallback: PakFile 'E:/PROGRAMS/Unreal Engine/UE_4.27/FeaturePacks/StarterContent.upack' (chunk index -1, root 'root:/') mounted
[2022.10.07-20.05.52:646][  0]LogShaderLibrary: Display: ShaderCodeLibraryPakFileMountedCallback: pending pak file info (ChunkID:-1 Root:root:/ File:E:/PROGRAMS/Unreal Engine/UE_4.27/FeaturePacks/StarterContent.upack)
[2022.10.07-20.05.52:646][  0]LogPakFile: OnPakFileMounted2Time == 0.000047
[2022.10.07-20.05.52:648][  0]LogPakFile: PakFile PrimaryIndexSize=190
[2022.10.07-20.05.52:648][  0]LogPakFile: PakFile PathHashIndexSize=101
[2022.10.07-20.05.52:648][  0]LogPakFile: PakFile FullDirectoryIndexSize=154
[2022.10.07-20.05.52:648][  0]LogShaderLibrary: Display: ShaderCodeLibraryPakFileMountedCallback: PakFile 'E:/PROGRAMS/Unreal Engine/UE_4.27/FeaturePacks/TP_2DSideScroller.upack' (chunk index -1, root 'root:/') mounted
[2022.10.07-20.05.52:648][  0]LogShaderLibrary: Display: ShaderCodeLibraryPakFileMountedCallback: pending pak file info (ChunkID:-1 Root:root:/ File:E:/PROGRAMS/Unreal Engine/UE_4.27/FeaturePacks/TP_2DSideScroller.upack)
[2022.10.07-20.05.52:648][  0]LogPakFile: OnPakFileMounted2Time == 0.000066
[2022.10.07-20.05.52:650][  0]LogPakFile: PakFile PrimaryIndexSize=192
[2022.10.07-20.05.52:650][  0]LogPakFile: PakFile PathHashIndexSize=101
[2022.10.07-20.05.52:650][  0]LogPakFile: PakFile FullDirectoryIndexSize=158
[2022.10.07-20.05.52:650][  0]LogShaderLibrary: Display: ShaderCodeLibraryPakFileMountedCallback: PakFile 'E:/PROGRAMS/Unreal Engine/UE_4.27/FeaturePacks/TP_2DSideScrollerBP.upack' (chunk index -1, root 'root:/') mounted
[2022.10.07-20.05.52:650][  0]LogShaderLibrary: Display: ShaderCodeLibraryPakFileMountedCallback: pending pak file info (ChunkID:-1 Root:root:/ File:E:/PROGRAMS/Unreal Engine/UE_4.27/FeaturePacks/TP_2DSideScrollerBP.upack)
[2022.10.07-20.05.52:650][  0]LogPakFile: OnPakFileMounted2Time == 0.000078
[2022.10.07-20.05.52:652][  0]LogPakFile: PakFile PrimaryIndexSize=182
[2022.10.07-20.05.52:652][  0]LogPakFile: PakFile PathHashIndexSize=101
[2022.10.07-20.05.52:652][  0]LogPakFile: PakFile FullDirectoryIndexSize=138
[2022.10.07-20.05.52:652][  0]LogShaderLibrary: Display: ShaderCodeLibraryPakFileMountedCallback: PakFile 'E:/PROGRAMS/Unreal Engine/UE_4.27/FeaturePacks/TP_Flying.upack' (chunk index -1, root 'root:/') mounted
[2022.10.07-20.05.52:652][  0]LogShaderLibrary: Display: ShaderCodeLibraryPakFileMountedCallback: pending pak file info (ChunkID:-1 Root:root:/ File:E:/PROGRAMS/Unreal Engine/UE_4.27/FeaturePacks/TP_Flying.upack)
[2022.10.07-20.05.52:652][  0]LogPakFile: OnPakFileMounted2Time == 0.000045
[2022.10.07-20.05.52:654][  0]LogPakFile: PakFile PrimaryIndexSize=184
[2022.10.07-20.05.52:654][  0]LogPakFile: PakFile PathHashIndexSize=101
[2022.10.07-20.05.52:654][  0]LogPakFile: PakFile FullDirectoryIndexSize=142
[2022.10.07-20.05.52:654][  0]LogShaderLibrary: Display: ShaderCodeLibraryPakFileMountedCallback: PakFile 'E:/PROGRAMS/Unreal Engine/UE_4.27/FeaturePacks/TP_FlyingBP.upack' (chunk index -1, root 'root:/') mounted
[2022.10.07-20.05.52:654][  0]LogShaderLibrary: Display: ShaderCodeLibraryPakFileMountedCallback: pending pak file info (ChunkID:-1 Root:root:/ File:E:/PROGRAMS/Unreal Engine/UE_4.27/FeaturePacks/TP_FlyingBP.upack)
[2022.10.07-20.05.52:654][  0]LogPakFile: OnPakFileMounted2Time == 0.000045
[2022.10.07-20.05.52:656][  0]LogPakFile: PakFile PrimaryIndexSize=188
[2022.10.07-20.05.52:656][  0]LogPakFile: PakFile PathHashIndexSize=101
[2022.10.07-20.05.52:656][  0]LogPakFile: PakFile FullDirectoryIndexSize=150
[2022.10.07-20.05.52:657][  0]LogShaderLibrary: Display: ShaderCodeLibraryPakFileMountedCallback: PakFile 'E:/PROGRAMS/Unreal Engine/UE_4.27/FeaturePacks/TP_HandheldARBP.upack' (chunk index -1, root 'root:/') mounted
[2022.10.07-20.05.52:657][  0]LogShaderLibrary: Display: ShaderCodeLibraryPakFileMountedCallback: pending pak file info (ChunkID:-1 Root:root:/ File:E:/PROGRAMS/Unreal Engine/UE_4.27/FeaturePacks/TP_HandheldARBP.upack)
[2022.10.07-20.05.52:657][  0]LogPakFile: OnPakFileMounted2Time == 0.000057
[2022.10.07-20.05.52:659][  0]LogPakFile: PakFile PrimaryIndexSize=182
[2022.10.07-20.05.52:659][  0]LogPakFile: PakFile PathHashIndexSize=101
[2022.10.07-20.05.52:659][  0]LogPakFile: PakFile FullDirectoryIndexSize=138
[2022.10.07-20.05.52:659][  0]LogShaderLibrary: Display: ShaderCodeLibraryPakFileMountedCallback: PakFile 'E:/PROGRAMS/Unreal Engine/UE_4.27/FeaturePacks/TP_Puzzle.upack' (chunk index -1, root 'root:/') mounted
[2022.10.07-20.05.52:659][  0]LogShaderLibrary: Display: ShaderCodeLibraryPakFileMountedCallback: pending pak file info (ChunkID:-1 Root:root:/ File:E:/PROGRAMS/Unreal Engine/UE_4.27/FeaturePacks/TP_Puzzle.upack)
[2022.10.07-20.05.52:659][  0]LogPakFile: OnPakFileMounted2Time == 0.000046
[2022.10.07-20.05.52:661][  0]LogPakFile: PakFile PrimaryIndexSize=184
[2022.10.07-20.05.52:661][  0]LogPakFile: PakFile PathHashIndexSize=101
[2022.10.07-20.05.52:661][  0]LogPakFile: PakFile FullDirectoryIndexSize=142
[2022.10.07-20.05.52:661][  0]LogShaderLibrary: Display: ShaderCodeLibraryPakFileMountedCallback: PakFile 'E:/PROGRAMS/Unreal Engine/UE_4.27/FeaturePacks/TP_PuzzleBP.upack' (chunk index -1, root 'root:/') mounted
[2022.10.07-20.05.52:661][  0]LogShaderLibrary: Display: ShaderCodeLibraryPakFileMountedCallback: pending pak file info (ChunkID:-1 Root:root:/ File:E:/PROGRAMS/Unreal Engine/UE_4.27/FeaturePacks/TP_PuzzleBP.upack)
[2022.10.07-20.05.52:661][  0]LogPakFile: OnPakFileMounted2Time == 0.000039
[2022.10.07-20.05.52:663][  0]LogPakFile: PakFile PrimaryIndexSize=183
[2022.10.07-20.05.52:663][  0]LogPakFile: PakFile PathHashIndexSize=101
[2022.10.07-20.05.52:663][  0]LogPakFile: PakFile FullDirectoryIndexSize=140
[2022.10.07-20.05.52:663][  0]LogShaderLibrary: Display: ShaderCodeLibraryPakFileMountedCallback: PakFile 'E:/PROGRAMS/Unreal Engine/UE_4.27/FeaturePacks/TP_Rolling.upack' (chunk index -1, root 'root:/') mounted
[2022.10.07-20.05.52:663][  0]LogShaderLibrary: Display: ShaderCodeLibraryPakFileMountedCallback: pending pak file info (ChunkID:-1 Root:root:/ File:E:/PROGRAMS/Unreal Engine/UE_4.27/FeaturePacks/TP_Rolling.upack)
[2022.10.07-20.05.52:663][  0]LogPakFile: OnPakFileMounted2Time == 0.000041
[2022.10.07-20.05.52:664][  0]LogPakFile: PakFile PrimaryIndexSize=185
[2022.10.07-20.05.52:664][  0]LogPakFile: PakFile PathHashIndexSize=101
[2022.10.07-20.05.52:664][  0]LogPakFile: PakFile FullDirectoryIndexSize=144
[2022.10.07-20.05.52:664][  0]LogShaderLibrary: Display: ShaderCodeLibraryPakFileMountedCallback: PakFile 'E:/PROGRAMS/Unreal Engine/UE_4.27/FeaturePacks/TP_RollingBP.upack' (chunk index -1, root 'root:/') mounted
[2022.10.07-20.05.52:664][  0]LogShaderLibrary: Display: ShaderCodeLibraryPakFileMountedCallback: pending pak file info (ChunkID:-1 Root:root:/ File:E:/PROGRAMS/Unreal Engine/UE_4.27/FeaturePacks/TP_RollingBP.upack)
[2022.10.07-20.05.52:664][  0]LogPakFile: OnPakFileMounted2Time == 0.000036
[2022.10.07-20.05.52:666][  0]LogPakFile: PakFile PrimaryIndexSize=188
[2022.10.07-20.05.52:666][  0]LogPakFile: PakFile PathHashIndexSize=101
[2022.10.07-20.05.52:666][  0]LogPakFile: PakFile FullDirectoryIndexSize=150
[2022.10.07-20.05.52:666][  0]LogShaderLibrary: Display: ShaderCodeLibraryPakFileMountedCallback: PakFile 'E:/PROGRAMS/Unreal Engine/UE_4.27/FeaturePacks/TP_SideScroller.upack' (chunk index -1, root 'root:/') mounted
[2022.10.07-20.05.52:666][  0]LogShaderLibrary: Display: ShaderCodeLibraryPakFileMountedCallback: pending pak file info (ChunkID:-1 Root:root:/ File:E:/PROGRAMS/Unreal Engine/UE_4.27/FeaturePacks/TP_SideScroller.upack)
[2022.10.07-20.05.52:666][  0]LogPakFile: OnPakFileMounted2Time == 0.000036
[2022.10.07-20.05.52:668][  0]LogPakFile: PakFile PrimaryIndexSize=190
[2022.10.07-20.05.52:668][  0]LogPakFile: PakFile PathHashIndexSize=101
[2022.10.07-20.05.52:668][  0]LogPakFile: PakFile FullDirectoryIndexSize=154
[2022.10.07-20.05.52:668][  0]LogShaderLibrary: Display: ShaderCodeLibraryPakFileMountedCallback: PakFile 'E:/PROGRAMS/Unreal Engine/UE_4.27/FeaturePacks/TP_SideScrollerBP.upack' (chunk index -1, root 'root:/') mounted
[2022.10.07-20.05.52:668][  0]LogShaderLibrary: Display: ShaderCodeLibraryPakFileMountedCallback: pending pak file info (ChunkID:-1 Root:root:/ File:E:/PROGRAMS/Unreal Engine/UE_4.27/FeaturePacks/TP_SideScrollerBP.upack)
[2022.10.07-20.05.52:668][  0]LogPakFile: OnPakFileMounted2Time == 0.000036
[2022.10.07-20.05.52:670][  0]LogPakFile: PakFile PrimaryIndexSize=187
[2022.10.07-20.05.52:670][  0]LogPakFile: PakFile PathHashIndexSize=101
[2022.10.07-20.05.52:670][  0]LogPakFile: PakFile FullDirectoryIndexSize=148
[2022.10.07-20.05.52:670][  0]LogShaderLibrary: Display: ShaderCodeLibraryPakFileMountedCallback: PakFile 'E:/PROGRAMS/Unreal Engine/UE_4.27/FeaturePacks/TP_ThirdPerson.upack' (chunk index -1, root 'root:/') mounted
[2022.10.07-20.05.52:670][  0]LogShaderLibrary: Display: ShaderCodeLibraryPakFileMountedCallback: pending pak file info (ChunkID:-1 Root:root:/ File:E:/PROGRAMS/Unreal Engine/UE_4.27/FeaturePacks/TP_ThirdPerson.upack)
[2022.10.07-20.05.52:670][  0]LogPakFile: OnPakFileMounted2Time == 0.000045
[2022.10.07-20.05.52:671][  0]LogPakFile: PakFile PrimaryIndexSize=189
[2022.10.07-20.05.52:671][  0]LogPakFile: PakFile PathHashIndexSize=101
[2022.10.07-20.05.52:671][  0]LogPakFile: PakFile FullDirectoryIndexSize=152
[2022.10.07-20.05.52:671][  0]LogShaderLibrary: Display: ShaderCodeLibraryPakFileMountedCallback: PakFile 'E:/PROGRAMS/Unreal Engine/UE_4.27/FeaturePacks/TP_ThirdPersonBP.upack' (chunk index -1, root 'root:/') mounted
[2022.10.07-20.05.52:671][  0]LogShaderLibrary: Display: ShaderCodeLibraryPakFileMountedCallback: pending pak file info (ChunkID:-1 Root:root:/ File:E:/PROGRAMS/Unreal Engine/UE_4.27/FeaturePacks/TP_ThirdPersonBP.upack)
[2022.10.07-20.05.52:672][  0]LogPakFile: OnPakFileMounted2Time == 0.000043
[2022.10.07-20.05.52:673][  0]LogPakFile: PakFile PrimaryIndexSize=183
[2022.10.07-20.05.52:673][  0]LogPakFile: PakFile PathHashIndexSize=101
[2022.10.07-20.05.52:673][  0]LogPakFile: PakFile FullDirectoryIndexSize=140
[2022.10.07-20.05.52:673][  0]LogShaderLibrary: Display: ShaderCodeLibraryPakFileMountedCallback: PakFile 'E:/PROGRAMS/Unreal Engine/UE_4.27/FeaturePacks/TP_TopDown.upack' (chunk index -1, root 'root:/') mounted
[2022.10.07-20.05.52:673][  0]LogShaderLibrary: Display: ShaderCodeLibraryPakFileMountedCallback: pending pak file info (ChunkID:-1 Root:root:/ File:E:/PROGRAMS/Unreal Engine/UE_4.27/FeaturePacks/TP_TopDown.upack)
[2022.10.07-20.05.52:673][  0]LogPakFile: OnPakFileMounted2Time == 0.000048
[2022.10.07-20.05.52:675][  0]LogPakFile: PakFile PrimaryIndexSize=185
[2022.10.07-20.05.52:675][  0]LogPakFile: PakFile PathHashIndexSize=101
[2022.10.07-20.05.52:675][  0]LogPakFile: PakFile FullDirectoryIndexSize=144
[2022.10.07-20.05.52:675][  0]LogShaderLibrary: Display: ShaderCodeLibraryPakFileMountedCallback: PakFile 'E:/PROGRAMS/Unreal Engine/UE_4.27/FeaturePacks/TP_TopDownBP.upack' (chunk index -1, root 'root:/') mounted
[2022.10.07-20.05.52:675][  0]LogShaderLibrary: Display: ShaderCodeLibraryPakFileMountedCallback: pending pak file info (ChunkID:-1 Root:root:/ File:E:/PROGRAMS/Unreal Engine/UE_4.27/FeaturePacks/TP_TopDownBP.upack)
[2022.10.07-20.05.52:675][  0]LogPakFile: OnPakFileMounted2Time == 0.000048
[2022.10.07-20.05.52:677][  0]LogPakFile: PakFile PrimaryIndexSize=185
[2022.10.07-20.05.52:677][  0]LogPakFile: PakFile PathHashIndexSize=101
[2022.10.07-20.05.52:677][  0]LogPakFile: PakFile FullDirectoryIndexSize=144
[2022.10.07-20.05.52:678][  0]LogShaderLibrary: Display: ShaderCodeLibraryPakFileMountedCallback: PakFile 'E:/PROGRAMS/Unreal Engine/UE_4.27/FeaturePacks/TP_TwinStick.upack' (chunk index -1, root 'root:/') mounted
[2022.10.07-20.05.52:678][  0]LogShaderLibrary: Display: ShaderCodeLibraryPakFileMountedCallback: pending pak file info (ChunkID:-1 Root:root:/ File:E:/PROGRAMS/Unreal Engine/UE_4.27/FeaturePacks/TP_TwinStick.upack)
[2022.10.07-20.05.52:678][  0]LogPakFile: OnPakFileMounted2Time == 0.000069
[2022.10.07-20.05.52:680][  0]LogPakFile: PakFile PrimaryIndexSize=187
[2022.10.07-20.05.52:680][  0]LogPakFile: PakFile PathHashIndexSize=101
[2022.10.07-20.05.52:680][  0]LogPakFile: PakFile FullDirectoryIndexSize=148
[2022.10.07-20.05.52:680][  0]LogShaderLibrary: Display: ShaderCodeLibraryPakFileMountedCallback: PakFile 'E:/PROGRAMS/Unreal Engine/UE_4.27/FeaturePacks/TP_TwinStickBP.upack' (chunk index -1, root 'root:/') mounted
[2022.10.07-20.05.52:680][  0]LogShaderLibrary: Display: ShaderCodeLibraryPakFileMountedCallback: pending pak file info (ChunkID:-1 Root:root:/ File:E:/PROGRAMS/Unreal Engine/UE_4.27/FeaturePacks/TP_TwinStickBP.upack)
[2022.10.07-20.05.52:680][  0]LogPakFile: OnPakFileMounted2Time == 0.000047
[2022.10.07-20.05.52:681][  0]LogPakFile: PakFile PrimaryIndexSize=183
[2022.10.07-20.05.52:681][  0]LogPakFile: PakFile PathHashIndexSize=101
[2022.10.07-20.05.52:681][  0]LogPakFile: PakFile FullDirectoryIndexSize=140
[2022.10.07-20.05.52:681][  0]LogShaderLibrary: Display: ShaderCodeLibraryPakFileMountedCallback: PakFile 'E:/PROGRAMS/Unreal Engine/UE_4.27/FeaturePacks/TP_Vehicle.upack' (chunk index -1, root 'root:/') mounted
[2022.10.07-20.05.52:681][  0]LogShaderLibrary: Display: ShaderCodeLibraryPakFileMountedCallback: pending pak file info (ChunkID:-1 Root:root:/ File:E:/PROGRAMS/Unreal Engine/UE_4.27/FeaturePacks/TP_Vehicle.upack)
[2022.10.07-20.05.52:681][  0]LogPakFile: OnPakFileMounted2Time == 0.000040
[2022.10.07-20.05.52:683][  0]LogPakFile: PakFile PrimaryIndexSize=186
[2022.10.07-20.05.52:683][  0]LogPakFile: PakFile PathHashIndexSize=101
[2022.10.07-20.05.52:683][  0]LogPakFile: PakFile FullDirectoryIndexSize=146
[2022.10.07-20.05.52:683][  0]LogShaderLibrary: Display: ShaderCodeLibraryPakFileMountedCallback: PakFile 'E:/PROGRAMS/Unreal Engine/UE_4.27/FeaturePacks/TP_VehicleAdv.upack' (chunk index -1, root 'root:/') mounted
[2022.10.07-20.05.52:683][  0]LogShaderLibrary: Display: ShaderCodeLibraryPakFileMountedCallback: pending pak file info (ChunkID:-1 Root:root:/ File:E:/PROGRAMS/Unreal Engine/UE_4.27/FeaturePacks/TP_VehicleAdv.upack)
[2022.10.07-20.05.52:683][  0]LogPakFile: OnPakFileMounted2Time == 0.000051
[2022.10.07-20.05.52:685][  0]LogPakFile: PakFile PrimaryIndexSize=188
[2022.10.07-20.05.52:685][  0]LogPakFile: PakFile PathHashIndexSize=101
[2022.10.07-20.05.52:685][  0]LogPakFile: PakFile FullDirectoryIndexSize=150
[2022.10.07-20.05.52:685][  0]LogShaderLibrary: Display: ShaderCodeLibraryPakFileMountedCallback: PakFile 'E:/PROGRAMS/Unreal Engine/UE_4.27/FeaturePacks/TP_VehicleAdvBP.upack' (chunk index -1, root 'root:/') mounted
[2022.10.07-20.05.52:685][  0]LogShaderLibrary: Display: ShaderCodeLibraryPakFileMountedCallback: pending pak file info (ChunkID:-1 Root:root:/ File:E:/PROGRAMS/Unreal Engine/UE_4.27/FeaturePacks/TP_VehicleAdvBP.upack)
[2022.10.07-20.05.52:686][  0]LogPakFile: OnPakFileMounted2Time == 0.000057
[2022.10.07-20.05.52:687][  0]LogPakFile: PakFile PrimaryIndexSize=185
[2022.10.07-20.05.52:687][  0]LogPakFile: PakFile PathHashIndexSize=101
[2022.10.07-20.05.52:687][  0]LogPakFile: PakFile FullDirectoryIndexSize=144
[2022.10.07-20.05.52:687][  0]LogShaderLibrary: Display: ShaderCodeLibraryPakFileMountedCallback: PakFile 'E:/PROGRAMS/Unreal Engine/UE_4.27/FeaturePacks/TP_VehicleBP.upack' (chunk index -1, root 'root:/') mounted
[2022.10.07-20.05.52:687][  0]LogShaderLibrary: Display: ShaderCodeLibraryPakFileMountedCallback: pending pak file info (ChunkID:-1 Root:root:/ File:E:/PROGRAMS/Unreal Engine/UE_4.27/FeaturePacks/TP_VehicleBP.upack)
[2022.10.07-20.05.52:687][  0]LogPakFile: OnPakFileMounted2Time == 0.000054
[2022.10.07-20.05.52:689][  0]LogPakFile: PakFile PrimaryIndexSize=192
[2022.10.07-20.05.52:689][  0]LogPakFile: PakFile PathHashIndexSize=101
[2022.10.07-20.05.52:689][  0]LogPakFile: PakFile FullDirectoryIndexSize=158
[2022.10.07-20.05.52:689][  0]LogShaderLibrary: Display: ShaderCodeLibraryPakFileMountedCallback: PakFile 'E:/PROGRAMS/Unreal Engine/UE_4.27/FeaturePacks/TP_VirtualRealityBP.upack' (chunk index -1, root 'root:/') mounted
[2022.10.07-20.05.52:689][  0]LogShaderLibrary: Display: ShaderCodeLibraryPakFileMountedCallback: pending pak file info (ChunkID:-1 Root:root:/ File:E:/PROGRAMS/Unreal Engine/UE_4.27/FeaturePacks/TP_VirtualRealityBP.upack)
[2022.10.07-20.05.52:689][  0]LogPakFile: OnPakFileMounted2Time == 0.000046
[2022.10.07-20.05.52:834][  0]LogNativeClassHierarchy: Verbose: Native class hierarchy updated for 'AddContentDialog' in 0.0004 seconds. Added 0 classes and 0 folders.
[2022.10.07-20.05.52:836][  0]LogNativeClassHierarchy: Verbose: Native class hierarchy updated for 'SceneOutliner' in 0.0004 seconds. Added 2 classes and 0 folders.
[2022.10.07-20.05.52:868][  0]LogSlate: Took 0.001005 seconds to synchronously load lazily loaded font '../../../Engine/Content/Slate/Fonts/Roboto-Regular.ttf' (155K)
[2022.10.07-20.05.52:871][  0]LogSlate: Took 0.000782 seconds to synchronously load lazily loaded font '../../../Engine/Content/Editor/Slate/Fonts/FontAwesome.ttf' (139K)
[2022.10.07-20.05.52:873][  0]LogSlate: Took 0.000766 seconds to synchronously load lazily loaded font '../../../Engine/Content/Slate/Fonts/Roboto-Bold.ttf' (160K)
[2022.10.07-20.05.53:028][  0]LogRenderer: Reallocating scene render targets to support 1032x572 Format 10 NumSamples 1 (Frame:1).
[2022.10.07-20.05.53:801][  0]LogSlate: Took 0.000752 seconds to synchronously load lazily loaded font '../../../Engine/Content/Slate/Fonts/Roboto-Light.ttf' (167K)
[2022.10.07-20.05.53:864][  0]LogNativeClassHierarchy: Verbose: Native class hierarchy updated for 'HierarchicalLODOutliner' in 0.0004 seconds. Added 0 classes and 0 folders.
[2022.10.07-20.05.53:865][  0]LogLoad: (Engine Initialization) Total time: 15.12 seconds
[2022.10.07-20.05.53:865][  0]LogLoad: (Engine Initialization) Total Blueprint compile time: 0.00 seconds
[2022.10.07-20.05.53:955][  0]LogContentStreaming: Texture pool size now 1000 MB
[2022.10.07-20.05.53:994][  1]LogAssetRegistry: Asset discovery search completed in 8.6407 seconds
[2022.10.07-20.05.54:004][  1]LogCollectionManager: Fixed up redirectors for 0 collections in 0.000001 seconds (updated 0 objects)
[2022.10.07-20.05.54:897][ 12]LogSlate: Took 0.000376 seconds to synchronously load lazily loaded font '../../../Engine/Content/Slate/Fonts/Roboto-Light.ttf' (167K)
[2022.10.07-20.06.13:253][986]LogUObjectHash: Compacting FUObjectHashTables data took   0.77ms
[2022.10.07-20.06.17:388][986]LogSlate: Window 'Delete Assets' being destroyed
